compiled at the node:
fe1

Currently Loaded Modules:
  1) intel/18.0.5.274   3) szip/2.1     5) netcdf/4.2.1.1   7) nco/4.1.0
  2) impi/2018.4.274    4) hdf5/1.8.9   6) pnetcdf/1.6.1    8) cnvgrib/1.4.0

 


The branch name:
* master

The commit ID:
commit 85f38c0e36ea4365f0c46ef637174fef4fce8c14

git status:
On branch master
Your branch is up to date with 'origin/master'.

Changes not staged for commit:
  (use "git add/rm <file>..." to update what will be committed)
  (use "git checkout -- <file>..." to discard changes in working directory)
  (commit or discard the untracked or modified content in submodules)

	modified:   ../CMakeLists.txt
	modified:   ../cmake/Modules/platforms/Generic.cmake
	modified:   ../fix (modified content)
	modified:   ../jobs/JGDAS_ENKF_FCST
	modified:   ../jobs/JGDAS_ENKF_POST
	modified:   ../jobs/JGDAS_ENKF_RECENTER
	modified:   ../jobs/JGDAS_ENKF_SURFACE
	modified:   ../jobs/JGLOBAL_ANALCALC
	modified:   ../jobs/JGLOBAL_ANALDIAG
	modified:   ../jobs/JGLOBAL_ANALYSIS
	modified:   ../jobs/JGLOBAL_ENKF_ANALDIAG
	modified:   ../jobs/JGLOBAL_ENKF_INNOVATE_OBS
	modified:   ../jobs/JGLOBAL_ENKF_SELECT_OBS
	modified:   ../jobs/JGLOBAL_ENKF_UPDATE
	modified:   ../libsrc (modified content, untracked content)
	modified:   ../regression/arw_binary.sh
	modified:   ../regression/arw_netcdf.sh
	modified:   ../regression/global_4denvar_T126.sh
	modified:   ../regression/global_4dvar_T62.sh
	modified:   ../regression/global_C96_fv3aero.sh
	modified:   ../regression/global_C96_fv3aerorad.sh
	modified:   ../regression/global_T62.sh
	modified:   ../regression/global_T62_ozonly.sh
	modified:   ../regression/global_enkf_T62.sh
	modified:   ../regression/global_fv3_4denvar_C192.sh
	modified:   ../regression/global_fv3_4denvar_T126.sh
	modified:   ../regression/global_hybrid_T126.sh
	modified:   ../regression/global_lanczos_T62.sh
	modified:   ../regression/global_nemsio_T62.sh
	modified:   ../regression/hwrf_nmm_d2.sh
	modified:   ../regression/hwrf_nmm_d3.sh
	modified:   ../regression/multi_regression.sh
	modified:   ../regression/netcdf_fv3_regional.sh
	modified:   ../regression/nmm_binary.sh
	modified:   ../regression/nmm_netcdf.sh
	modified:   ../regression/nmmb_nems_4denvar.sh
	modified:   ../regression/regression_driver.sh
	modified:   ../regression/regression_namelists.sh
	modified:   ../regression/regression_namelists_db.sh
	modified:   ../regression/regression_nl_update.sh
	modified:   ../regression/regression_param.sh
	modified:   ../regression/regression_test.sh
	modified:   ../regression/regression_test_enkf.sh
	modified:   ../regression/regression_var.sh
	modified:   ../regression/regression_wait.sh
	modified:   ../regression/rtma.sh
	modified:   ../scripts/exglobal_analcalc_fv3gfs.sh.ecf
	modified:   ../scripts/exglobal_analdiag_fv3gfs.sh.ecf
	modified:   ../scripts/exglobal_analysis.sh.ecf
	modified:   ../scripts/exglobal_analysis_fv3gfs.sh.ecf
	modified:   ../scripts/exglobal_enkf_fcst.sh.ecf
	modified:   ../scripts/exglobal_enkf_fcst_fv3gfs.sh.ecf
	modified:   ../scripts/exglobal_enkf_fcst_nems.sh.ecf
	modified:   ../scripts/exglobal_enkf_inflate_recenter.sh.ecf
	modified:   ../scripts/exglobal_enkf_innovate_obs.sh.ecf
	modified:   ../scripts/exglobal_enkf_innovate_obs_fv3gfs.sh.ecf
	modified:   ../scripts/exglobal_enkf_post.sh.ecf
	modified:   ../scripts/exglobal_enkf_post_fv3gfs.sh.ecf
	modified:   ../scripts/exglobal_enkf_recenter_fv3gfs.sh.ecf
	modified:   ../scripts/exglobal_enkf_surface_fv3gfs.sh.ecf
	modified:   ../scripts/exglobal_enkf_update.sh.ecf
	modified:   ../scripts/exglobal_enkf_update_fv3gfs.sh.ecf
	modified:   ../scripts/exglobal_innovate_obs_fv3gfs.sh.ecf
	modified:   ../scripts/exurma2p5_gsianl.sh.ecf
	modified:   ../src/GSD/gsdcloud/configure
	modified:   ../src/GSD/gsdcloud/constants.f90
	modified:   ../src/GSD/gsdcloud/kinds.f90
	modified:   ../src/GSD/gsdcloud4nmmb/ARPS_cldLib.f90
	modified:   ../src/GSD/gsdcloud4nmmb/BackgroundCld.f90
	modified:   ../src/GSD/gsdcloud4nmmb/BckgrndCC.f90
	modified:   ../src/GSD/gsdcloud4nmmb/CheckCld.f90
	modified:   ../src/GSD/gsdcloud4nmmb/PrecipMxr_radar.f90
	modified:   ../src/GSD/gsdcloud4nmmb/PrecipType.f90
	modified:   ../src/GSD/gsdcloud4nmmb/TempAdjust.f90
	modified:   ../src/GSD/gsdcloud4nmmb/adaslib.f90
	modified:   ../src/GSD/gsdcloud4nmmb/build_missing_REFcone.f90
	modified:   ../src/GSD/gsdcloud4nmmb/cloudCover_NESDIS.f90
	modified:   ../src/GSD/gsdcloud4nmmb/cloudCover_Surface.f90
	modified:   ../src/GSD/gsdcloud4nmmb/cloudCover_radar.f90
	modified:   ../src/GSD/gsdcloud4nmmb/cloudLWC.f90
	modified:   ../src/GSD/gsdcloud4nmmb/cloudLayers.f90
	modified:   ../src/GSD/gsdcloud4nmmb/cloudType.f90
	modified:   ../src/GSD/gsdcloud4nmmb/cloud_saturation.f90
	modified:   ../src/GSD/gsdcloud4nmmb/constants.f90
	modified:   ../src/GSD/gsdcloud4nmmb/convert_lghtn2ref.f90
	modified:   ../src/GSD/gsdcloud4nmmb/convert_lghtn2ref_nmmb.f90
	modified:   ../src/GSD/gsdcloud4nmmb/diff.sh
	modified:   ../src/GSD/gsdcloud4nmmb/get_sfm_1d_gnl.f90
	modified:   ../src/GSD/gsdcloud4nmmb/hydro_mxr_thompson.f90
	modified:   ../src/GSD/gsdcloud4nmmb/make.dependencies
	modified:   ../src/GSD/gsdcloud4nmmb/make.filelist
	modified:   ../src/GSD/gsdcloud4nmmb/makefile
	modified:   ../src/GSD/gsdcloud4nmmb/map_ctp.f90
	modified:   ../src/GSD/gsdcloud4nmmb/mthermo.f90
	modified:   ../src/GSD/gsdcloud4nmmb/pbl_height.f90
	modified:   ../src/GSD/gsdcloud4nmmb/pcp_mxr_ARPSlib.f90
	modified:   ../src/GSD/gsdcloud4nmmb/radar_ref2tten.f90
	modified:   ../src/GSD/gsdcloud4nmmb/read_Lightning_cld.f90
	modified:   ../src/GSD/gsdcloud4nmmb/read_Lightningbufr_cld.f90
	modified:   ../src/GSD/gsdcloud4nmmb/read_NESDIS.f90
	modified:   ../src/GSD/gsdcloud4nmmb/read_Surface.f90
	modified:   ../src/GSD/gsdcloud4nmmb/read_nasalarc_cld.f90
	modified:   ../src/GSD/gsdcloud4nmmb/read_radar_ref.f90
	modified:   ../src/GSD/gsdcloud4nmmb/smooth.f90
	modified:   ../src/GSD/gsdcloud4nmmb/vinterp_radar_ref.f90
	modified:   ../src/enkf/configure
	modified:   ../src/enkf/enkf.f90
	modified:   ../src/enkf/gridinfo_fv3reg.f90
	modified:   ../src/enkf/gridio_fv3reg.f90
	modified:   ../src/enkf/observer_fv3reg.f90
	modified:   ../src/enkf/read_fv3reg_restarts.f90
	modified:   ../src/enkf/readconvobs.f90
	modified:   ../src/enkf/write_fv3reg_restarts.f90
	modified:   ../src/gsi/anisofilter.f90
	modified:   ../src/gsi/bicglanczos.F90
	modified:   ../src/gsi/configure
	modified:   ../src/gsi/convinfo.f90
	modified:   ../src/gsi/cplr_get_fv3_regional_ensperts.f90
	modified:   ../src/gsi/cplr_read_wrf_mass_guess.f90
	modified:   ../src/gsi/cplr_wrf_netcdf_interface.f90
	modified:   ../src/gsi/general_read_gfsatm.f90
	modified:   ../src/gsi/gridmod.F90
	modified:   ../src/gsi/gsi_dbzOper.F90
	modified:   ../src/gsi/gsi_rfv3io_mod.f90
	modified:   ../src/gsi/gsimod.F90
	modified:   ../src/gsi/jgrad.f90
	modified:   ../src/gsi/lightinfo.f90
	modified:   ../src/gsi/mod_fv3_lola.f90
	modified:   ../src/gsi/ncepnems_io.f90
	modified:   ../src/gsi/pietc.f90
	modified:   ../src/gsi/pmat.f90
	modified:   ../src/gsi/pvqc.f90
	modified:   ../src/gsi/pvqc_tables.f90
	modified:   ../src/gsi/read_amsre.f90
	modified:   ../src/gsi/read_avhrr.f90
	modified:   ../src/gsi/read_dbz_nc.f90
	modified:   ../src/gsi/read_ssmi.f90
	modified:   ../src/gsi/read_ssmis.f90
	modified:   ../src/gsi/setupcldtot.F90
	modified:   ../src/gsi/setupdbz.f90
	modified:   ../unit-tests/PFUNIT/bin/pFUnitParser.py
	modified:   ../unit-tests/PFUNIT/bin/parseDirectiveArgs.py
	modified:   ../unit-tests/data/test_adjoint/pcpinfo
	modified:   ../ush/EnKF/analupdate.sh
	modified:   ../ush/EnKF/arch.sh
	modified:   ../ush/EnKF/check_fgfiles_serial.sh
	modified:   ../ush/EnKF/check_obsfiles_serial.sh
	modified:   ../ush/EnKF/current.enkfparms
	modified:   ../ush/EnKF/dateutils.py
	modified:   ../ush/EnKF/drive_gfs
	modified:   ../ush/EnKF/drive_gsi
	modified:   ../ush/EnKF/enkfa5.parms
	modified:   ../ush/EnKF/enkfdriver.sh
	modified:   ../ush/EnKF/firstges_multi.sh
	modified:   ../ush/EnKF/get_enkf_ic.sh
	modified:   ../ush/EnKF/gfscontrol.sh
	modified:   ../ush/EnKF/global_chgres.sh
	modified:   ../ush/EnKF/global_chgresp.sh
	modified:   ../ush/EnKF/global_cycle.sh
	modified:   ../ush/EnKF/global_cyclep.sh
	modified:   ../ush/EnKF/global_postgp.sh
	modified:   ../ush/EnKF/global_postgpp.sh
	modified:   ../ush/EnKF/incdate
	modified:   ../ush/EnKF/obsproc_ensmean.sh
	modified:   ../ush/EnKF/obsproc_multi.sh
	modified:   ../ush/EnKF/para_config.gdas_enkf_fcst
	modified:   ../ush/EnKF/para_config.gdas_enkf_inflate_recenter
	modified:   ../ush/EnKF/para_config.gdas_enkf_innovate_obs
	modified:   ../ush/EnKF/para_config.gdas_enkf_post
	modified:   ../ush/EnKF/para_config.gdas_enkf_select_obs
	modified:   ../ush/EnKF/para_config.gdas_enkf_update
	modified:   ../ush/EnKF/randates.py
	modified:   ../ush/EnKF/rerun_fg.sh
	modified:   ../ush/EnKF/rhist_saveenkf.sh
	modified:   ../ush/EnKF/run_enkf
	modified:   ../ush/EnKF/run_enkfupdate_convonly.sh
	modified:   ../ush/EnKF/run_enkfupdate_testcase.sh
	modified:   ../ush/EnKF/run_fg_gfs
	modified:   ../ush/EnKF/run_fg_gfs_multi.sh
	modified:   ../ush/EnKF/run_gfs
	modified:   ../ush/EnKF/run_gsi
	modified:   ../ush/EnKF/runenkf_trunk.sh
	modified:   ../ush/EnKF/runobs_multi.csh
	modified:   ../ush/EnKF/sub_gfsctrlhigh.sh
	modified:   ../ush/EnKF/test.py
	modified:   ../ush/EnKF/test_gdas_enkf_fcst.sh
	modified:   ../ush/EnKF/test_gdas_enkf_inflate_recenter.sh
	modified:   ../ush/EnKF/test_gdas_enkf_innovate_obs.sh
	modified:   ../ush/EnKF/test_gdas_enkf_post.sh
	modified:   ../ush/EnKF/test_gdas_enkf_select_obs.sh
	modified:   ../ush/EnKF/test_gdas_enkf_update.sh
	modified:   ../ush/Get_Initial_Files
	modified:   ../ush/build.comgsi
	modified:   ../ush/build_all_cmake.sh
	modified:   ../ush/calcanl_gfs.py
	modified:   ../ush/calcinc_gfs.py
	modified:   ../ush/comenkf_namelist.sh
	modified:   ../ush/comenkf_namelist_gfs.sh
	modified:   ../ush/comenkf_run_gfs.ksh
	modified:   ../ush/comenkf_run_regional.ksh
	modified:   ../ush/comgsi_namelist.sh
	modified:   ../ush/comgsi_namelist_chem.sh
	modified:   ../ush/comgsi_namelist_gfs.sh
	modified:   ../ush/comgsi_run_chem.ksh
	modified:   ../ush/comgsi_run_gfs.ksh
	modified:   ../ush/comgsi_run_regional.ksh
	modified:   ../ush/getgfsnctime
	modified:   ../ush/getncdimlen
	modified:   ../ush/gfs_truncate_enkf.sh
	modified:   ../ush/link_crtm_coeffs.sh
	modified:   ../ush/llsub_gsi_cmaq.sh
	modified:   ../ush/para_config.gfs_analysis
	modified:   ../ush/run_arw_netcdf_hybens_testcase.sh
	modified:   ../ush/rungsi62_prod.sh
	modified:   ../ush/rungsi_globalprod.sh
	modified:   ../ush/rungsi_nems_nmmb.sh
	modified:   ../ush/rungsi_nmm_binary.sh
	modified:   ../ush/rungsi_nmmprod.sh
	modified:   ../ush/sub_discover
	modified:   ../ush/sub_hera
	modified:   ../ush/sub_ncar
	modified:   ../ush/sub_s4
	modified:   ../ush/sub_wcoss
	modified:   ../ush/sub_wcoss_c
	modified:   ../ush/sub_wcoss_d
	modified:   ../ush/test_gdas_analysis_high.sh
	modified:   ../ush/test_gfs_analysis.sh
	modified:   ../util/AeroDA/calc_increment_ens.fd/configure
	modified:   ../util/Analysis_Utilities/plots_ncl/fill_nmm_grid2.ncl
	modified:   ../util/Analysis_Utilities/plots_py/plot_global_inc.py
	modified:   ../util/Baseline/check_build.pl
	modified:   ../util/Config/CVSTAG_install.pl
	modified:   ../util/Config/ESMA_arch.mk
	modified:   ../util/Config/ESMA_base.mk
	modified:   ../util/Config/GNUmakefile
	modified:   ../util/Config/endiantest.pl
	modified:   ../util/Config/esma_tgraph.pl
	modified:   ../util/Config/esma_timer.sh
	modified:   ../util/Config/fdp
	modified:   ../util/Config/gmh.pl
	modified:   ../util/Config/install_fdp
	modified:   ../util/Config/mklpath.pl
	modified:   ../util/Config/protex
	modified:   ../util/Conventional_Monitor/ConMon_install.pl
	modified:   ../util/Conventional_Monitor/data_extract/ush/ConMon_DE.sh
	modified:   ../util/Conventional_Monitor/data_extract/ush/Run_ConMon_DE.sh
	modified:   ../util/Conventional_Monitor/data_extract/ush/find_cycle.pl
	modified:   ../util/Conventional_Monitor/data_extract/ush/onprod.sh
	modified:   ../util/Conventional_Monitor/get_hostname.pl
	modified:   ../util/Conventional_Monitor/image_gen/gscripts/plot_hist.gs
	modified:   ../util/Conventional_Monitor/image_gen/html/CMon_Install_html.sh
	modified:   ../util/Conventional_Monitor/image_gen/html/index.html
	modified:   ../util/Conventional_Monitor/image_gen/html/intro_horz.html
	modified:   ../util/Conventional_Monitor/image_gen/sorc/read_ps/makefile.read_ps
	modified:   ../util/Conventional_Monitor/image_gen/sorc/read_pw/makefile.read_pw
	modified:   ../util/Conventional_Monitor/image_gen/sorc/read_q/makefile.read_q
	modified:   ../util/Conventional_Monitor/image_gen/sorc/read_uv/makefile.read_uv
	modified:   ../util/Conventional_Monitor/image_gen/ush/ConMon_IG.sh
	modified:   ../util/Conventional_Monitor/image_gen/ush/Transfer.sh
	modified:   ../util/Conventional_Monitor/image_gen/ush/find_cycle.pl
	modified:   ../util/Conventional_Monitor/image_gen/ush/g2ctl.pl
	modified:   ../util/Conventional_Monitor/image_gen/ush/grib2ctl.pl
	modified:   ../util/Conventional_Monitor/image_gen/ush/make_tdef.sh
	modified:   ../util/Conventional_Monitor/image_gen/ush/make_timesers_ctl.sh
	modified:   ../util/Conventional_Monitor/image_gen/ush/mk_horz_hist.sh
	modified:   ../util/Conventional_Monitor/image_gen/ush/mk_time_vert.sh
	modified:   ../util/Conventional_Monitor/image_gen/ush/onprod.sh
	modified:   ../util/Conventional_Monitor/image_gen/ush/plot_hist.sh
	modified:   ../util/Conventional_Monitor/image_gen/ush/plot_horz.sh
	modified:   ../util/Conventional_Monitor/image_gen/ush/plot_horz_uv.sh
	modified:   ../util/Conventional_Monitor/image_gen/ush/plot_time.sh
	modified:   ../util/Conventional_Monitor/image_gen/ush/plot_time_ps.sh
	modified:   ../util/Conventional_Monitor/image_gen/ush/plot_vert.sh
	modified:   ../util/Conventional_Monitor/image_gen/ush/query_data_map.pl
	modified:   ../util/Conventional_Monitor/image_gen/ush/read_scatter.sh
	modified:   ../util/Conventional_Monitor/image_gen/ush/run_plot_gdas.sh
	modified:   ../util/Conventional_Monitor/image_gen/ush/run_transfer_gdas.sh
	modified:   ../util/Conventional_Monitor/image_gen/ush/update_data_map.pl
	modified:   ../util/Conventional_Monitor/makeall.sh
	modified:   ../util/Conventional_Monitor/nwprod/cmon_shared.v1.0.0/sorc/conv_time/makefile.conv_time
	modified:   ../util/Conventional_Monitor/nwprod/cmon_shared.v1.0.0/sorc/grads_lev/makefile.grads_lev
	modified:   ../util/Conventional_Monitor/nwprod/cmon_shared.v1.0.0/sorc/grads_mandlev/makefile.grads_mandlev
	modified:   ../util/Conventional_Monitor/nwprod/cmon_shared.v1.0.0/sorc/grads_sfc/makefile.grads_sfc
	modified:   ../util/Conventional_Monitor/nwprod/cmon_shared.v1.0.0/sorc/grads_sfctime/makefile.grads_sfctime
	modified:   ../util/Conventional_Monitor/nwprod/cmon_shared.v1.0.0/sorc/grads_sig/makefile.grads_sig
	modified:   ../util/Conventional_Monitor/nwprod/cmon_shared.v1.0.0/sorc/read_ps/makefile.read_ps
	modified:   ../util/Conventional_Monitor/nwprod/cmon_shared.v1.0.0/sorc/read_pw/makefile.read_pw
	modified:   ../util/Conventional_Monitor/nwprod/cmon_shared.v1.0.0/sorc/read_q/makefile.read_q
	modified:   ../util/Conventional_Monitor/nwprod/cmon_shared.v1.0.0/sorc/read_uv/makefile.read_uv
	modified:   ../util/Conventional_Monitor/nwprod/cmon_shared.v1.0.0/ush/diag2grad_ps_case.sh
	modified:   ../util/Conventional_Monitor/nwprod/cmon_shared.v1.0.0/ush/diag2grad_q_case.sh
	modified:   ../util/Conventional_Monitor/nwprod/cmon_shared.v1.0.0/ush/diag2grad_t_case.sh
	modified:   ../util/Conventional_Monitor/nwprod/cmon_shared.v1.0.0/ush/diag2grad_uv_case.sh
	modified:   ../util/Conventional_Monitor/nwprod/cmon_shared.v1.0.0/ush/g2ctl.pl
	modified:   ../util/Conventional_Monitor/nwprod/cmon_shared.v1.0.0/ush/get_typelist.pl
	modified:   ../util/Conventional_Monitor/nwprod/cmon_shared.v1.0.0/ush/grib2ctl.pl
	modified:   ../util/Conventional_Monitor/nwprod/cmon_shared.v1.0.0/ush/horz_hist.sh
	modified:   ../util/Conventional_Monitor/nwprod/cmon_shared.v1.0.0/ush/time_vert.sh
	modified:   ../util/Conventional_Monitor/nwprod/gdas_cmon.v1.0.0/driver/test_jgdas_vcmon_cray.sh
	modified:   ../util/Conventional_Monitor/nwprod/gdas_cmon.v1.0.0/driver/test_jgdas_vcmon_ibm.sh
	modified:   ../util/Conventional_Monitor/nwprod/gdas_cmon.v1.0.0/driver/test_jgdas_vcmon_theia.sh
	modified:   ../util/Conventional_Monitor/nwprod/gdas_cmon.v1.0.0/fix/global_convinfo.txt
	modified:   ../util/Conventional_Monitor/nwprod/gdas_cmon.v1.0.0/jobs/JGDAS_VCMON
	modified:   ../util/Conventional_Monitor/nwprod/gdas_cmon.v1.0.0/scripts/exgdas_vrfyconv.sh.ecf
	modified:   ../util/Correlated_Obs/par_run.sh
	modified:   ../util/Correlated_Obs/parallel_run.sh
	modified:   ../util/Correlated_Obs/run.sh
	modified:   ../util/Correlated_Obs/sort_diags.sh
	modified:   ../util/Correlated_Obs/unpack_rads.sh
	modified:   ../util/DTC/MPMC/MPMC_config.py
	modified:   ../util/DTC/MPMC/deinitmpmc
	modified:   ../util/DTC/MPMC/docker.runMPMCtest
	modified:   ../util/DTC/MPMC/initmpmc
	modified:   ../util/DTC/MPMC/releases/fix.check
	modified:   ../util/DTC/MPMC/releases/getGlobalFixTarball
	modified:   ../util/DTC/MPMC/releases/makeRelease
	modified:   ../util/DTC/MPMC/report.py
	modified:   ../util/DTC/MPMC/run.py
	modified:   ../util/DTC/MPMC/stopcronMPMC.py
	modified:   ../util/EFSOI_Utilities/scripts/efso_advance_ensemble.sh
	modified:   ../util/EFSOI_Utilities/scripts/efso_cleanup.sh
	modified:   ../util/EFSOI_Utilities/scripts/efso_cleanup_wrapper.sh
	modified:   ../util/EFSOI_Utilities/scripts/efso_file_assembly.sh
	modified:   ../util/EFSOI_Utilities/scripts/efso_run.sh
	modified:   ../util/EFSOI_Utilities/scripts/efso_wrapper.sh
	modified:   ../util/EnKF/arw/run/run_init.ksh
	modified:   ../util/EnKF/arw/run/run_pro.ksh
	modified:   ../util/EnKF/arw/run/save_hrrre_perts.ksh
	modified:   ../util/EnKF/arw/src/enspreproc_regional.fd/wrf_netcdf_interface4ens.F90
	modified:   ../util/EnKF/arw/src/initialens_regional.fd/read_netcdf_mass.f90
	modified:   ../util/EnKF/arw/src/initialens_regional.fd/update_netcdf_mass.f90
	modified:   ../util/EnKF/gfs/src/calc_increment_ncio.fd/calc_increment_ncio.f90
	modified:   ../util/EnKF/gfs/src/misc/Makefile_jet
	modified:   ../util/EnKF/gfs/src/misc/calc_corrlength.f90
	modified:   ../util/EnKF/gfs/src/misc/externalmodebal.f90
	modified:   ../util/EnKF/gfs/src/misc/getpstend.f90
	modified:   ../util/EnKF/gfs/src/misc/getsigensspread.f90
	modified:   ../util/EnKF/gfs/src/misc/gribmean.f90
	modified:   ../util/EnKF/gfs/src/preproc/controlpreproc.f90
	modified:   ../util/EnKF/gfs/src/preproc/ensincpreproc.f90
	modified:   ../util/EnKF/gfs/src/preproc/enspreproc.f90
	modified:   ../util/FOV_utilities/scripts/run_fov.ksh
	modified:   ../util/FOV_utilities/sorc/makefile
	modified:   ../util/GEN_BE_V2.0/compile
	modified:   ../util/GEN_BE_V2.0/configure
	modified:   ../util/GMI_BUFR_gen/gmi/perl/.#get_gmi.pl.1.3
	modified:   ../util/GMI_BUFR_gen/gmi/perl/get_gmi.pl
	modified:   ../util/GMI_BUFR_gen/gmi/src/Make
	modified:   ../util/MODIS_AOD/intaod.f90
	modified:   ../util/MODIS_AOD/setupaod.f90
	modified:   ../util/MODIS_AOD/wrf_netcdf_interface.F90
	modified:   ../util/Minimization_Monitor/MinMon_install.pl
	modified:   ../util/Minimization_Monitor/data_xtrct/ush/MinMon_DE.sh
	modified:   ../util/Minimization_Monitor/data_xtrct/ush/RunMM_DE.sh
	modified:   ../util/Minimization_Monitor/data_xtrct/ush/find_cycle.pl
	modified:   ../util/Minimization_Monitor/data_xtrct/ush/onprod.sh
	modified:   ../util/Minimization_Monitor/data_xtrct/ush/run_cp_v16rt1.sh
	modified:   ../util/Minimization_Monitor/data_xtrct/ush/run_gdas_DE.sh
	modified:   ../util/Minimization_Monitor/data_xtrct/ush/run_gfs_DE.sh
	modified:   ../util/Minimization_Monitor/data_xtrct/ush/run_script.sh
	modified:   ../util/Minimization_Monitor/data_xtrct/ush/run_v16rt1.sh
	modified:   ../util/Minimization_Monitor/get_hostname.pl
	modified:   ../util/Minimization_Monitor/image_gen/grds/plot_4_gnorms.gs
	modified:   ../util/Minimization_Monitor/image_gen/grds/plot_gnorms.gs
	modified:   ../util/Minimization_Monitor/image_gen/grds/plot_reduction.gs
	modified:   ../util/Minimization_Monitor/image_gen/html/cycle.html
	modified:   ../util/Minimization_Monitor/image_gen/html/index.html
	modified:   ../util/Minimization_Monitor/image_gen/html/menu.html
	modified:   ../util/Minimization_Monitor/image_gen/html/plots.html
	modified:   ../util/Minimization_Monitor/image_gen/parm/plot_minmon_conf
	modified:   ../util/Minimization_Monitor/image_gen/ush/MinMon_Plt.sh
	deleted:    ../util/Minimization_Monitor/image_gen/ush/find_cycle.pl
	modified:   ../util/Minimization_Monitor/image_gen/ush/nu_make_archive.sh
	modified:   ../util/Minimization_Monitor/image_gen/ush/onprod.sh
	modified:   ../util/Minimization_Monitor/image_gen/ush/query_data_map.pl
	modified:   ../util/Minimization_Monitor/image_gen/ush/run_gdas_IG.sh
	modified:   ../util/Minimization_Monitor/image_gen/ush/run_gfs_IG.sh
	modified:   ../util/Minimization_Monitor/image_gen/ush/run_script.sh
	modified:   ../util/Minimization_Monitor/image_gen/ush/run_v16rt1_IG.sh
	modified:   ../util/Minimization_Monitor/image_gen/ush/update_ctl_tdef.sh
	modified:   ../util/Minimization_Monitor/image_gen/ush/update_ctl_xdef.sh
	modified:   ../util/Minimization_Monitor/image_gen/ush/update_data_map.pl
	modified:   ../util/Minimization_Monitor/nwprod/gdas.v1.0.0/driver/test_jgdas_vminmon.sh
	modified:   ../util/Minimization_Monitor/nwprod/gdas.v1.0.0/driver/test_jgdas_vminmon_cray.sh
	modified:   ../util/Minimization_Monitor/nwprod/gdas.v1.0.0/driver/test_jgdas_vminmon_hera.sh
	modified:   ../util/Minimization_Monitor/nwprod/gdas.v1.0.0/driver/test_jgdas_vminmon_theia.sh
	modified:   ../util/Minimization_Monitor/nwprod/gdas.v1.0.0/driver/test_jgdas_vminmon_wcoss_d.sh
	modified:   ../util/Minimization_Monitor/nwprod/gdas.v1.0.0/jobs/JGDAS_VMINMON
	modified:   ../util/Minimization_Monitor/nwprod/gdas.v1.0.0/scripts/exgdas_vrfminmon.sh.ecf
	modified:   ../util/Minimization_Monitor/nwprod/gfs.v1.0.0/driver/test_jgfs_vminmon.sh
	modified:   ../util/Minimization_Monitor/nwprod/gfs.v1.0.0/driver/test_jgfs_vminmon_cray.sh
	modified:   ../util/Minimization_Monitor/nwprod/gfs.v1.0.0/driver/test_jgfs_vminmon_hera.sh
	modified:   ../util/Minimization_Monitor/nwprod/gfs.v1.0.0/driver/test_jgfs_vminmon_theia.sh
	modified:   ../util/Minimization_Monitor/nwprod/gfs.v1.0.0/driver/test_jgfs_vminmon_wcoss_d.sh
	modified:   ../util/Minimization_Monitor/nwprod/gfs.v1.0.0/jobs/JGFS_VMINMON
	modified:   ../util/Minimization_Monitor/nwprod/gfs.v1.0.0/scripts/exgfs_vrfminmon.sh.ecf
	modified:   ../util/Minimization_Monitor/nwprod/minmon_shared.v1.0.0/ush/minmon_xtrct_costs.pl
	modified:   ../util/Minimization_Monitor/nwprod/minmon_shared.v1.0.0/ush/minmon_xtrct_gnorms.pl
	modified:   ../util/Minimization_Monitor/nwprod/minmon_shared.v1.0.0/ush/minmon_xtrct_reduct.pl
	modified:   ../util/Minimization_Monitor/nwprod/minmon_shared.v1.0.1/ush/minmon_xtrct_costs.pl
	modified:   ../util/Minimization_Monitor/nwprod/minmon_shared.v1.0.1/ush/minmon_xtrct_gnorms.pl
	modified:   ../util/Minimization_Monitor/nwprod/minmon_shared.v1.0.1/ush/minmon_xtrct_reduct.pl
	modified:   ../util/Minimization_Monitor/nwprod/nam_minmon.v1.0.0/driver/test_nam_minmon.sh
	modified:   ../util/Minimization_Monitor/nwprod/nam_minmon.v1.0.0/jobs/JNAM_MINMON
	modified:   ../util/Minimization_Monitor/nwprod/nam_minmon.v1.0.0/scripts/exnam_vrfminmon.sh.ecf
	modified:   ../util/Misc/chgdateflx.py
	modified:   ../util/Misc/run_chgres.sh
	modified:   ../util/NCEPgsi_Coupler/calctends_model.f90
	modified:   ../util/NCEPgsi_Coupler/calctends_model_ad.f90
	modified:   ../util/NCEPgsi_Coupler/calctends_model_tl.f90
	modified:   ../util/NCEPgsi_Coupler/getprs_bck.f90
	modified:   ../util/NCEPgsi_Coupler/gsi_model_ad.f90
	modified:   ../util/NCEPgsi_Coupler/gsi_model_adjtest.f90
	modified:   ../util/NCEPgsi_Coupler/gsi_model_tl.f90
	modified:   ../util/NCEPgsi_Coupler/gsi_model_tlmtest.f90
	modified:   ../util/NCEPgsi_Coupler/mp_compact_diffs_mod2.f90
	modified:   ../util/NCEPgsi_Coupler/pblmod.f90
	modified:   ../util/NCEPgsi_Coupler/smooth_tends.f90
	modified:   ../util/NCEPgsi_Coupler/tends4pertmod.f90
	modified:   ../util/NCEPgsi_Coupler/write_bkgvars_grid_mod.f90
	modified:   ../util/NMC_Bkerror/py-bkerror/compile.csh
	modified:   ../util/NMC_Bkerror/py-bkerror/error_bkerror.py
	modified:   ../util/NMC_Bkerror/py-bkerror/interp_bkerror.py
	modified:   ../util/NMC_Bkerror/py-bkerror/plot_bkerror.py
	modified:   ../util/NMC_Bkerror/py-bkerror/read_bkerror.py
	modified:   ../util/NMC_Bkerror/scripts/nmcstats.csh
	modified:   ../util/NMC_Bkerror/sorc/Makefile
	modified:   ../util/NMC_Bkerror/sorc/Makefile.conf.cray
	modified:   ../util/NMC_Bkerror/sorc/Makefile.conf.wcoss
	modified:   ../util/NMC_Bkerror/sorc/configure
	modified:   ../util/NMC_Bkerror/sorc/deter_subdomain.f90
	modified:   ../util/NMC_Bkerror/sorc/grdsphdp.f90
	modified:   ../util/NMC_Bkerror/sorc/init_commvars.f90
	modified:   ../util/NMC_Bkerror/sorc/isrchfge.f90
	modified:   ../util/NMC_Bkerror/sorc/kinds.f90
	modified:   ../util/NMC_Bkerror/sorc/smoothz.f90
	modified:   ../util/NMC_Bkerror/sorc_aero/Makefile
	modified:   ../util/NMC_Bkerror/sorc_aero/Makefile.conf.s4
	modified:   ../util/NMC_Bkerror/sorc_aero/configure
	modified:   ../util/NMC_Bkerror/sorc_aero/deter_subdomain.f90
	modified:   ../util/NMC_Bkerror/sorc_aero/grdsphdp.f90
	modified:   ../util/NMC_Bkerror/sorc_aero/init_commvars.f90
	modified:   ../util/NMC_Bkerror/sorc_aero/kinds.F90
	modified:   ../util/NMC_Bkerror/sorc_aero/smoothz.f90
	modified:   ../util/NMC_Bkerror/util/convert_files.sh
	modified:   ../util/Ozone_Monitor/OznMon_install.pl
	modified:   ../util/Ozone_Monitor/build_OznMon_cmake.sh
	modified:   ../util/Ozone_Monitor/data_xtrct/sorc/make_base.fd/make_base.f90
	modified:   ../util/Ozone_Monitor/data_xtrct/sorc/make_base.fd/makefile
	modified:   ../util/Ozone_Monitor/data_xtrct/ush/OznMon_DE.sh
	modified:   ../util/Ozone_Monitor/data_xtrct/ush/OznMon_MkBase.sh
	modified:   ../util/Ozone_Monitor/data_xtrct/ush/find_cycle.pl
	modified:   ../util/Ozone_Monitor/data_xtrct/ush/run_GEOIRctl3.sh
	modified:   ../util/Ozone_Monitor/data_xtrct/ush/run_GEOIRimg4.sh
	modified:   ../util/Ozone_Monitor/data_xtrct/ush/run_gfs_gdas.sh
	modified:   ../util/Ozone_Monitor/get_hostname.pl
	modified:   ../util/Ozone_Monitor/image_gen/gscripts/cbarnew.gs
	modified:   ../util/Ozone_Monitor/image_gen/gscripts/plot_count.gs
	modified:   ../util/Ozone_Monitor/image_gen/gscripts/plot_horiz_anl.gs
	modified:   ../util/Ozone_Monitor/image_gen/gscripts/plot_horiz_ges.gs
	modified:   ../util/Ozone_Monitor/image_gen/gscripts/plot_summary.gs
	modified:   ../util/Ozone_Monitor/image_gen/gscripts/plot_time_anl.gs
	modified:   ../util/Ozone_Monitor/image_gen/gscripts/plot_time_anl_2x.gs
	modified:   ../util/Ozone_Monitor/image_gen/gscripts/plot_time_ges.gs
	modified:   ../util/Ozone_Monitor/image_gen/gscripts/plot_time_ges.gs.2files
	modified:   ../util/Ozone_Monitor/image_gen/gscripts/plot_time_ges_2x.gs
	modified:   ../util/Ozone_Monitor/image_gen/html/horiz.html
	modified:   ../util/Ozone_Monitor/image_gen/html/index.html
	modified:   ../util/Ozone_Monitor/image_gen/html/intro.html
	modified:   ../util/Ozone_Monitor/image_gen/html/main.html
	modified:   ../util/Ozone_Monitor/image_gen/html/menu.html
	modified:   ../util/Ozone_Monitor/image_gen/html/summary.html
	modified:   ../util/Ozone_Monitor/image_gen/html/time.html
	modified:   ../util/Ozone_Monitor/image_gen/ush/OznMon_Plt.sh
	modified:   ../util/Ozone_Monitor/image_gen/ush/OznMon_Transfer.sh
	deleted:    ../util/Ozone_Monitor/image_gen/ush/find_cycle.pl
	modified:   ../util/Ozone_Monitor/image_gen/ush/mk_err_rpt.sh
	modified:   ../util/Ozone_Monitor/image_gen/ush/mk_horiz.sh
	modified:   ../util/Ozone_Monitor/image_gen/ush/mk_summary.sh
	modified:   ../util/Ozone_Monitor/image_gen/ush/mk_time.sh
	modified:   ../util/Ozone_Monitor/image_gen/ush/onprod.sh
	modified:   ../util/Ozone_Monitor/image_gen/ush/plot_horiz.sh
	modified:   ../util/Ozone_Monitor/image_gen/ush/plot_summary.sh
	modified:   ../util/Ozone_Monitor/image_gen/ush/plot_time.sh
	modified:   ../util/Ozone_Monitor/image_gen/ush/query_data_map.pl
	modified:   ../util/Ozone_Monitor/image_gen/ush/run_plot_GEOIRimg4.sh
	modified:   ../util/Ozone_Monitor/image_gen/ush/run_plot_gdas.sh
	modified:   ../util/Ozone_Monitor/image_gen/ush/run_transfer_gfs.sh
	modified:   ../util/Ozone_Monitor/image_gen/ush/transfer.sh
	modified:   ../util/Ozone_Monitor/image_gen/ush/update_ctl_tdef.sh
	modified:   ../util/Ozone_Monitor/image_gen/ush/update_data_map.pl
	modified:   ../util/Ozone_Monitor/makeall.sh
	modified:   ../util/Ozone_Monitor/nwprod/gdas_oznmon.v2.0.0/driver/test_jgdas_verfozn.sh
	modified:   ../util/Ozone_Monitor/nwprod/gdas_oznmon.v2.0.0/driver/test_jgdas_verfozn_hera.sh
	modified:   ../util/Ozone_Monitor/nwprod/gdas_oznmon.v2.0.0/driver/test_jgdas_verfozn_wcoss_c.sh
	modified:   ../util/Ozone_Monitor/nwprod/gdas_oznmon.v2.0.0/driver/test_jgdas_verfozn_wcoss_d.sh
	modified:   ../util/Ozone_Monitor/nwprod/gdas_oznmon.v2.0.0/jobs/JGDAS_VERFOZN
	modified:   ../util/Ozone_Monitor/nwprod/gdas_oznmon.v2.0.0/scripts/exgdas_vrfyozn.sh.ecf
	modified:   ../util/Ozone_Monitor/nwprod/oznmon_shared.v2.0.0/sorc/oznmon_horiz.fd/create_ctl_horiz.f90
	modified:   ../util/Ozone_Monitor/nwprod/oznmon_shared.v2.0.0/sorc/oznmon_horiz.fd/kinds.f90
	modified:   ../util/Ozone_Monitor/nwprod/oznmon_shared.v2.0.0/sorc/oznmon_horiz.fd/makefile
	modified:   ../util/Ozone_Monitor/nwprod/oznmon_shared.v2.0.0/sorc/oznmon_horiz.fd/update_ctl_horiz.f90
	modified:   ../util/Ozone_Monitor/nwprod/oznmon_shared.v2.0.0/sorc/oznmon_time.fd/avgsdv.f90
	modified:   ../util/Ozone_Monitor/nwprod/oznmon_shared.v2.0.0/sorc/oznmon_time.fd/create_ctl_time.f90
	modified:   ../util/Ozone_Monitor/nwprod/oznmon_shared.v2.0.0/sorc/oznmon_time.fd/kinds.f90
	modified:   ../util/Ozone_Monitor/nwprod/oznmon_shared.v2.0.0/sorc/oznmon_time.fd/makefile
	modified:   ../util/Ozone_Monitor/nwprod/oznmon_shared.v2.0.0/sorc/oznmon_time.fd/time.f90
	modified:   ../util/Ozone_Monitor/nwprod/oznmon_shared.v2.0.0/sorc/oznmon_time.fd/update_ctl_time.f90
	modified:   ../util/Ozone_Monitor/nwprod/oznmon_shared.v2.0.0/sorc/oznmon_time.fd/valid.f90
	modified:   ../util/Ozone_Monitor/nwprod/oznmon_shared.v2.0.0/ush/ozn_xtrct.sh
	modified:   ../util/Radiance_Monitor/RadMon_install.pl
	modified:   ../util/Radiance_Monitor/build_RadMon_cmake.sh
	modified:   ../util/Radiance_Monitor/data_extract/parm/data_extract_config
	modified:   ../util/Radiance_Monitor/data_extract/sorc/radmon_mk_base.fd/make_base.f90
	modified:   ../util/Radiance_Monitor/data_extract/sorc/radmon_mk_base.fd/makefile
	modified:   ../util/Radiance_Monitor/data_extract/sorc/radmon_validate_tm.fd/makefile
	modified:   ../util/Radiance_Monitor/data_extract/sorc/radmon_validate_tm.fd/valid.f90
	modified:   ../util/Radiance_Monitor/data_extract/sorc/radmon_validate_tm.fd/validate_time.f90
	modified:   ../util/Radiance_Monitor/data_extract/ush/AmIOnProd.sh
	modified:   ../util/Radiance_Monitor/data_extract/ush/Copy_glbl.sh
	modified:   ../util/Radiance_Monitor/data_extract/ush/MkBase.sh
	modified:   ../util/Radiance_Monitor/data_extract/ush/MkCtl_rgnl.sh
	modified:   ../util/Radiance_Monitor/data_extract/ush/RunCopy.sh
	modified:   ../util/Radiance_Monitor/data_extract/ush/RunVrfy.sh
	modified:   ../util/Radiance_Monitor/data_extract/ush/VrfyRad_glbl.sh
	modified:   ../util/Radiance_Monitor/data_extract/ush/VrfyRad_rgnl.sh
	modified:   ../util/Radiance_Monitor/data_extract/ush/find_cycle.pl
	modified:   ../util/Radiance_Monitor/data_extract/ush/find_namrr_radstat.pl
	modified:   ../util/Radiance_Monitor/data_extract/ush/find_ndas_radstat.pl
	modified:   ../util/Radiance_Monitor/data_extract/ush/getbestnamrr_radstat.sh
	modified:   ../util/Radiance_Monitor/data_extract/ush/getbestndas_radstat.sh
	modified:   ../util/Radiance_Monitor/data_extract/ush/nu_find_cycle.pl
	modified:   ../util/Radiance_Monitor/data_extract/ush/onprod.sh
	modified:   ../util/Radiance_Monitor/data_extract/ush/query_data_map.pl
	modified:   ../util/Radiance_Monitor/data_extract/ush/radmon_err_rpt.sh
	modified:   ../util/Radiance_Monitor/data_extract/ush/run_control_V02.sh
	modified:   ../util/Radiance_Monitor/data_extract/ush/run_cp_v16rt0.sh
	modified:   ../util/Radiance_Monitor/data_extract/ush/run_cp_wopr.sh
	modified:   ../util/Radiance_Monitor/data_extract/ush/run_nam.sh
	modified:   ../util/Radiance_Monitor/data_extract/ush/run_test.sh
	modified:   ../util/Radiance_Monitor/data_extract/ush/update_data_map.pl
	modified:   ../util/Radiance_Monitor/data_extract/ush/validate.sh
	modified:   ../util/Radiance_Monitor/get_hostname.pl
	modified:   ../util/Radiance_Monitor/image_gen/gscripts/cbarnew.gs
	modified:   ../util/Radiance_Monitor/image_gen/gscripts/plot_angle_count.glb.gs
	modified:   ../util/Radiance_Monitor/image_gen/gscripts/plot_angle_count.rgn.gs
	modified:   ../util/Radiance_Monitor/image_gen/gscripts/plot_angle_sep.glb.gs
	modified:   ../util/Radiance_Monitor/image_gen/gscripts/plot_angle_sep.rgn.gs
	modified:   ../util/Radiance_Monitor/image_gen/gscripts/plot_bcoef.gs
	modified:   ../util/Radiance_Monitor/image_gen/gscripts/plot_bcor.gs
	modified:   ../util/Radiance_Monitor/image_gen/gscripts/plot_bcor_count.glb.gs
	modified:   ../util/Radiance_Monitor/image_gen/gscripts/plot_bcor_count.rgn.gs
	modified:   ../util/Radiance_Monitor/image_gen/gscripts/plot_bcor_sep.glb.gs
	modified:   ../util/Radiance_Monitor/image_gen/gscripts/plot_bcor_sep.rgn.gs
	modified:   ../util/Radiance_Monitor/image_gen/gscripts/plot_comp_summary.gs
	modified:   ../util/Radiance_Monitor/image_gen/gscripts/plot_horiz.gs
	modified:   ../util/Radiance_Monitor/image_gen/gscripts/plot_summary.gs
	modified:   ../util/Radiance_Monitor/image_gen/gscripts/plot_time.gs
	modified:   ../util/Radiance_Monitor/image_gen/gscripts/plot_time_2var.gs
	modified:   ../util/Radiance_Monitor/image_gen/gscripts/plot_time_count.glb.gs
	modified:   ../util/Radiance_Monitor/image_gen/gscripts/plot_time_count.rgn.gs
	modified:   ../util/Radiance_Monitor/image_gen/gscripts/plot_time_count_2var.gs
	modified:   ../util/Radiance_Monitor/image_gen/gscripts/plot_time_count_2var_5.gs
	modified:   ../util/Radiance_Monitor/image_gen/gscripts/plot_time_omgbc_2var.gs
	modified:   ../util/Radiance_Monitor/image_gen/gscripts/plot_time_omgnbc_2var.gs
	modified:   ../util/Radiance_Monitor/image_gen/gscripts/plot_time_penalty_2var.gs
	modified:   ../util/Radiance_Monitor/image_gen/gscripts/plot_time_sep.glb.gs
	modified:   ../util/Radiance_Monitor/image_gen/gscripts/plot_time_sep.rgn.gs
	modified:   ../util/Radiance_Monitor/image_gen/gscripts/plot_time_total_2var.gs
	modified:   ../util/Radiance_Monitor/image_gen/gscripts/setrange.gs
	modified:   ../util/Radiance_Monitor/image_gen/html/Install_html.sh
	modified:   ../util/Radiance_Monitor/image_gen/html/bcoef.html.glb
	modified:   ../util/Radiance_Monitor/image_gen/html/bcor.html.glb
	modified:   ../util/Radiance_Monitor/image_gen/html/comp.html.glb
	modified:   ../util/Radiance_Monitor/image_gen/html/horiz.html.glb
	modified:   ../util/Radiance_Monitor/image_gen/html/index.html.glb
	modified:   ../util/Radiance_Monitor/image_gen/html/install_glb.sh
	modified:   ../util/Radiance_Monitor/image_gen/html/install_rgn.sh
	modified:   ../util/Radiance_Monitor/image_gen/html/menu.html.glb
	modified:   ../util/Radiance_Monitor/image_gen/html/mk_intro.sh
	modified:   ../util/Radiance_Monitor/image_gen/html/summary.html.glb
	deleted:    ../util/Radiance_Monitor/image_gen/html/summary.html.rgn
	modified:   ../util/Radiance_Monitor/image_gen/html/time.html.glb
	modified:   ../util/Radiance_Monitor/image_gen/parm/glbl_comp_conf
	modified:   ../util/Radiance_Monitor/image_gen/parm/glbl_conf
	modified:   ../util/Radiance_Monitor/image_gen/parm/plot_rad_conf
	modified:   ../util/Radiance_Monitor/image_gen/parm/rgnl_comp_conf
	modified:   ../util/Radiance_Monitor/image_gen/parm/rgnl_conf
	modified:   ../util/Radiance_Monitor/image_gen/src/radmon_ig_angle.fd/angle.f90
	modified:   ../util/Radiance_Monitor/image_gen/src/radmon_ig_angle.fd/avgsdv.f90
	modified:   ../util/Radiance_Monitor/image_gen/src/radmon_ig_angle.fd/makefile.angle
	modified:   ../util/Radiance_Monitor/image_gen/src/radmon_ig_bcoef.fd/avgsdv.f90
	modified:   ../util/Radiance_Monitor/image_gen/src/radmon_ig_bcoef.fd/bcoef.f90
	modified:   ../util/Radiance_Monitor/image_gen/src/radmon_ig_bcoef.fd/makefile.bcoef
	modified:   ../util/Radiance_Monitor/image_gen/src/radmon_ig_horiz.fd/create_ctl_horiz.f90
	modified:   ../util/Radiance_Monitor/image_gen/src/radmon_ig_horiz.fd/horiz.f90
	modified:   ../util/Radiance_Monitor/image_gen/src/radmon_ig_horiz.fd/makefile.horiz
	modified:   ../util/Radiance_Monitor/image_gen/src/radmon_ig_horiz.fd/read_diag.f90
	modified:   ../util/Radiance_Monitor/image_gen/src/radmon_ig_horiz.fd/update_ctl_horiz.f90
	modified:   ../util/Radiance_Monitor/image_gen/src/radmon_ig_summary.fd/avgsdv.f90
	modified:   ../util/Radiance_Monitor/image_gen/src/radmon_ig_summary.fd/makefile.summary
	modified:   ../util/Radiance_Monitor/image_gen/src/radmon_ig_summary.fd/summary.f90
	modified:   ../util/Radiance_Monitor/image_gen/src/radmon_ig_time.fd/avgsdv.f90
	modified:   ../util/Radiance_Monitor/image_gen/src/radmon_ig_time.fd/makefile.time
	modified:   ../util/Radiance_Monitor/image_gen/src/radmon_ig_time.fd/time.f90
	modified:   ../util/Radiance_Monitor/image_gen/ush/CkPlt_glbl.sh
	modified:   ../util/Radiance_Monitor/image_gen/ush/CkPlt_rgnl.sh
	modified:   ../util/Radiance_Monitor/image_gen/ush/Plot.sh
	modified:   ../util/Radiance_Monitor/image_gen/ush/PlotComp.sh
	modified:   ../util/Radiance_Monitor/image_gen/ush/Plot_comp_1_cycle.sh
	modified:   ../util/Radiance_Monitor/image_gen/ush/Transfer.sh
	modified:   ../util/Radiance_Monitor/image_gen/ush/ck_missing_diags.sh
	modified:   ../util/Radiance_Monitor/image_gen/ush/confirm_data.sh
	modified:   ../util/Radiance_Monitor/image_gen/ush/cycle_delta.pl
	modified:   ../util/Radiance_Monitor/image_gen/ush/extract_err_rpts.sh
	deleted:    ../util/Radiance_Monitor/image_gen/ush/find_cycle.pl
	modified:   ../util/Radiance_Monitor/image_gen/ush/make_archive.sh
	modified:   ../util/Radiance_Monitor/image_gen/ush/mk_angle_plots.sh
	modified:   ../util/Radiance_Monitor/image_gen/ush/mk_bcoef_plots.sh
	modified:   ../util/Radiance_Monitor/image_gen/ush/mk_bcor_plots.sh
	modified:   ../util/Radiance_Monitor/image_gen/ush/mk_comp_plots.sh
	modified:   ../util/Radiance_Monitor/image_gen/ush/mk_horiz_plots.sh
	modified:   ../util/Radiance_Monitor/image_gen/ush/mk_time_plots.sh
	modified:   ../util/Radiance_Monitor/image_gen/ush/nu_find_cycle.pl
	modified:   ../util/Radiance_Monitor/image_gen/ush/nu_make_archive.sh
	modified:   ../util/Radiance_Monitor/image_gen/ush/nu_plot_angle.sh
	modified:   ../util/Radiance_Monitor/image_gen/ush/nu_plot_bcoef.sh
	modified:   ../util/Radiance_Monitor/image_gen/ush/nu_plot_time.sh
	modified:   ../util/Radiance_Monitor/image_gen/ush/onprod.sh
	modified:   ../util/Radiance_Monitor/image_gen/ush/plot_angle.sh
	modified:   ../util/Radiance_Monitor/image_gen/ush/plot_bcoef.sh
	modified:   ../util/Radiance_Monitor/image_gen/ush/plot_bcor.sh
	modified:   ../util/Radiance_Monitor/image_gen/ush/plot_comp.sh
	modified:   ../util/Radiance_Monitor/image_gen/ush/plot_fs_obsnum_comp.sh
	modified:   ../util/Radiance_Monitor/image_gen/ush/plot_horiz.sh
	modified:   ../util/Radiance_Monitor/image_gen/ush/plot_summary.sh
	modified:   ../util/Radiance_Monitor/image_gen/ush/plot_time.sh
	modified:   ../util/Radiance_Monitor/image_gen/ush/plot_update.sh
	deleted:    ../util/Radiance_Monitor/image_gen/ush/query_data_map.pl
	modified:   ../util/Radiance_Monitor/image_gen/ush/rr_set_tz.sh
	modified:   ../util/Radiance_Monitor/image_gen/ush/run_plot_V02.sh
	modified:   ../util/Radiance_Monitor/image_gen/ush/run_plot_nam.sh
	modified:   ../util/Radiance_Monitor/image_gen/ush/run_plot_testrad.sh
	modified:   ../util/Radiance_Monitor/image_gen/ush/run_plot_wopr.sh
	modified:   ../util/Radiance_Monitor/image_gen/ush/run_transfer_nam.sh
	modified:   ../util/Radiance_Monitor/image_gen/ush/run_transfer_wopr.sh
	modified:   ../util/Radiance_Monitor/image_gen/ush/update_ctl_fname.sh
	modified:   ../util/Radiance_Monitor/image_gen/ush/update_ctl_tdef.sh
	modified:   ../util/Radiance_Monitor/image_gen/ush/update_data_map.pl
	modified:   ../util/Radiance_Monitor/makeall.sh
	modified:   ../util/Radiance_Monitor/nwprod/gdas_radmon.v2.0.2/driver/test_jgdas_verfrad.sh
	modified:   ../util/Radiance_Monitor/nwprod/gdas_radmon.v2.0.2/driver/test_jgdas_verfrad_cray.sh
	modified:   ../util/Radiance_Monitor/nwprod/gdas_radmon.v2.0.2/jobs/JGDAS_VERFRAD
	modified:   ../util/Radiance_Monitor/nwprod/gdas_radmon.v2.0.2/scripts/exgdas_vrfyrad.sh.ecf
	modified:   ../util/Radiance_Monitor/nwprod/gdas_radmon.v3.0.0/driver/test_jgdas_verfrad_cray.sh
	modified:   ../util/Radiance_Monitor/nwprod/gdas_radmon.v3.0.0/driver/test_jgdas_verfrad_hera.sh
	modified:   ../util/Radiance_Monitor/nwprod/gdas_radmon.v3.0.0/driver/test_jgdas_verfrad_wcoss_d.sh
	modified:   ../util/Radiance_Monitor/nwprod/gdas_radmon.v3.0.0/jobs/JGDAS_VERFRAD
	modified:   ../util/Radiance_Monitor/nwprod/gdas_radmon.v3.0.0/scripts/exgdas_vrfyrad.sh.ecf
	modified:   ../util/Radiance_Monitor/nwprod/nam_radmon.v2.0.0/driver/test_jnam_verfrad.sh
	modified:   ../util/Radiance_Monitor/nwprod/nam_radmon.v2.0.0/driver/test_jnam_verfrad_cray.sh
	modified:   ../util/Radiance_Monitor/nwprod/nam_radmon.v2.0.0/driver/test_jnam_verfrad_theia.sh
	modified:   ../util/Radiance_Monitor/nwprod/nam_radmon.v2.0.0/jobs/JNAM_VERFRAD
	modified:   ../util/Radiance_Monitor/nwprod/nam_radmon.v2.0.0/scripts/exnam_vrfyrad.sh.ecf
	modified:   ../util/Radiance_Monitor/nwprod/radmon_shared.v2.0.0/sorc/verf_radang.fd/Makefile.conf
	modified:   ../util/Radiance_Monitor/nwprod/radmon_shared.v2.0.0/sorc/verf_radang.fd/angle_bias.f90
	modified:   ../util/Radiance_Monitor/nwprod/radmon_shared.v2.0.0/sorc/verf_radang.fd/create_ctl_angle.f90
	modified:   ../util/Radiance_Monitor/nwprod/radmon_shared.v2.0.0/sorc/verf_radang.fd/makefile
	modified:   ../util/Radiance_Monitor/nwprod/radmon_shared.v2.0.0/sorc/verf_radang.fd/read_diag.f90
	modified:   ../util/Radiance_Monitor/nwprod/radmon_shared.v2.0.0/sorc/verf_radbcoef.fd/Makefile.conf
	modified:   ../util/Radiance_Monitor/nwprod/radmon_shared.v2.0.0/sorc/verf_radbcoef.fd/bcoef.f90
	modified:   ../util/Radiance_Monitor/nwprod/radmon_shared.v2.0.0/sorc/verf_radbcoef.fd/create_ctl_bcoef.f90
	deleted:    ../util/Radiance_Monitor/nwprod/radmon_shared.v2.0.0/sorc/verf_radbcoef.fd/kinds.F90
	modified:   ../util/Radiance_Monitor/nwprod/radmon_shared.v2.0.0/sorc/verf_radbcoef.fd/makefile
	deleted:    ../util/Radiance_Monitor/nwprod/radmon_shared.v2.0.0/sorc/verf_radbcoef.fd/read_diag.f90
	modified:   ../util/Radiance_Monitor/nwprod/radmon_shared.v2.0.0/sorc/verf_radbcor.fd/Makefile.conf
	modified:   ../util/Radiance_Monitor/nwprod/radmon_shared.v2.0.0/sorc/verf_radbcor.fd/avgsdv.f90
	modified:   ../util/Radiance_Monitor/nwprod/radmon_shared.v2.0.0/sorc/verf_radbcor.fd/bcor.f90
	modified:   ../util/Radiance_Monitor/nwprod/radmon_shared.v2.0.0/sorc/verf_radbcor.fd/create_ctl_bcor.f90
	deleted:    ../util/Radiance_Monitor/nwprod/radmon_shared.v2.0.0/sorc/verf_radbcor.fd/kinds.F90
	modified:   ../util/Radiance_Monitor/nwprod/radmon_shared.v2.0.0/sorc/verf_radbcor.fd/makefile
	deleted:    ../util/Radiance_Monitor/nwprod/radmon_shared.v2.0.0/sorc/verf_radbcor.fd/read_diag.f90
	modified:   ../util/Radiance_Monitor/nwprod/radmon_shared.v2.0.0/sorc/verf_radtime.fd/Makefile.conf
	modified:   ../util/Radiance_Monitor/nwprod/radmon_shared.v2.0.0/sorc/verf_radtime.fd/create_ctl_time.f90
	deleted:    ../util/Radiance_Monitor/nwprod/radmon_shared.v2.0.0/sorc/verf_radtime.fd/kinds.F90
	modified:   ../util/Radiance_Monitor/nwprod/radmon_shared.v2.0.0/sorc/verf_radtime.fd/makefile
	deleted:    ../util/Radiance_Monitor/nwprod/radmon_shared.v2.0.0/sorc/verf_radtime.fd/read_diag.f90
	modified:   ../util/Radiance_Monitor/nwprod/radmon_shared.v2.0.0/sorc/verf_radtime.fd/time.f90
	modified:   ../util/Radiance_Monitor/nwprod/radmon_shared.v2.0.0/sorc/verf_radtime.fd/valid.f90
	modified:   ../util/Radiance_Monitor/nwprod/radmon_shared.v2.0.0/ush/radmon_ck_stdout.sh
	modified:   ../util/Radiance_Monitor/nwprod/radmon_shared.v2.0.0/ush/radmon_err_rpt.sh
	modified:   ../util/Radiance_Monitor/nwprod/radmon_shared.v2.0.0/ush/radmon_getchgrp.pl
	modified:   ../util/Radiance_Monitor/nwprod/radmon_shared.v2.0.0/ush/radmon_verf_angle.sh
	modified:   ../util/Radiance_Monitor/nwprod/radmon_shared.v2.0.0/ush/radmon_verf_bcoef.sh
	modified:   ../util/Radiance_Monitor/nwprod/radmon_shared.v2.0.0/ush/radmon_verf_bcor.sh
	modified:   ../util/Radiance_Monitor/nwprod/radmon_shared.v2.0.0/ush/radmon_verf_time.sh
	modified:   ../util/Radiance_Monitor/nwprod/radmon_shared.v2.0.1/sorc/verf_radang.fd/Makefile.conf
	modified:   ../util/Radiance_Monitor/nwprod/radmon_shared.v2.0.1/sorc/verf_radang.fd/angle_bias.f90
	modified:   ../util/Radiance_Monitor/nwprod/radmon_shared.v2.0.1/sorc/verf_radang.fd/create_ctl_angle.f90
	modified:   ../util/Radiance_Monitor/nwprod/radmon_shared.v2.0.1/sorc/verf_radang.fd/makefile
	modified:   ../util/Radiance_Monitor/nwprod/radmon_shared.v2.0.1/sorc/verf_radang.fd/read_diag.f90
	modified:   ../util/Radiance_Monitor/nwprod/radmon_shared.v2.0.1/sorc/verf_radbcoef.fd/Makefile.conf
	modified:   ../util/Radiance_Monitor/nwprod/radmon_shared.v2.0.1/sorc/verf_radbcoef.fd/bcoef.f90
	modified:   ../util/Radiance_Monitor/nwprod/radmon_shared.v2.0.1/sorc/verf_radbcoef.fd/create_ctl_bcoef.f90
	modified:   ../util/Radiance_Monitor/nwprod/radmon_shared.v2.0.1/sorc/verf_radbcoef.fd/makefile
	modified:   ../util/Radiance_Monitor/nwprod/radmon_shared.v2.0.1/sorc/verf_radbcoef.fd/read_diag.f90
	modified:   ../util/Radiance_Monitor/nwprod/radmon_shared.v2.0.1/sorc/verf_radbcor.fd/Makefile.conf
	modified:   ../util/Radiance_Monitor/nwprod/radmon_shared.v2.0.1/sorc/verf_radbcor.fd/avgsdv.f90
	modified:   ../util/Radiance_Monitor/nwprod/radmon_shared.v2.0.1/sorc/verf_radbcor.fd/bcor.f90
	modified:   ../util/Radiance_Monitor/nwprod/radmon_shared.v2.0.1/sorc/verf_radbcor.fd/create_ctl_bcor.f90
	modified:   ../util/Radiance_Monitor/nwprod/radmon_shared.v2.0.1/sorc/verf_radbcor.fd/makefile
	modified:   ../util/Radiance_Monitor/nwprod/radmon_shared.v2.0.1/sorc/verf_radbcor.fd/read_diag.f90
	modified:   ../util/Radiance_Monitor/nwprod/radmon_shared.v2.0.1/sorc/verf_radtime.fd/Makefile.conf
	modified:   ../util/Radiance_Monitor/nwprod/radmon_shared.v2.0.1/sorc/verf_radtime.fd/create_ctl_time.f90
	modified:   ../util/Radiance_Monitor/nwprod/radmon_shared.v2.0.1/sorc/verf_radtime.fd/makefile
	modified:   ../util/Radiance_Monitor/nwprod/radmon_shared.v2.0.1/sorc/verf_radtime.fd/read_diag.f90
	modified:   ../util/Radiance_Monitor/nwprod/radmon_shared.v2.0.1/sorc/verf_radtime.fd/time.f90
	modified:   ../util/Radiance_Monitor/nwprod/radmon_shared.v2.0.1/sorc/verf_radtime.fd/valid.f90
	modified:   ../util/Radiance_Monitor/nwprod/radmon_shared.v2.0.1/ush/radmon_ck_stdout.sh
	modified:   ../util/Radiance_Monitor/nwprod/radmon_shared.v2.0.1/ush/radmon_err_rpt.sh
	modified:   ../util/Radiance_Monitor/nwprod/radmon_shared.v2.0.1/ush/radmon_getchgrp.pl
	modified:   ../util/Radiance_Monitor/nwprod/radmon_shared.v2.0.1/ush/radmon_verf_angle.sh
	modified:   ../util/Radiance_Monitor/nwprod/radmon_shared.v2.0.1/ush/radmon_verf_bcoef.sh
	modified:   ../util/Radiance_Monitor/nwprod/radmon_shared.v2.0.1/ush/radmon_verf_bcor.sh
	modified:   ../util/Radiance_Monitor/nwprod/radmon_shared.v2.0.1/ush/radmon_verf_time.sh
	modified:   ../util/Radiance_Monitor/nwprod/radmon_shared.v2.0.2/sorc/verf_radang.fd/angle_bias.f90
	modified:   ../util/Radiance_Monitor/nwprod/radmon_shared.v2.0.2/sorc/verf_radang.fd/create_ctl_angle.f90
	modified:   ../util/Radiance_Monitor/nwprod/radmon_shared.v2.0.2/sorc/verf_radang.fd/makefile
	modified:   ../util/Radiance_Monitor/nwprod/radmon_shared.v2.0.2/sorc/verf_radang.fd/read_diag.f90
	modified:   ../util/Radiance_Monitor/nwprod/radmon_shared.v2.0.2/sorc/verf_radbcoef.fd/bcoef.f90
	modified:   ../util/Radiance_Monitor/nwprod/radmon_shared.v2.0.2/sorc/verf_radbcoef.fd/create_ctl_bcoef.f90
	modified:   ../util/Radiance_Monitor/nwprod/radmon_shared.v2.0.2/sorc/verf_radbcoef.fd/makefile
	modified:   ../util/Radiance_Monitor/nwprod/radmon_shared.v2.0.2/sorc/verf_radbcoef.fd/read_diag.f90
	modified:   ../util/Radiance_Monitor/nwprod/radmon_shared.v2.0.2/sorc/verf_radbcor.fd/avgsdv.f90
	modified:   ../util/Radiance_Monitor/nwprod/radmon_shared.v2.0.2/sorc/verf_radbcor.fd/bcor.f90
	modified:   ../util/Radiance_Monitor/nwprod/radmon_shared.v2.0.2/sorc/verf_radbcor.fd/create_ctl_bcor.f90
	modified:   ../util/Radiance_Monitor/nwprod/radmon_shared.v2.0.2/sorc/verf_radbcor.fd/makefile
	modified:   ../util/Radiance_Monitor/nwprod/radmon_shared.v2.0.2/sorc/verf_radbcor.fd/read_diag.f90
	modified:   ../util/Radiance_Monitor/nwprod/radmon_shared.v2.0.2/sorc/verf_radtime.fd/create_ctl_time.f90
	modified:   ../util/Radiance_Monitor/nwprod/radmon_shared.v2.0.2/sorc/verf_radtime.fd/makefile
	modified:   ../util/Radiance_Monitor/nwprod/radmon_shared.v2.0.2/sorc/verf_radtime.fd/read_diag.f90
	modified:   ../util/Radiance_Monitor/nwprod/radmon_shared.v2.0.2/sorc/verf_radtime.fd/time.f90
	modified:   ../util/Radiance_Monitor/nwprod/radmon_shared.v2.0.2/sorc/verf_radtime.fd/valid.f90
	modified:   ../util/Radiance_Monitor/nwprod/radmon_shared.v2.0.2/ush/radmon_ck_stdout.sh
	modified:   ../util/Radiance_Monitor/nwprod/radmon_shared.v2.0.2/ush/radmon_err_rpt.sh
	modified:   ../util/Radiance_Monitor/nwprod/radmon_shared.v2.0.2/ush/radmon_getchgrp.pl
	modified:   ../util/Radiance_Monitor/nwprod/radmon_shared.v2.0.2/ush/radmon_verf_angle.sh
	modified:   ../util/Radiance_Monitor/nwprod/radmon_shared.v2.0.2/ush/radmon_verf_bcoef.sh
	modified:   ../util/Radiance_Monitor/nwprod/radmon_shared.v2.0.2/ush/radmon_verf_bcor.sh
	modified:   ../util/Radiance_Monitor/nwprod/radmon_shared.v2.0.2/ush/radmon_verf_time.sh
	modified:   ../util/Radiance_Monitor/nwprod/radmon_shared.v2.0.3/sorc/build_radmon.sh
	modified:   ../util/Radiance_Monitor/nwprod/radmon_shared.v2.0.3/sorc/verf_radang.fd/angle_bias.f90
	modified:   ../util/Radiance_Monitor/nwprod/radmon_shared.v2.0.3/sorc/verf_radang.fd/create_ctl_angle.f90
	modified:   ../util/Radiance_Monitor/nwprod/radmon_shared.v2.0.3/sorc/verf_radang.fd/makefile
	modified:   ../util/Radiance_Monitor/nwprod/radmon_shared.v2.0.3/sorc/verf_radang.fd/read_diag.f90
	modified:   ../util/Radiance_Monitor/nwprod/radmon_shared.v2.0.3/sorc/verf_radbcoef.fd/bcoef.f90
	modified:   ../util/Radiance_Monitor/nwprod/radmon_shared.v2.0.3/sorc/verf_radbcoef.fd/create_ctl_bcoef.f90
	modified:   ../util/Radiance_Monitor/nwprod/radmon_shared.v2.0.3/sorc/verf_radbcoef.fd/makefile
	modified:   ../util/Radiance_Monitor/nwprod/radmon_shared.v2.0.3/sorc/verf_radbcoef.fd/read_diag.f90
	modified:   ../util/Radiance_Monitor/nwprod/radmon_shared.v2.0.3/sorc/verf_radbcor.fd/avgsdv.f90
	modified:   ../util/Radiance_Monitor/nwprod/radmon_shared.v2.0.3/sorc/verf_radbcor.fd/bcor.f90
	modified:   ../util/Radiance_Monitor/nwprod/radmon_shared.v2.0.3/sorc/verf_radbcor.fd/create_ctl_bcor.f90
	modified:   ../util/Radiance_Monitor/nwprod/radmon_shared.v2.0.3/sorc/verf_radbcor.fd/makefile
	modified:   ../util/Radiance_Monitor/nwprod/radmon_shared.v2.0.3/sorc/verf_radbcor.fd/read_diag.f90
	modified:   ../util/Radiance_Monitor/nwprod/radmon_shared.v2.0.3/sorc/verf_radtime.fd/create_ctl_time.f90
	modified:   ../util/Radiance_Monitor/nwprod/radmon_shared.v2.0.3/sorc/verf_radtime.fd/makefile
	modified:   ../util/Radiance_Monitor/nwprod/radmon_shared.v2.0.3/sorc/verf_radtime.fd/read_diag.f90
	modified:   ../util/Radiance_Monitor/nwprod/radmon_shared.v2.0.3/sorc/verf_radtime.fd/time.f90
	modified:   ../util/Radiance_Monitor/nwprod/radmon_shared.v2.0.3/sorc/verf_radtime.fd/valid.f90
	modified:   ../util/Radiance_Monitor/nwprod/radmon_shared.v2.0.3/ush/radmon_ck_stdout.sh
	modified:   ../util/Radiance_Monitor/nwprod/radmon_shared.v2.0.3/ush/radmon_err_rpt.sh
	modified:   ../util/Radiance_Monitor/nwprod/radmon_shared.v2.0.3/ush/radmon_getchgrp.pl
	modified:   ../util/Radiance_Monitor/nwprod/radmon_shared.v2.0.3/ush/radmon_verf_angle.sh
	modified:   ../util/Radiance_Monitor/nwprod/radmon_shared.v2.0.3/ush/radmon_verf_bcoef.sh
	modified:   ../util/Radiance_Monitor/nwprod/radmon_shared.v2.0.3/ush/radmon_verf_bcor.sh
	modified:   ../util/Radiance_Monitor/nwprod/radmon_shared.v2.0.3/ush/radmon_verf_time.sh
	modified:   ../util/Radiance_Monitor/nwprod/radmon_shared.v2.0.4/sorc/build_radmon.sh
	modified:   ../util/Radiance_Monitor/nwprod/radmon_shared.v2.0.4/sorc/verf_radang.fd/angle_bias.f90
	modified:   ../util/Radiance_Monitor/nwprod/radmon_shared.v2.0.4/sorc/verf_radang.fd/create_ctl_angle.f90
	modified:   ../util/Radiance_Monitor/nwprod/radmon_shared.v2.0.4/sorc/verf_radang.fd/makefile
	modified:   ../util/Radiance_Monitor/nwprod/radmon_shared.v2.0.4/sorc/verf_radang.fd/read_diag.f90
	modified:   ../util/Radiance_Monitor/nwprod/radmon_shared.v2.0.4/sorc/verf_radbcoef.fd/bcoef.f90
	modified:   ../util/Radiance_Monitor/nwprod/radmon_shared.v2.0.4/sorc/verf_radbcoef.fd/create_ctl_bcoef.f90
	modified:   ../util/Radiance_Monitor/nwprod/radmon_shared.v2.0.4/sorc/verf_radbcoef.fd/makefile
	modified:   ../util/Radiance_Monitor/nwprod/radmon_shared.v2.0.4/sorc/verf_radbcoef.fd/read_diag.f90
	modified:   ../util/Radiance_Monitor/nwprod/radmon_shared.v2.0.4/sorc/verf_radbcor.fd/avgsdv.f90
	modified:   ../util/Radiance_Monitor/nwprod/radmon_shared.v2.0.4/sorc/verf_radbcor.fd/bcor.f90
	modified:   ../util/Radiance_Monitor/nwprod/radmon_shared.v2.0.4/sorc/verf_radbcor.fd/create_ctl_bcor.f90
	modified:   ../util/Radiance_Monitor/nwprod/radmon_shared.v2.0.4/sorc/verf_radbcor.fd/makefile
	modified:   ../util/Radiance_Monitor/nwprod/radmon_shared.v2.0.4/sorc/verf_radbcor.fd/read_diag.f90
	modified:   ../util/Radiance_Monitor/nwprod/radmon_shared.v2.0.4/sorc/verf_radtime.fd/create_ctl_time.f90
	modified:   ../util/Radiance_Monitor/nwprod/radmon_shared.v2.0.4/sorc/verf_radtime.fd/makefile
	modified:   ../util/Radiance_Monitor/nwprod/radmon_shared.v2.0.4/sorc/verf_radtime.fd/read_diag.f90
	modified:   ../util/Radiance_Monitor/nwprod/radmon_shared.v2.0.4/sorc/verf_radtime.fd/time.f90
	modified:   ../util/Radiance_Monitor/nwprod/radmon_shared.v2.0.4/sorc/verf_radtime.fd/valid.f90
	modified:   ../util/Radiance_Monitor/nwprod/radmon_shared.v2.0.4/ush/radmon_ck_stdout.sh
	modified:   ../util/Radiance_Monitor/nwprod/radmon_shared.v2.0.4/ush/radmon_err_rpt.sh
	modified:   ../util/Radiance_Monitor/nwprod/radmon_shared.v2.0.4/ush/radmon_verf_angle.sh
	modified:   ../util/Radiance_Monitor/nwprod/radmon_shared.v2.0.4/ush/radmon_verf_bcoef.sh
	modified:   ../util/Radiance_Monitor/nwprod/radmon_shared.v2.0.4/ush/radmon_verf_bcor.sh
	modified:   ../util/Radiance_Monitor/nwprod/radmon_shared.v2.0.4/ush/radmon_verf_time.sh
	modified:   ../util/Radiance_Monitor/nwprod/radmon_shared.v3.0.0/sorc/build_radmon.sh
	modified:   ../util/Radiance_Monitor/nwprod/radmon_shared.v3.0.0/sorc/verf_radang.fd/angle_bias.f90
	modified:   ../util/Radiance_Monitor/nwprod/radmon_shared.v3.0.0/sorc/verf_radang.fd/create_ctl_angle.f90
	modified:   ../util/Radiance_Monitor/nwprod/radmon_shared.v3.0.0/sorc/verf_radang.fd/makefile
	modified:   ../util/Radiance_Monitor/nwprod/radmon_shared.v3.0.0/sorc/verf_radang.fd/read_diag.f90
	modified:   ../util/Radiance_Monitor/nwprod/radmon_shared.v3.0.0/sorc/verf_radbcoef.fd/bcoef.f90
	modified:   ../util/Radiance_Monitor/nwprod/radmon_shared.v3.0.0/sorc/verf_radbcoef.fd/create_ctl_bcoef.f90
	modified:   ../util/Radiance_Monitor/nwprod/radmon_shared.v3.0.0/sorc/verf_radbcoef.fd/makefile
	modified:   ../util/Radiance_Monitor/nwprod/radmon_shared.v3.0.0/sorc/verf_radbcoef.fd/read_diag.f90
	modified:   ../util/Radiance_Monitor/nwprod/radmon_shared.v3.0.0/sorc/verf_radbcor.fd/avgsdv.f90
	modified:   ../util/Radiance_Monitor/nwprod/radmon_shared.v3.0.0/sorc/verf_radbcor.fd/bcor.f90
	modified:   ../util/Radiance_Monitor/nwprod/radmon_shared.v3.0.0/sorc/verf_radbcor.fd/create_ctl_bcor.f90
	modified:   ../util/Radiance_Monitor/nwprod/radmon_shared.v3.0.0/sorc/verf_radbcor.fd/makefile
	modified:   ../util/Radiance_Monitor/nwprod/radmon_shared.v3.0.0/sorc/verf_radbcor.fd/read_diag.f90
	modified:   ../util/Radiance_Monitor/nwprod/radmon_shared.v3.0.0/sorc/verf_radtime.fd/create_ctl_time.f90
	modified:   ../util/Radiance_Monitor/nwprod/radmon_shared.v3.0.0/sorc/verf_radtime.fd/makefile
	modified:   ../util/Radiance_Monitor/nwprod/radmon_shared.v3.0.0/sorc/verf_radtime.fd/read_diag.f90
	modified:   ../util/Radiance_Monitor/nwprod/radmon_shared.v3.0.0/sorc/verf_radtime.fd/time.f90
	modified:   ../util/Radiance_Monitor/nwprod/radmon_shared.v3.0.0/sorc/verf_radtime.fd/valid.f90
	modified:   ../util/Radiance_Monitor/nwprod/radmon_shared.v3.0.0/ush/radmon_ck_stdout.sh
	modified:   ../util/Radiance_Monitor/nwprod/radmon_shared.v3.0.0/ush/radmon_err_rpt.sh
	modified:   ../util/Radiance_Monitor/nwprod/radmon_shared.v3.0.0/ush/radmon_verf_angle.sh
	modified:   ../util/Radiance_Monitor/nwprod/radmon_shared.v3.0.0/ush/radmon_verf_bcoef.sh
	modified:   ../util/Radiance_Monitor/nwprod/radmon_shared.v3.0.0/ush/radmon_verf_bcor.sh
	modified:   ../util/Radiance_Monitor/nwprod/radmon_shared.v3.0.0/ush/radmon_verf_time.sh
	modified:   ../util/Radiance_Monitor/parm/Makefile.conf.theia
	modified:   ../util/Radiance_Monitor/parm/Makefile.conf.wcoss
	modified:   ../util/Radiance_Utilities/diag2grads/Makefile
	modified:   ../util/Radiance_Utilities/diag2grads/Makefile.conf.wcoss
	modified:   ../util/Radiance_Utilities/diag2grads/Makefile.conf.zeus
	modified:   ../util/Radiance_Utilities/diag2grads/configure
	modified:   ../util/Radiance_Utilities/diag2grads/diag2grads.f90
	modified:   ../util/Radiance_Utilities/diag2grads/diag2grads.sh
	modified:   ../util/Radiance_Utilities/diag2grads/grads_hdr.f90
	deleted:    ../util/Radiance_Utilities/diag2grads/kinds.F90
	deleted:    ../util/Radiance_Utilities/diag2grads/read_diag.f90
	modified:   ../util/Radiance_Utilities/diag2grads/utilities_time.f90
	modified:   ../util/Radiance_Utilities/satinfo_appnd/Makefile
	modified:   ../util/Radiance_bias_correction_Utilities/generate_new_biasfiles.sh
	modified:   ../util/Radiance_bias_correction_Utilities/makefile
	modified:   ../util/Single_Observation/prepobs_prep.bufrtable
	modified:   ../util/bufr_tools/prepbufr.table
	modified:   ../util/global_angupdate/JGDAS_ANGUPDATE
	modified:   ../util/global_angupdate/Makefile
	modified:   ../util/global_angupdate/Makefile.conf.Linux
	modified:   ../util/global_angupdate/Makefile.conf.theia
	modified:   ../util/global_angupdate/Makefile.conf.wcoss
	modified:   ../util/global_angupdate/Makefile.conf.zeus
	modified:   ../util/global_angupdate/configure
	modified:   ../util/global_angupdate/determine_time_levels.f90
	modified:   ../util/global_angupdate/exglobal_angupdate.sh.ecf
	deleted:    ../util/global_angupdate/kinds.F90
	modified:   ../util/global_angupdate/main.F90
	deleted:    ../util/global_angupdate/read_diag.f90
	modified:   ../util/gsienvreport.sh
	modified:   ../util/python_utilities/bin/proc_gsistat.py
	modified:   ../util/radar_process/reflectivity/nc_subs.f90
	modified:   ../util/radar_process/reflectivity/plot_compositeRef.ncl
	modified:   ../util/radar_process/reflectivity/prepobs_prep.bufrtable
	modified:   ../util/radar_process/reflectivity/process_NSSL_mosaic.f90

Untracked files:
  (use "git add <file>..." to include in what will be committed)

	../exec/
	../exec_squential_IO/
	../src/enkf/Makefile
	../src/enkf/Makefile.conf
	../src/enkf/Makefile.dependency.wrf
	../src/enkf/Makefile_wrf
	../src/enkf/log.make.wrf_enkf
	../src/enkf/ori/
	../src/enkf/update_radarDA/
	../src/gsi/Makefile
	../src/gsi/Makefile.conf
	../src/gsi/Makefile.dependency
	../src/gsi/Makefile.src

no changes added to commit (use "git add" and/or "git commit -a")

Compiling commands:
  cmake -DENKF_MODE=WRF -DBUILD_CORELIBS=ON -DBUILD_GSDCLOUD_ARW=ON -DBUILD_ENKF_PREPROCESS_ARW=ON -DBUILD_UTIL_COM=ON -Wno-dev ..
  make -j8
