The system is: Linux - 3.10.0-1062.12.1.el7.x86_64 - x86_64
Compiling the C compiler identification source file "CMakeCCompilerId.c" succeeded.
Compiler: /apps/intel/parallel_studio_xe_2018.4.057/compilers_and_libraries_2018/linux/bin/intel64/icc 
Build flags: 
Id flags: 

The output was:
0


Compilation of the C compiler identification source "CMakeCCompilerId.c" produced "a.out"

The C compiler identification is Intel, found in "/lfs4/NAGAPE/hpc-wof1/ywang/EPIC2/oumap/GSI_WoF/build/CMakeFiles/2.8.12.2/CompilerIdC/a.out"

Compiling the CXX compiler identification source file "CMakeCXXCompilerId.cpp" succeeded.
Compiler: /apps/intel/parallel_studio_xe_2018.4.057/compilers_and_libraries_2018/linux/bin/intel64/icpc 
Build flags: 
Id flags: 

The output was:
0


Compilation of the CXX compiler identification source "CMakeCXXCompilerId.cpp" produced "a.out"

The CXX compiler identification is Intel, found in "/lfs4/NAGAPE/hpc-wof1/ywang/EPIC2/oumap/GSI_WoF/build/CMakeFiles/2.8.12.2/CompilerIdCXX/a.out"

Determining if the C compiler works passed with the following output:
Change Dir: /lfs4/NAGAPE/hpc-wof1/ywang/EPIC2/oumap/GSI_WoF/build/CMakeFiles/CMakeTmp

Run Build Command:/bin/gmake "cmTryCompileExec3635713910/fast"
/bin/gmake -f CMakeFiles/cmTryCompileExec3635713910.dir/build.make CMakeFiles/cmTryCompileExec3635713910.dir/build
gmake[1]: Entering directory `/mnt/lfs4/NAGAPE/hpc-wof1/ywang/EPIC2/oumap/GSI_WoF/build/CMakeFiles/CMakeTmp'
/usr/bin/cmake -E cmake_progress_report /lfs4/NAGAPE/hpc-wof1/ywang/EPIC2/oumap/GSI_WoF/build/CMakeFiles/CMakeTmp/CMakeFiles 1
Building C object CMakeFiles/cmTryCompileExec3635713910.dir/testCCompiler.c.o
/apps/intel/parallel_studio_xe_2018.4.057/compilers_and_libraries_2018/linux/bin/intel64/icc    -o CMakeFiles/cmTryCompileExec3635713910.dir/testCCompiler.c.o   -c /lfs4/NAGAPE/hpc-wof1/ywang/EPIC2/oumap/GSI_WoF/build/CMakeFiles/CMakeTmp/testCCompiler.c
Linking C executable cmTryCompileExec3635713910
/usr/bin/cmake -E cmake_link_script CMakeFiles/cmTryCompileExec3635713910.dir/link.txt --verbose=1
/apps/intel/parallel_studio_xe_2018.4.057/compilers_and_libraries_2018/linux/bin/intel64/icc       CMakeFiles/cmTryCompileExec3635713910.dir/testCCompiler.c.o  -o cmTryCompileExec3635713910 -rdynamic 
gmake[1]: Leaving directory `/mnt/lfs4/NAGAPE/hpc-wof1/ywang/EPIC2/oumap/GSI_WoF/build/CMakeFiles/CMakeTmp'


Detecting C compiler ABI info compiled with the following output:
Change Dir: /lfs4/NAGAPE/hpc-wof1/ywang/EPIC2/oumap/GSI_WoF/build/CMakeFiles/CMakeTmp

Run Build Command:/bin/gmake "cmTryCompileExec3247187829/fast"
/bin/gmake -f CMakeFiles/cmTryCompileExec3247187829.dir/build.make CMakeFiles/cmTryCompileExec3247187829.dir/build
gmake[1]: Entering directory `/mnt/lfs4/NAGAPE/hpc-wof1/ywang/EPIC2/oumap/GSI_WoF/build/CMakeFiles/CMakeTmp'
/usr/bin/cmake -E cmake_progress_report /lfs4/NAGAPE/hpc-wof1/ywang/EPIC2/oumap/GSI_WoF/build/CMakeFiles/CMakeTmp/CMakeFiles 1
Building C object CMakeFiles/cmTryCompileExec3247187829.dir/CMakeCCompilerABI.c.o
/apps/intel/parallel_studio_xe_2018.4.057/compilers_and_libraries_2018/linux/bin/intel64/icc    -o CMakeFiles/cmTryCompileExec3247187829.dir/CMakeCCompilerABI.c.o   -c /usr/share/cmake/Modules/CMakeCCompilerABI.c
Linking C executable cmTryCompileExec3247187829
/usr/bin/cmake -E cmake_link_script CMakeFiles/cmTryCompileExec3247187829.dir/link.txt --verbose=1
/apps/intel/parallel_studio_xe_2018.4.057/compilers_and_libraries_2018/linux/bin/intel64/icc     -v CMakeFiles/cmTryCompileExec3247187829.dir/CMakeCCompilerABI.c.o  -o cmTryCompileExec3247187829 -rdynamic  
icc version 18.0.5 (gcc version 4.8.5 compatibility)
/apps/intel/compilers_and_libraries_2018.5.274/linux/bin/intel64/mcpcom    -mGLOB_em64t=TRUE -mP1OPT_version=18.0-intel64 -mGLOB_diag_file=CMakeFiles/cmTryCompileExec3247187829.dir/CMakeCCompilerABI.c.diag -mGLOB_long_size_64 -mGLOB_routine_pointer_size_64 -mP1OPT_print_version=FALSE -mCG_use_gas_got_workaround=F -mP2OPT_align_option_used=TRUE -mGLOB_gcc_version=485 "-mGLOB_options_string=-v -o cmTryCompileExec3247187829 -rdynamic" -mGLOB_cxx_limited_range=FALSE -mCG_extend_parms=FALSE -mGLOB_compiler_bin_directory=/apps/intel/compilers_and_libraries_2018.5.274/linux/bin/intel64 -mGLOB_as_output_backup_file_name=/tmp/iccjcgTlqas_.s -mGLOB_dashboard_use_source_name -mIPOPT_activate -mGLOB_product_id_code=0x22006d92 -mP3OPT_use_mspp_call_convention -mP2OPT_subs_out_of_bound=FALSE -mP2OPT_disam_type_based_disam=2 -mP2OPT_disam_assume_ansi_c -mP2OPT_checked_disam_ansi_alias=TRUE -mGLOB_ansi_alias -mPGOPTI_value_profile_use=T -mGLOB_opt_report_use_source_name -mP2OPT_il0_array_sections=TRUE -mGLOB_offload_mode=1 -mP2OPT_offload_unique_var_string=icc0289764646XStNEC -mP2OPT_hlo -mP2OPT_hpo_rtt_control=0 -mIPOPT_args_in_regs=0 -mP2OPT_disam_assume_nonstd_intent_in=FALSE -mGLOB_imf_mapping_library=/apps/intel/compilers_and_libraries_2018.5.274/linux/bin/intel64/libiml_attr.so -mPGOPTI_gen_threadsafe_level=0 -mIPOPT_link -mIPOPT_ipo_activate -mIPOPT_mo_activate -mIPOPT_source_files_list=/tmp/iccslisiQZ14Y -mIPOPT_mo_global_data -mIPOPT_link_script_file=/tmp/iccscriptJbWga8 "-mIPOPT_cmdline_link="/usr/lib/gcc/x86_64-redhat-linux/4.8.5/../../../../lib64/crt1.o" "/usr/lib/gcc/x86_64-redhat-linux/4.8.5/../../../../lib64/crti.o" "/usr/lib/gcc/x86_64-redhat-linux/4.8.5/crtbegin.o" "-export-dynamic" "--eh-frame-hdr" "--build-id" "-dynamic-linker" "/lib64/ld-linux-x86-64.so.2" "-m" "elf_x86_64" "-o" "cmTryCompileExec3247187829" "-L/apps/pnetcdf/1.6.1-intel15-impi5/lib" "-L/apps/intel/parallel_studio_xe_2018.4.057/compilers_and_libraries_2018/linux/compiler/lib/intel64_lin" "-L/apps/intel/parallel_studio_xe_2018.4.057/compilers_and_libraries_2018/linux/mkl/lib/intel64_lin" "-L/apps/intel/parallel_studio_xe_2018.4.057/compilers_and_libraries_2018/linux/tbb/lib/intel64/gcc4.7" "-L/apps/intel/parallel_studio_xe_2018.4.057/compilers_and_libraries_2018/linux/daal/lib/intel64_lin" "-L/apps/intel/parallel_studio_xe_2018.4.057/compilers_and_libraries_2018/linux/daal/../tbb/lib/intel64_lin/gcc4.4" "-L/apps/intel/compilers_and_libraries_2018.5.274/linux/compiler/lib/intel64_lin" "-L/usr/lib/gcc/x86_64-redhat-linux/4.8.5/" "-L/usr/lib/gcc/x86_64-redhat-linux/4.8.5/../../../../lib64" "-L/usr/lib/gcc/x86_64-redhat-linux/4.8.5/../../../../lib64/" "-L/lib/../lib64" "-L/lib/../lib64/" "-L/usr/lib/../lib64" "-L/usr/lib/../lib64/" "-L/apps/pnetcdf/1.6.1-intel15-impi5/lib/" "-L/apps/intel/parallel_studio_xe_2018.4.057/compilers_and_libraries_2018/linux/compiler/lib/intel64_lin/" "-L/apps/intel/parallel_studio_xe_2018.4.057/compilers_and_libraries_2018/linux/mkl/lib/intel64_lin/" "-L/apps/intel/parallel_studio_xe_2018.4.057/compilers_and_libraries_2018/linux/tbb/lib/intel64/gcc4.7/" "-L/apps/intel/parallel_studio_xe_2018.4.057/compilers_and_libraries_2018/linux/daal/lib/intel64_lin/" "-L/apps/intel/parallel_studio_xe_2018.4.057/compilers_and_libraries_2018/linux/daal/../tbb/lib/intel64_lin/gcc4.4/" "-L/usr/lib/gcc/x86_64-redhat-linux/4.8.5/../../../" "-L/lib64" "-L/lib/" "-L/usr/lib64" "-L/usr/lib" "CMakeFiles/cmTryCompileExec3247187829.dir/CMakeCCompilerABI.c.o" "-Bdynamic" "-Bstatic" "-limf" "-lsvml" "-lirng" "-Bdynamic" "-lm" "-Bstatic" "-lipgo" "-ldecimal" "--as-needed" "-Bdynamic" "-lcilkrts" "-lstdc++" "--no-as-needed" "-lgcc" "-lgcc_s" "-Bstatic" "-lirc" "-lsvml" "-Bdynamic" "-lc" "-lgcc" "-lgcc_s" "-Bstatic" "-lirc_s" "-Bdynamic" "-ldl" "-lc" "/usr/lib/gcc/x86_64-redhat-linux/4.8.5/crtend.o" "/usr/lib/gcc/x86_64-redhat-linux/4.8.5/../../../../lib64/crtn.o"" -mIPOPT_il_in_obj -mIPOPT_ipo_activate_warn=FALSE -mIPOPT_obj_output_file_name=/tmp/ipo_iccEhTzz6.o -mIPOPT_whole_archive_fixup_file_name=/tmp/iccwarchOhJnHR -mGLOB_linker_version=2.27 -mGLOB_driver_tempfile_name=/tmp/icctempfileTEwAP0 -mP3OPT_asm_target=P3OPT_ASM_TARGET_GAS -mGLOB_async_unwind_tables=TRUE -mGLOB_obj_output_file=/tmp/ipo_iccEhTzz6.o -mGLOB_source_dialect=GLOB_SOURCE_DIALECT_NONE -mP1OPT_source_file_name=ipo_out.c CMakeFiles/cmTryCompileExec3247187829.dir/CMakeCCompilerABI.c.o -mIPOPT_object_files=T -mIPOPT_assembly_files=/tmp/iccalisqPX2Jo -mIPOPT_generated_tempfiles=/tmp/iccelisfwhhPx -mIPOPT_embedded_object_base_name=/tmp/icceobjoo9wUG -mIPOPT_cmdline_link_new_name=/tmp/iccllisDWKMZP
ld    /usr/lib/gcc/x86_64-redhat-linux/4.8.5/../../../../lib64/crt1.o /usr/lib/gcc/x86_64-redhat-linux/4.8.5/../../../../lib64/crti.o /usr/lib/gcc/x86_64-redhat-linux/4.8.5/crtbegin.o -export-dynamic --eh-frame-hdr --build-id -dynamic-linker /lib64/ld-linux-x86-64.so.2 -m elf_x86_64 -o cmTryCompileExec3247187829 -L/apps/pnetcdf/1.6.1-intel15-impi5/lib -L/apps/intel/parallel_studio_xe_2018.4.057/compilers_and_libraries_2018/linux/compiler/lib/intel64_lin -L/apps/intel/parallel_studio_xe_2018.4.057/compilers_and_libraries_2018/linux/mkl/lib/intel64_lin -L/apps/intel/parallel_studio_xe_2018.4.057/compilers_and_libraries_2018/linux/tbb/lib/intel64/gcc4.7 -L/apps/intel/parallel_studio_xe_2018.4.057/compilers_and_libraries_2018/linux/daal/lib/intel64_lin -L/apps/intel/parallel_studio_xe_2018.4.057/compilers_and_libraries_2018/linux/daal/../tbb/lib/intel64_lin/gcc4.4 -L/apps/intel/compilers_and_libraries_2018.5.274/linux/compiler/lib/intel64_lin -L/usr/lib/gcc/x86_64-redhat-linux/4.8.5/ -L/usr/lib/gcc/x86_64-redhat-linux/4.8.5/../../../../lib64 -L/usr/lib/gcc/x86_64-redhat-linux/4.8.5/../../../../lib64/ -L/lib/../lib64 -L/lib/../lib64/ -L/usr/lib/../lib64 -L/usr/lib/../lib64/ -L/apps/pnetcdf/1.6.1-intel15-impi5/lib/ -L/apps/intel/parallel_studio_xe_2018.4.057/compilers_and_libraries_2018/linux/compiler/lib/intel64_lin/ -L/apps/intel/parallel_studio_xe_2018.4.057/compilers_and_libraries_2018/linux/mkl/lib/intel64_lin/ -L/apps/intel/parallel_studio_xe_2018.4.057/compilers_and_libraries_2018/linux/tbb/lib/intel64/gcc4.7/ -L/apps/intel/parallel_studio_xe_2018.4.057/compilers_and_libraries_2018/linux/daal/lib/intel64_lin/ -L/apps/intel/parallel_studio_xe_2018.4.057/compilers_and_libraries_2018/linux/daal/../tbb/lib/intel64_lin/gcc4.4/ -L/usr/lib/gcc/x86_64-redhat-linux/4.8.5/../../../ -L/lib64 -L/lib/ -L/usr/lib64 -L/usr/lib CMakeFiles/cmTryCompileExec3247187829.dir/CMakeCCompilerABI.c.o -Bdynamic -Bstatic -limf -lsvml -lirng -Bdynamic -lm -Bstatic -lipgo -ldecimal --as-needed -Bdynamic -lcilkrts -lstdc++ --no-as-needed -lgcc -lgcc_s -Bstatic -lirc -lsvml -Bdynamic -lc -lgcc -lgcc_s -Bstatic -lirc_s -Bdynamic -ldl -lc /usr/lib/gcc/x86_64-redhat-linux/4.8.5/crtend.o /usr/lib/gcc/x86_64-redhat-linux/4.8.5/../../../../lib64/crtn.o
gmake[1]: Leaving directory `/mnt/lfs4/NAGAPE/hpc-wof1/ywang/EPIC2/oumap/GSI_WoF/build/CMakeFiles/CMakeTmp'


Parsed C implicit link information from above output:
  link line regex: [^( *|.*[/\])(ld|([^/\]+-)?ld|collect2)[^/\]*( |$)]
  ignore line: [Change Dir: /lfs4/NAGAPE/hpc-wof1/ywang/EPIC2/oumap/GSI_WoF/build/CMakeFiles/CMakeTmp]
  ignore line: []
  ignore line: [Run Build Command:/bin/gmake "cmTryCompileExec3247187829/fast"]
  ignore line: [/bin/gmake -f CMakeFiles/cmTryCompileExec3247187829.dir/build.make CMakeFiles/cmTryCompileExec3247187829.dir/build]
  ignore line: [gmake[1]: Entering directory `/mnt/lfs4/NAGAPE/hpc-wof1/ywang/EPIC2/oumap/GSI_WoF/build/CMakeFiles/CMakeTmp']
  ignore line: [/usr/bin/cmake -E cmake_progress_report /lfs4/NAGAPE/hpc-wof1/ywang/EPIC2/oumap/GSI_WoF/build/CMakeFiles/CMakeTmp/CMakeFiles 1]
  ignore line: [Building C object CMakeFiles/cmTryCompileExec3247187829.dir/CMakeCCompilerABI.c.o]
  ignore line: [/apps/intel/parallel_studio_xe_2018.4.057/compilers_and_libraries_2018/linux/bin/intel64/icc    -o CMakeFiles/cmTryCompileExec3247187829.dir/CMakeCCompilerABI.c.o   -c /usr/share/cmake/Modules/CMakeCCompilerABI.c]
  ignore line: [Linking C executable cmTryCompileExec3247187829]
  ignore line: [/usr/bin/cmake -E cmake_link_script CMakeFiles/cmTryCompileExec3247187829.dir/link.txt --verbose=1]
  ignore line: [/apps/intel/parallel_studio_xe_2018.4.057/compilers_and_libraries_2018/linux/bin/intel64/icc     -v CMakeFiles/cmTryCompileExec3247187829.dir/CMakeCCompilerABI.c.o  -o cmTryCompileExec3247187829 -rdynamic  ]
  ignore line: [icc version 18.0.5 (gcc version 4.8.5 compatibility)]
  ignore line: [/apps/intel/compilers_and_libraries_2018.5.274/linux/bin/intel64/mcpcom    -mGLOB_em64t=TRUE -mP1OPT_version=18.0-intel64 -mGLOB_diag_file=CMakeFiles/cmTryCompileExec3247187829.dir/CMakeCCompilerABI.c.diag -mGLOB_long_size_64 -mGLOB_routine_pointer_size_64 -mP1OPT_print_version=FALSE -mCG_use_gas_got_workaround=F -mP2OPT_align_option_used=TRUE -mGLOB_gcc_version=485 "-mGLOB_options_string=-v -o cmTryCompileExec3247187829 -rdynamic" -mGLOB_cxx_limited_range=FALSE -mCG_extend_parms=FALSE -mGLOB_compiler_bin_directory=/apps/intel/compilers_and_libraries_2018.5.274/linux/bin/intel64 -mGLOB_as_output_backup_file_name=/tmp/iccjcgTlqas_.s -mGLOB_dashboard_use_source_name -mIPOPT_activate -mGLOB_product_id_code=0x22006d92 -mP3OPT_use_mspp_call_convention -mP2OPT_subs_out_of_bound=FALSE -mP2OPT_disam_type_based_disam=2 -mP2OPT_disam_assume_ansi_c -mP2OPT_checked_disam_ansi_alias=TRUE -mGLOB_ansi_alias -mPGOPTI_value_profile_use=T -mGLOB_opt_report_use_source_name -mP2OPT_il0_array_sections=TRUE -mGLOB_offload_mode=1 -mP2OPT_offload_unique_var_string=icc0289764646XStNEC -mP2OPT_hlo -mP2OPT_hpo_rtt_control=0 -mIPOPT_args_in_regs=0 -mP2OPT_disam_assume_nonstd_intent_in=FALSE -mGLOB_imf_mapping_library=/apps/intel/compilers_and_libraries_2018.5.274/linux/bin/intel64/libiml_attr.so -mPGOPTI_gen_threadsafe_level=0 -mIPOPT_link -mIPOPT_ipo_activate -mIPOPT_mo_activate -mIPOPT_source_files_list=/tmp/iccslisiQZ14Y -mIPOPT_mo_global_data -mIPOPT_link_script_file=/tmp/iccscriptJbWga8 "-mIPOPT_cmdline_link="/usr/lib/gcc/x86_64-redhat-linux/4.8.5/../../../../lib64/crt1.o" "/usr/lib/gcc/x86_64-redhat-linux/4.8.5/../../../../lib64/crti.o" "/usr/lib/gcc/x86_64-redhat-linux/4.8.5/crtbegin.o" "-export-dynamic" "--eh-frame-hdr" "--build-id" "-dynamic-linker" "/lib64/ld-linux-x86-64.so.2" "-m" "elf_x86_64" "-o" "cmTryCompileExec3247187829" "-L/apps/pnetcdf/1.6.1-intel15-impi5/lib" "-L/apps/intel/parallel_studio_xe_2018.4.057/compilers_and_libraries_2018/linux/compiler/lib/intel64_lin" "-L/apps/intel/parallel_studio_xe_2018.4.057/compilers_and_libraries_2018/linux/mkl/lib/intel64_lin" "-L/apps/intel/parallel_studio_xe_2018.4.057/compilers_and_libraries_2018/linux/tbb/lib/intel64/gcc4.7" "-L/apps/intel/parallel_studio_xe_2018.4.057/compilers_and_libraries_2018/linux/daal/lib/intel64_lin" "-L/apps/intel/parallel_studio_xe_2018.4.057/compilers_and_libraries_2018/linux/daal/../tbb/lib/intel64_lin/gcc4.4" "-L/apps/intel/compilers_and_libraries_2018.5.274/linux/compiler/lib/intel64_lin" "-L/usr/lib/gcc/x86_64-redhat-linux/4.8.5/" "-L/usr/lib/gcc/x86_64-redhat-linux/4.8.5/../../../../lib64" "-L/usr/lib/gcc/x86_64-redhat-linux/4.8.5/../../../../lib64/" "-L/lib/../lib64" "-L/lib/../lib64/" "-L/usr/lib/../lib64" "-L/usr/lib/../lib64/" "-L/apps/pnetcdf/1.6.1-intel15-impi5/lib/" "-L/apps/intel/parallel_studio_xe_2018.4.057/compilers_and_libraries_2018/linux/compiler/lib/intel64_lin/" "-L/apps/intel/parallel_studio_xe_2018.4.057/compilers_and_libraries_2018/linux/mkl/lib/intel64_lin/" "-L/apps/intel/parallel_studio_xe_2018.4.057/compilers_and_libraries_2018/linux/tbb/lib/intel64/gcc4.7/" "-L/apps/intel/parallel_studio_xe_2018.4.057/compilers_and_libraries_2018/linux/daal/lib/intel64_lin/" "-L/apps/intel/parallel_studio_xe_2018.4.057/compilers_and_libraries_2018/linux/daal/../tbb/lib/intel64_lin/gcc4.4/" "-L/usr/lib/gcc/x86_64-redhat-linux/4.8.5/../../../" "-L/lib64" "-L/lib/" "-L/usr/lib64" "-L/usr/lib" "CMakeFiles/cmTryCompileExec3247187829.dir/CMakeCCompilerABI.c.o" "-Bdynamic" "-Bstatic" "-limf" "-lsvml" "-lirng" "-Bdynamic" "-lm" "-Bstatic" "-lipgo" "-ldecimal" "--as-needed" "-Bdynamic" "-lcilkrts" "-lstdc++" "--no-as-needed" "-lgcc" "-lgcc_s" "-Bstatic" "-lirc" "-lsvml" "-Bdynamic" "-lc" "-lgcc" "-lgcc_s" "-Bstatic" "-lirc_s" "-Bdynamic" "-ldl" "-lc" "/usr/lib/gcc/x86_64-redhat-linux/4.8.5/crtend.o" "/usr/lib/gcc/x86_64-redhat-linux/4.8.5/../../../../lib64/crtn.o"" -mIPOPT_il_in_obj -mIPOPT_ipo_activate_warn=FALSE -mIPOPT_obj_output_file_name=/tmp/ipo_iccEhTzz6.o -mIPOPT_whole_archive_fixup_file_name=/tmp/iccwarchOhJnHR -mGLOB_linker_version=2.27 -mGLOB_driver_tempfile_name=/tmp/icctempfileTEwAP0 -mP3OPT_asm_target=P3OPT_ASM_TARGET_GAS -mGLOB_async_unwind_tables=TRUE -mGLOB_obj_output_file=/tmp/ipo_iccEhTzz6.o -mGLOB_source_dialect=GLOB_SOURCE_DIALECT_NONE -mP1OPT_source_file_name=ipo_out.c CMakeFiles/cmTryCompileExec3247187829.dir/CMakeCCompilerABI.c.o -mIPOPT_object_files=T -mIPOPT_assembly_files=/tmp/iccalisqPX2Jo -mIPOPT_generated_tempfiles=/tmp/iccelisfwhhPx -mIPOPT_embedded_object_base_name=/tmp/icceobjoo9wUG -mIPOPT_cmdline_link_new_name=/tmp/iccllisDWKMZP]
  link line: [ld    /usr/lib/gcc/x86_64-redhat-linux/4.8.5/../../../../lib64/crt1.o /usr/lib/gcc/x86_64-redhat-linux/4.8.5/../../../../lib64/crti.o /usr/lib/gcc/x86_64-redhat-linux/4.8.5/crtbegin.o -export-dynamic --eh-frame-hdr --build-id -dynamic-linker /lib64/ld-linux-x86-64.so.2 -m elf_x86_64 -o cmTryCompileExec3247187829 -L/apps/pnetcdf/1.6.1-intel15-impi5/lib -L/apps/intel/parallel_studio_xe_2018.4.057/compilers_and_libraries_2018/linux/compiler/lib/intel64_lin -L/apps/intel/parallel_studio_xe_2018.4.057/compilers_and_libraries_2018/linux/mkl/lib/intel64_lin -L/apps/intel/parallel_studio_xe_2018.4.057/compilers_and_libraries_2018/linux/tbb/lib/intel64/gcc4.7 -L/apps/intel/parallel_studio_xe_2018.4.057/compilers_and_libraries_2018/linux/daal/lib/intel64_lin -L/apps/intel/parallel_studio_xe_2018.4.057/compilers_and_libraries_2018/linux/daal/../tbb/lib/intel64_lin/gcc4.4 -L/apps/intel/compilers_and_libraries_2018.5.274/linux/compiler/lib/intel64_lin -L/usr/lib/gcc/x86_64-redhat-linux/4.8.5/ -L/usr/lib/gcc/x86_64-redhat-linux/4.8.5/../../../../lib64 -L/usr/lib/gcc/x86_64-redhat-linux/4.8.5/../../../../lib64/ -L/lib/../lib64 -L/lib/../lib64/ -L/usr/lib/../lib64 -L/usr/lib/../lib64/ -L/apps/pnetcdf/1.6.1-intel15-impi5/lib/ -L/apps/intel/parallel_studio_xe_2018.4.057/compilers_and_libraries_2018/linux/compiler/lib/intel64_lin/ -L/apps/intel/parallel_studio_xe_2018.4.057/compilers_and_libraries_2018/linux/mkl/lib/intel64_lin/ -L/apps/intel/parallel_studio_xe_2018.4.057/compilers_and_libraries_2018/linux/tbb/lib/intel64/gcc4.7/ -L/apps/intel/parallel_studio_xe_2018.4.057/compilers_and_libraries_2018/linux/daal/lib/intel64_lin/ -L/apps/intel/parallel_studio_xe_2018.4.057/compilers_and_libraries_2018/linux/daal/../tbb/lib/intel64_lin/gcc4.4/ -L/usr/lib/gcc/x86_64-redhat-linux/4.8.5/../../../ -L/lib64 -L/lib/ -L/usr/lib64 -L/usr/lib CMakeFiles/cmTryCompileExec3247187829.dir/CMakeCCompilerABI.c.o -Bdynamic -Bstatic -limf -lsvml -lirng -Bdynamic -lm -Bstatic -lipgo -ldecimal --as-needed -Bdynamic -lcilkrts -lstdc++ --no-as-needed -lgcc -lgcc_s -Bstatic -lirc -lsvml -Bdynamic -lc -lgcc -lgcc_s -Bstatic -lirc_s -Bdynamic -ldl -lc /usr/lib/gcc/x86_64-redhat-linux/4.8.5/crtend.o /usr/lib/gcc/x86_64-redhat-linux/4.8.5/../../../../lib64/crtn.o]
    arg [ld] ==> ignore
    arg [/usr/lib/gcc/x86_64-redhat-linux/4.8.5/../../../../lib64/crt1.o] ==> ignore
    arg [/usr/lib/gcc/x86_64-redhat-linux/4.8.5/../../../../lib64/crti.o] ==> ignore
    arg [/usr/lib/gcc/x86_64-redhat-linux/4.8.5/crtbegin.o] ==> ignore
    arg [-export-dynamic] ==> ignore
    arg [--eh-frame-hdr] ==> ignore
    arg [--build-id] ==> ignore
    arg [-dynamic-linker] ==> ignore
    arg [/lib64/ld-linux-x86-64.so.2] ==> ignore
    arg [-m] ==> ignore
    arg [elf_x86_64] ==> ignore
    arg [-o] ==> ignore
    arg [cmTryCompileExec3247187829] ==> ignore
    arg [-L/apps/pnetcdf/1.6.1-intel15-impi5/lib] ==> dir [/apps/pnetcdf/1.6.1-intel15-impi5/lib]
    arg [-L/apps/intel/parallel_studio_xe_2018.4.057/compilers_and_libraries_2018/linux/compiler/lib/intel64_lin] ==> dir [/apps/intel/parallel_studio_xe_2018.4.057/compilers_and_libraries_2018/linux/compiler/lib/intel64_lin]
    arg [-L/apps/intel/parallel_studio_xe_2018.4.057/compilers_and_libraries_2018/linux/mkl/lib/intel64_lin] ==> dir [/apps/intel/parallel_studio_xe_2018.4.057/compilers_and_libraries_2018/linux/mkl/lib/intel64_lin]
    arg [-L/apps/intel/parallel_studio_xe_2018.4.057/compilers_and_libraries_2018/linux/tbb/lib/intel64/gcc4.7] ==> dir [/apps/intel/parallel_studio_xe_2018.4.057/compilers_and_libraries_2018/linux/tbb/lib/intel64/gcc4.7]
    arg [-L/apps/intel/parallel_studio_xe_2018.4.057/compilers_and_libraries_2018/linux/daal/lib/intel64_lin] ==> dir [/apps/intel/parallel_studio_xe_2018.4.057/compilers_and_libraries_2018/linux/daal/lib/intel64_lin]
    arg [-L/apps/intel/parallel_studio_xe_2018.4.057/compilers_and_libraries_2018/linux/daal/../tbb/lib/intel64_lin/gcc4.4] ==> dir [/apps/intel/parallel_studio_xe_2018.4.057/compilers_and_libraries_2018/linux/daal/../tbb/lib/intel64_lin/gcc4.4]
    arg [-L/apps/intel/compilers_and_libraries_2018.5.274/linux/compiler/lib/intel64_lin] ==> dir [/apps/intel/compilers_and_libraries_2018.5.274/linux/compiler/lib/intel64_lin]
    arg [-L/usr/lib/gcc/x86_64-redhat-linux/4.8.5/] ==> dir [/usr/lib/gcc/x86_64-redhat-linux/4.8.5/]
    arg [-L/usr/lib/gcc/x86_64-redhat-linux/4.8.5/../../../../lib64] ==> dir [/usr/lib/gcc/x86_64-redhat-linux/4.8.5/../../../../lib64]
    arg [-L/usr/lib/gcc/x86_64-redhat-linux/4.8.5/../../../../lib64/] ==> dir [/usr/lib/gcc/x86_64-redhat-linux/4.8.5/../../../../lib64/]
    arg [-L/lib/../lib64] ==> dir [/lib/../lib64]
    arg [-L/lib/../lib64/] ==> dir [/lib/../lib64/]
    arg [-L/usr/lib/../lib64] ==> dir [/usr/lib/../lib64]
    arg [-L/usr/lib/../lib64/] ==> dir [/usr/lib/../lib64/]
    arg [-L/apps/pnetcdf/1.6.1-intel15-impi5/lib/] ==> dir [/apps/pnetcdf/1.6.1-intel15-impi5/lib/]
    arg [-L/apps/intel/parallel_studio_xe_2018.4.057/compilers_and_libraries_2018/linux/compiler/lib/intel64_lin/] ==> dir [/apps/intel/parallel_studio_xe_2018.4.057/compilers_and_libraries_2018/linux/compiler/lib/intel64_lin/]
    arg [-L/apps/intel/parallel_studio_xe_2018.4.057/compilers_and_libraries_2018/linux/mkl/lib/intel64_lin/] ==> dir [/apps/intel/parallel_studio_xe_2018.4.057/compilers_and_libraries_2018/linux/mkl/lib/intel64_lin/]
    arg [-L/apps/intel/parallel_studio_xe_2018.4.057/compilers_and_libraries_2018/linux/tbb/lib/intel64/gcc4.7/] ==> dir [/apps/intel/parallel_studio_xe_2018.4.057/compilers_and_libraries_2018/linux/tbb/lib/intel64/gcc4.7/]
    arg [-L/apps/intel/parallel_studio_xe_2018.4.057/compilers_and_libraries_2018/linux/daal/lib/intel64_lin/] ==> dir [/apps/intel/parallel_studio_xe_2018.4.057/compilers_and_libraries_2018/linux/daal/lib/intel64_lin/]
    arg [-L/apps/intel/parallel_studio_xe_2018.4.057/compilers_and_libraries_2018/linux/daal/../tbb/lib/intel64_lin/gcc4.4/] ==> dir [/apps/intel/parallel_studio_xe_2018.4.057/compilers_and_libraries_2018/linux/daal/../tbb/lib/intel64_lin/gcc4.4/]
    arg [-L/usr/lib/gcc/x86_64-redhat-linux/4.8.5/../../../] ==> dir [/usr/lib/gcc/x86_64-redhat-linux/4.8.5/../../../]
    arg [-L/lib64] ==> dir [/lib64]
    arg [-L/lib/] ==> dir [/lib/]
    arg [-L/usr/lib64] ==> dir [/usr/lib64]
    arg [-L/usr/lib] ==> dir [/usr/lib]
    arg [CMakeFiles/cmTryCompileExec3247187829.dir/CMakeCCompilerABI.c.o] ==> ignore
    arg [-Bdynamic] ==> ignore
    arg [-Bstatic] ==> ignore
    arg [-limf] ==> lib [imf]
    arg [-lsvml] ==> lib [svml]
    arg [-lirng] ==> lib [irng]
    arg [-Bdynamic] ==> ignore
    arg [-lm] ==> lib [m]
    arg [-Bstatic] ==> ignore
    arg [-lipgo] ==> lib [ipgo]
    arg [-ldecimal] ==> lib [decimal]
    arg [--as-needed] ==> ignore
    arg [-Bdynamic] ==> ignore
    arg [-lcilkrts] ==> lib [cilkrts]
    arg [-lstdc++] ==> lib [stdc++]
    arg [--no-as-needed] ==> ignore
    arg [-lgcc] ==> lib [gcc]
    arg [-lgcc_s] ==> lib [gcc_s]
    arg [-Bstatic] ==> ignore
    arg [-lirc] ==> lib [irc]
    arg [-lsvml] ==> lib [svml]
    arg [-Bdynamic] ==> ignore
    arg [-lc] ==> lib [c]
    arg [-lgcc] ==> lib [gcc]
    arg [-lgcc_s] ==> lib [gcc_s]
    arg [-Bstatic] ==> ignore
    arg [-lirc_s] ==> lib [irc_s]
    arg [-Bdynamic] ==> ignore
    arg [-ldl] ==> lib [dl]
    arg [-lc] ==> lib [c]
    arg [/usr/lib/gcc/x86_64-redhat-linux/4.8.5/crtend.o] ==> ignore
    arg [/usr/lib/gcc/x86_64-redhat-linux/4.8.5/../../../../lib64/crtn.o] ==> ignore
  remove lib [gcc]
  remove lib [gcc_s]
  remove lib [gcc]
  remove lib [gcc_s]
  collapse library dir [/apps/pnetcdf/1.6.1-intel15-impi5/lib] ==> [/apps/pnetcdf/1.6.1-intel15-impi5/lib]
  collapse library dir [/apps/intel/parallel_studio_xe_2018.4.057/compilers_and_libraries_2018/linux/compiler/lib/intel64_lin] ==> [/apps/intel/parallel_studio_xe_2018.4.057/compilers_and_libraries_2018/linux/compiler/lib/intel64_lin]
  collapse library dir [/apps/intel/parallel_studio_xe_2018.4.057/compilers_and_libraries_2018/linux/mkl/lib/intel64_lin] ==> [/apps/intel/parallel_studio_xe_2018.4.057/compilers_and_libraries_2018/linux/mkl/lib/intel64_lin]
  collapse library dir [/apps/intel/parallel_studio_xe_2018.4.057/compilers_and_libraries_2018/linux/tbb/lib/intel64/gcc4.7] ==> [/apps/intel/parallel_studio_xe_2018.4.057/compilers_and_libraries_2018/linux/tbb/lib/intel64/gcc4.7]
  collapse library dir [/apps/intel/parallel_studio_xe_2018.4.057/compilers_and_libraries_2018/linux/daal/lib/intel64_lin] ==> [/apps/intel/parallel_studio_xe_2018.4.057/compilers_and_libraries_2018/linux/daal/lib/intel64_lin]
  collapse library dir [/apps/intel/parallel_studio_xe_2018.4.057/compilers_and_libraries_2018/linux/daal/../tbb/lib/intel64_lin/gcc4.4] ==> [/apps/intel/parallel_studio_xe_2018.4.057/compilers_and_libraries_2018/linux/tbb/lib/intel64_lin/gcc4.4]
  collapse library dir [/apps/intel/compilers_and_libraries_2018.5.274/linux/compiler/lib/intel64_lin] ==> [/apps/intel/compilers_and_libraries_2018.5.274/linux/compiler/lib/intel64_lin]
  collapse library dir [/usr/lib/gcc/x86_64-redhat-linux/4.8.5/] ==> [/usr/lib/gcc/x86_64-redhat-linux/4.8.5]
  collapse library dir [/usr/lib/gcc/x86_64-redhat-linux/4.8.5/../../../../lib64] ==> [/usr/lib64]
  collapse library dir [/usr/lib/gcc/x86_64-redhat-linux/4.8.5/../../../../lib64/] ==> [/usr/lib64]
  collapse library dir [/lib/../lib64] ==> [/lib64]
  collapse library dir [/lib/../lib64/] ==> [/lib64]
  collapse library dir [/usr/lib/../lib64] ==> [/usr/lib64]
  collapse library dir [/usr/lib/../lib64/] ==> [/usr/lib64]
  collapse library dir [/apps/pnetcdf/1.6.1-intel15-impi5/lib/] ==> [/apps/pnetcdf/1.6.1-intel15-impi5/lib]
  collapse library dir [/apps/intel/parallel_studio_xe_2018.4.057/compilers_and_libraries_2018/linux/compiler/lib/intel64_lin/] ==> [/apps/intel/parallel_studio_xe_2018.4.057/compilers_and_libraries_2018/linux/compiler/lib/intel64_lin]
  collapse library dir [/apps/intel/parallel_studio_xe_2018.4.057/compilers_and_libraries_2018/linux/mkl/lib/intel64_lin/] ==> [/apps/intel/parallel_studio_xe_2018.4.057/compilers_and_libraries_2018/linux/mkl/lib/intel64_lin]
  collapse library dir [/apps/intel/parallel_studio_xe_2018.4.057/compilers_and_libraries_2018/linux/tbb/lib/intel64/gcc4.7/] ==> [/apps/intel/parallel_studio_xe_2018.4.057/compilers_and_libraries_2018/linux/tbb/lib/intel64/gcc4.7]
  collapse library dir [/apps/intel/parallel_studio_xe_2018.4.057/compilers_and_libraries_2018/linux/daal/lib/intel64_lin/] ==> [/apps/intel/parallel_studio_xe_2018.4.057/compilers_and_libraries_2018/linux/daal/lib/intel64_lin]
  collapse library dir [/apps/intel/parallel_studio_xe_2018.4.057/compilers_and_libraries_2018/linux/daal/../tbb/lib/intel64_lin/gcc4.4/] ==> [/apps/intel/parallel_studio_xe_2018.4.057/compilers_and_libraries_2018/linux/tbb/lib/intel64_lin/gcc4.4]
  collapse library dir [/usr/lib/gcc/x86_64-redhat-linux/4.8.5/../../../] ==> [/usr/lib]
  collapse library dir [/lib64] ==> [/lib64]
  collapse library dir [/lib/] ==> [/lib]
  collapse library dir [/usr/lib64] ==> [/usr/lib64]
  collapse library dir [/usr/lib] ==> [/usr/lib]
  implicit libs: [imf;svml;irng;m;ipgo;decimal;cilkrts;stdc++;irc;svml;c;irc_s;dl;c]
  implicit dirs: [/apps/pnetcdf/1.6.1-intel15-impi5/lib;/apps/intel/parallel_studio_xe_2018.4.057/compilers_and_libraries_2018/linux/compiler/lib/intel64_lin;/apps/intel/parallel_studio_xe_2018.4.057/compilers_and_libraries_2018/linux/mkl/lib/intel64_lin;/apps/intel/parallel_studio_xe_2018.4.057/compilers_and_libraries_2018/linux/tbb/lib/intel64/gcc4.7;/apps/intel/parallel_studio_xe_2018.4.057/compilers_and_libraries_2018/linux/daal/lib/intel64_lin;/apps/intel/parallel_studio_xe_2018.4.057/compilers_and_libraries_2018/linux/tbb/lib/intel64_lin/gcc4.4;/apps/intel/compilers_and_libraries_2018.5.274/linux/compiler/lib/intel64_lin;/usr/lib/gcc/x86_64-redhat-linux/4.8.5;/usr/lib64;/lib64;/usr/lib;/lib]
  implicit fwks: []


Determining if the CXX compiler works passed with the following output:
Change Dir: /lfs4/NAGAPE/hpc-wof1/ywang/EPIC2/oumap/GSI_WoF/build/CMakeFiles/CMakeTmp

Run Build Command:/bin/gmake "cmTryCompileExec2077619847/fast"
/bin/gmake -f CMakeFiles/cmTryCompileExec2077619847.dir/build.make CMakeFiles/cmTryCompileExec2077619847.dir/build
gmake[1]: Entering directory `/mnt/lfs4/NAGAPE/hpc-wof1/ywang/EPIC2/oumap/GSI_WoF/build/CMakeFiles/CMakeTmp'
/usr/bin/cmake -E cmake_progress_report /lfs4/NAGAPE/hpc-wof1/ywang/EPIC2/oumap/GSI_WoF/build/CMakeFiles/CMakeTmp/CMakeFiles 1
Building CXX object CMakeFiles/cmTryCompileExec2077619847.dir/testCXXCompiler.cxx.o
/apps/intel/parallel_studio_xe_2018.4.057/compilers_and_libraries_2018/linux/bin/intel64/icpc     -o CMakeFiles/cmTryCompileExec2077619847.dir/testCXXCompiler.cxx.o -c /lfs4/NAGAPE/hpc-wof1/ywang/EPIC2/oumap/GSI_WoF/build/CMakeFiles/CMakeTmp/testCXXCompiler.cxx
Linking CXX executable cmTryCompileExec2077619847
/usr/bin/cmake -E cmake_link_script CMakeFiles/cmTryCompileExec2077619847.dir/link.txt --verbose=1
/apps/intel/parallel_studio_xe_2018.4.057/compilers_and_libraries_2018/linux/bin/intel64/icpc        CMakeFiles/cmTryCompileExec2077619847.dir/testCXXCompiler.cxx.o  -o cmTryCompileExec2077619847 -rdynamic 
gmake[1]: Leaving directory `/mnt/lfs4/NAGAPE/hpc-wof1/ywang/EPIC2/oumap/GSI_WoF/build/CMakeFiles/CMakeTmp'


Detecting CXX compiler ABI info compiled with the following output:
Change Dir: /lfs4/NAGAPE/hpc-wof1/ywang/EPIC2/oumap/GSI_WoF/build/CMakeFiles/CMakeTmp

Run Build Command:/bin/gmake "cmTryCompileExec1482549936/fast"
/bin/gmake -f CMakeFiles/cmTryCompileExec1482549936.dir/build.make CMakeFiles/cmTryCompileExec1482549936.dir/build
gmake[1]: Entering directory `/mnt/lfs4/NAGAPE/hpc-wof1/ywang/EPIC2/oumap/GSI_WoF/build/CMakeFiles/CMakeTmp'
/usr/bin/cmake -E cmake_progress_report /lfs4/NAGAPE/hpc-wof1/ywang/EPIC2/oumap/GSI_WoF/build/CMakeFiles/CMakeTmp/CMakeFiles 1
Building CXX object CMakeFiles/cmTryCompileExec1482549936.dir/CMakeCXXCompilerABI.cpp.o
/apps/intel/parallel_studio_xe_2018.4.057/compilers_and_libraries_2018/linux/bin/intel64/icpc     -o CMakeFiles/cmTryCompileExec1482549936.dir/CMakeCXXCompilerABI.cpp.o -c /usr/share/cmake/Modules/CMakeCXXCompilerABI.cpp
Linking CXX executable cmTryCompileExec1482549936
/usr/bin/cmake -E cmake_link_script CMakeFiles/cmTryCompileExec1482549936.dir/link.txt --verbose=1
/apps/intel/parallel_studio_xe_2018.4.057/compilers_and_libraries_2018/linux/bin/intel64/icpc      -v CMakeFiles/cmTryCompileExec1482549936.dir/CMakeCXXCompilerABI.cpp.o  -o cmTryCompileExec1482549936 -rdynamic  
icpc version 18.0.5 (gcc version 4.8.5 compatibility)
/apps/intel/compilers_and_libraries_2018.5.274/linux/bin/intel64/mcpcom    -mGLOB_em64t=TRUE -mP1OPT_version=18.0-intel64 -mGLOB_diag_file=CMakeFiles/cmTryCompileExec1482549936.dir/CMakeCXXCompilerABI.cpp.diag -mGLOB_long_size_64 -mGLOB_routine_pointer_size_64 -mP1OPT_print_version=FALSE -mCG_use_gas_got_workaround=F -mP2OPT_align_option_used=TRUE -mGLOB_gcc_version=485 "-mGLOB_options_string=-v -o cmTryCompileExec1482549936 -rdynamic" -mGLOB_cxx_limited_range=FALSE -mCG_extend_parms=FALSE -mGLOB_compiler_bin_directory=/apps/intel/compilers_and_libraries_2018.5.274/linux/bin/intel64 -mGLOB_as_output_backup_file_name=/tmp/icpchSn1pzas_.s -mGLOB_dashboard_use_source_name -mIPOPT_activate -mGLOB_product_id_code=0x22006d8f -mP3OPT_use_mspp_call_convention -mP2OPT_subs_out_of_bound=FALSE -mP2OPT_disam_type_based_disam=2 -mP2OPT_disam_assume_ansi_c -mP2OPT_checked_disam_ansi_alias=TRUE -mGLOB_ansi_alias -mPGOPTI_value_profile_use=T -mGLOB_opt_report_use_source_name -mP2OPT_il0_array_sections=TRUE -mGLOB_offload_mode=1 -mP2OPT_offload_unique_var_string=icpc1024143484V4oHSH -mP2OPT_hlo -mP2OPT_hpo_rtt_control=0 -mIPOPT_args_in_regs=0 -mP2OPT_disam_assume_nonstd_intent_in=FALSE -mGLOB_imf_mapping_library=/apps/intel/compilers_and_libraries_2018.5.274/linux/bin/intel64/libiml_attr.so -mPGOPTI_gen_threadsafe_level=0 -mIPOPT_link -mIPOPT_ipo_activate -mIPOPT_mo_activate -mIPOPT_source_files_list=/tmp/icpcslisRQfdy0 -mIPOPT_mo_global_data -mIPOPT_link_script_file=/tmp/icpcscriptFkQqac "-mIPOPT_cmdline_link="/usr/lib/gcc/x86_64-redhat-linux/4.8.5/../../../../lib64/crt1.o" "/usr/lib/gcc/x86_64-redhat-linux/4.8.5/../../../../lib64/crti.o" "/usr/lib/gcc/x86_64-redhat-linux/4.8.5/crtbegin.o" "-export-dynamic" "--eh-frame-hdr" "--build-id" "-dynamic-linker" "/lib64/ld-linux-x86-64.so.2" "-m" "elf_x86_64" "-o" "cmTryCompileExec1482549936" "-L/apps/pnetcdf/1.6.1-intel15-impi5/lib" "-L/apps/intel/parallel_studio_xe_2018.4.057/compilers_and_libraries_2018/linux/compiler/lib/intel64_lin" "-L/apps/intel/parallel_studio_xe_2018.4.057/compilers_and_libraries_2018/linux/mkl/lib/intel64_lin" "-L/apps/intel/parallel_studio_xe_2018.4.057/compilers_and_libraries_2018/linux/tbb/lib/intel64/gcc4.7" "-L/apps/intel/parallel_studio_xe_2018.4.057/compilers_and_libraries_2018/linux/daal/lib/intel64_lin" "-L/apps/intel/parallel_studio_xe_2018.4.057/compilers_and_libraries_2018/linux/daal/../tbb/lib/intel64_lin/gcc4.4" "-L/apps/intel/compilers_and_libraries_2018.5.274/linux/compiler/lib/intel64_lin" "-L/usr/lib/gcc/x86_64-redhat-linux/4.8.5/" "-L/usr/lib/gcc/x86_64-redhat-linux/4.8.5/../../../../lib64" "-L/usr/lib/gcc/x86_64-redhat-linux/4.8.5/../../../../lib64/" "-L/lib/../lib64" "-L/lib/../lib64/" "-L/usr/lib/../lib64" "-L/usr/lib/../lib64/" "-L/apps/pnetcdf/1.6.1-intel15-impi5/lib/" "-L/apps/intel/parallel_studio_xe_2018.4.057/compilers_and_libraries_2018/linux/compiler/lib/intel64_lin/" "-L/apps/intel/parallel_studio_xe_2018.4.057/compilers_and_libraries_2018/linux/mkl/lib/intel64_lin/" "-L/apps/intel/parallel_studio_xe_2018.4.057/compilers_and_libraries_2018/linux/tbb/lib/intel64/gcc4.7/" "-L/apps/intel/parallel_studio_xe_2018.4.057/compilers_and_libraries_2018/linux/daal/lib/intel64_lin/" "-L/apps/intel/parallel_studio_xe_2018.4.057/compilers_and_libraries_2018/linux/daal/../tbb/lib/intel64_lin/gcc4.4/" "-L/usr/lib/gcc/x86_64-redhat-linux/4.8.5/../../../" "-L/lib64" "-L/lib/" "-L/usr/lib64" "-L/usr/lib" "CMakeFiles/cmTryCompileExec1482549936.dir/CMakeCXXCompilerABI.cpp.o" "-Bdynamic" "-Bstatic" "-limf" "-lsvml" "-lirng" "-Bdynamic" "-lstdc++" "-lm" "-Bstatic" "-lipgo" "-ldecimal" "--as-needed" "-Bdynamic" "-lcilkrts" "--no-as-needed" "-lstdc++" "-lgcc" "-lgcc_s" "-Bstatic" "-lirc" "-lsvml" "-Bdynamic" "-lc" "-lgcc" "-lgcc_s" "-Bstatic" "-lirc_s" "-Bdynamic" "-ldl" "-lc" "/usr/lib/gcc/x86_64-redhat-linux/4.8.5/crtend.o" "/usr/lib/gcc/x86_64-redhat-linux/4.8.5/../../../../lib64/crtn.o"" -mIPOPT_il_in_obj -mIPOPT_ipo_activate_warn=FALSE -mIPOPT_obj_output_file_name=/tmp/ipo_icpcb1iWQS.o -mIPOPT_whole_archive_fixup_file_name=/tmp/icpcwarchNFKwm8 -mGLOB_linker_version=2.27 -mGLOB_driver_tempfile_name=/tmp/icpctempfile3b4J1j -mP3OPT_asm_target=P3OPT_ASM_TARGET_GAS -mGLOB_async_unwind_tables=TRUE -mGLOB_obj_output_file=/tmp/ipo_icpcb1iWQS.o -mGLOB_source_dialect=GLOB_SOURCE_DIALECT_NONE -mP1OPT_source_file_name=ipo_out.c CMakeFiles/cmTryCompileExec1482549936.dir/CMakeCXXCompilerABI.cpp.o -mIPOPT_object_files=T -mIPOPT_assembly_files=/tmp/icpcalisRoAl5f -mIPOPT_generated_tempfiles=/tmp/icpcelisNLNxHr -mIPOPT_embedded_object_base_name=/tmp/icpceobjRA0LjD -mIPOPT_cmdline_link_new_name=/tmp/icpcllisZCJZVO
ld    /usr/lib/gcc/x86_64-redhat-linux/4.8.5/../../../../lib64/crt1.o /usr/lib/gcc/x86_64-redhat-linux/4.8.5/../../../../lib64/crti.o /usr/lib/gcc/x86_64-redhat-linux/4.8.5/crtbegin.o -export-dynamic --eh-frame-hdr --build-id -dynamic-linker /lib64/ld-linux-x86-64.so.2 -m elf_x86_64 -o cmTryCompileExec1482549936 -L/apps/pnetcdf/1.6.1-intel15-impi5/lib -L/apps/intel/parallel_studio_xe_2018.4.057/compilers_and_libraries_2018/linux/compiler/lib/intel64_lin -L/apps/intel/parallel_studio_xe_2018.4.057/compilers_and_libraries_2018/linux/mkl/lib/intel64_lin -L/apps/intel/parallel_studio_xe_2018.4.057/compilers_and_libraries_2018/linux/tbb/lib/intel64/gcc4.7 -L/apps/intel/parallel_studio_xe_2018.4.057/compilers_and_libraries_2018/linux/daal/lib/intel64_lin -L/apps/intel/parallel_studio_xe_2018.4.057/compilers_and_libraries_2018/linux/daal/../tbb/lib/intel64_lin/gcc4.4 -L/apps/intel/compilers_and_libraries_2018.5.274/linux/compiler/lib/intel64_lin -L/usr/lib/gcc/x86_64-redhat-linux/4.8.5/ -L/usr/lib/gcc/x86_64-redhat-linux/4.8.5/../../../../lib64 -L/usr/lib/gcc/x86_64-redhat-linux/4.8.5/../../../../lib64/ -L/lib/../lib64 -L/lib/../lib64/ -L/usr/lib/../lib64 -L/usr/lib/../lib64/ -L/apps/pnetcdf/1.6.1-intel15-impi5/lib/ -L/apps/intel/parallel_studio_xe_2018.4.057/compilers_and_libraries_2018/linux/compiler/lib/intel64_lin/ -L/apps/intel/parallel_studio_xe_2018.4.057/compilers_and_libraries_2018/linux/mkl/lib/intel64_lin/ -L/apps/intel/parallel_studio_xe_2018.4.057/compilers_and_libraries_2018/linux/tbb/lib/intel64/gcc4.7/ -L/apps/intel/parallel_studio_xe_2018.4.057/compilers_and_libraries_2018/linux/daal/lib/intel64_lin/ -L/apps/intel/parallel_studio_xe_2018.4.057/compilers_and_libraries_2018/linux/daal/../tbb/lib/intel64_lin/gcc4.4/ -L/usr/lib/gcc/x86_64-redhat-linux/4.8.5/../../../ -L/lib64 -L/lib/ -L/usr/lib64 -L/usr/lib CMakeFiles/cmTryCompileExec1482549936.dir/CMakeCXXCompilerABI.cpp.o -Bdynamic -Bstatic -limf -lsvml -lirng -Bdynamic -lstdc++ -lm -Bstatic -lipgo -ldecimal --as-needed -Bdynamic -lcilkrts --no-as-needed -lstdc++ -lgcc -lgcc_s -Bstatic -lirc -lsvml -Bdynamic -lc -lgcc -lgcc_s -Bstatic -lirc_s -Bdynamic -ldl -lc /usr/lib/gcc/x86_64-redhat-linux/4.8.5/crtend.o /usr/lib/gcc/x86_64-redhat-linux/4.8.5/../../../../lib64/crtn.o
gmake[1]: Leaving directory `/mnt/lfs4/NAGAPE/hpc-wof1/ywang/EPIC2/oumap/GSI_WoF/build/CMakeFiles/CMakeTmp'


Parsed CXX implicit link information from above output:
  link line regex: [^( *|.*[/\])(ld|([^/\]+-)?ld|collect2)[^/\]*( |$)]
  ignore line: [Change Dir: /lfs4/NAGAPE/hpc-wof1/ywang/EPIC2/oumap/GSI_WoF/build/CMakeFiles/CMakeTmp]
  ignore line: []
  ignore line: [Run Build Command:/bin/gmake "cmTryCompileExec1482549936/fast"]
  ignore line: [/bin/gmake -f CMakeFiles/cmTryCompileExec1482549936.dir/build.make CMakeFiles/cmTryCompileExec1482549936.dir/build]
  ignore line: [gmake[1]: Entering directory `/mnt/lfs4/NAGAPE/hpc-wof1/ywang/EPIC2/oumap/GSI_WoF/build/CMakeFiles/CMakeTmp']
  ignore line: [/usr/bin/cmake -E cmake_progress_report /lfs4/NAGAPE/hpc-wof1/ywang/EPIC2/oumap/GSI_WoF/build/CMakeFiles/CMakeTmp/CMakeFiles 1]
  ignore line: [Building CXX object CMakeFiles/cmTryCompileExec1482549936.dir/CMakeCXXCompilerABI.cpp.o]
  ignore line: [/apps/intel/parallel_studio_xe_2018.4.057/compilers_and_libraries_2018/linux/bin/intel64/icpc     -o CMakeFiles/cmTryCompileExec1482549936.dir/CMakeCXXCompilerABI.cpp.o -c /usr/share/cmake/Modules/CMakeCXXCompilerABI.cpp]
  ignore line: [Linking CXX executable cmTryCompileExec1482549936]
  ignore line: [/usr/bin/cmake -E cmake_link_script CMakeFiles/cmTryCompileExec1482549936.dir/link.txt --verbose=1]
  ignore line: [/apps/intel/parallel_studio_xe_2018.4.057/compilers_and_libraries_2018/linux/bin/intel64/icpc      -v CMakeFiles/cmTryCompileExec1482549936.dir/CMakeCXXCompilerABI.cpp.o  -o cmTryCompileExec1482549936 -rdynamic  ]
  ignore line: [icpc version 18.0.5 (gcc version 4.8.5 compatibility)]
  ignore line: [/apps/intel/compilers_and_libraries_2018.5.274/linux/bin/intel64/mcpcom    -mGLOB_em64t=TRUE -mP1OPT_version=18.0-intel64 -mGLOB_diag_file=CMakeFiles/cmTryCompileExec1482549936.dir/CMakeCXXCompilerABI.cpp.diag -mGLOB_long_size_64 -mGLOB_routine_pointer_size_64 -mP1OPT_print_version=FALSE -mCG_use_gas_got_workaround=F -mP2OPT_align_option_used=TRUE -mGLOB_gcc_version=485 "-mGLOB_options_string=-v -o cmTryCompileExec1482549936 -rdynamic" -mGLOB_cxx_limited_range=FALSE -mCG_extend_parms=FALSE -mGLOB_compiler_bin_directory=/apps/intel/compilers_and_libraries_2018.5.274/linux/bin/intel64 -mGLOB_as_output_backup_file_name=/tmp/icpchSn1pzas_.s -mGLOB_dashboard_use_source_name -mIPOPT_activate -mGLOB_product_id_code=0x22006d8f -mP3OPT_use_mspp_call_convention -mP2OPT_subs_out_of_bound=FALSE -mP2OPT_disam_type_based_disam=2 -mP2OPT_disam_assume_ansi_c -mP2OPT_checked_disam_ansi_alias=TRUE -mGLOB_ansi_alias -mPGOPTI_value_profile_use=T -mGLOB_opt_report_use_source_name -mP2OPT_il0_array_sections=TRUE -mGLOB_offload_mode=1 -mP2OPT_offload_unique_var_string=icpc1024143484V4oHSH -mP2OPT_hlo -mP2OPT_hpo_rtt_control=0 -mIPOPT_args_in_regs=0 -mP2OPT_disam_assume_nonstd_intent_in=FALSE -mGLOB_imf_mapping_library=/apps/intel/compilers_and_libraries_2018.5.274/linux/bin/intel64/libiml_attr.so -mPGOPTI_gen_threadsafe_level=0 -mIPOPT_link -mIPOPT_ipo_activate -mIPOPT_mo_activate -mIPOPT_source_files_list=/tmp/icpcslisRQfdy0 -mIPOPT_mo_global_data -mIPOPT_link_script_file=/tmp/icpcscriptFkQqac "-mIPOPT_cmdline_link="/usr/lib/gcc/x86_64-redhat-linux/4.8.5/../../../../lib64/crt1.o" "/usr/lib/gcc/x86_64-redhat-linux/4.8.5/../../../../lib64/crti.o" "/usr/lib/gcc/x86_64-redhat-linux/4.8.5/crtbegin.o" "-export-dynamic" "--eh-frame-hdr" "--build-id" "-dynamic-linker" "/lib64/ld-linux-x86-64.so.2" "-m" "elf_x86_64" "-o" "cmTryCompileExec1482549936" "-L/apps/pnetcdf/1.6.1-intel15-impi5/lib" "-L/apps/intel/parallel_studio_xe_2018.4.057/compilers_and_libraries_2018/linux/compiler/lib/intel64_lin" "-L/apps/intel/parallel_studio_xe_2018.4.057/compilers_and_libraries_2018/linux/mkl/lib/intel64_lin" "-L/apps/intel/parallel_studio_xe_2018.4.057/compilers_and_libraries_2018/linux/tbb/lib/intel64/gcc4.7" "-L/apps/intel/parallel_studio_xe_2018.4.057/compilers_and_libraries_2018/linux/daal/lib/intel64_lin" "-L/apps/intel/parallel_studio_xe_2018.4.057/compilers_and_libraries_2018/linux/daal/../tbb/lib/intel64_lin/gcc4.4" "-L/apps/intel/compilers_and_libraries_2018.5.274/linux/compiler/lib/intel64_lin" "-L/usr/lib/gcc/x86_64-redhat-linux/4.8.5/" "-L/usr/lib/gcc/x86_64-redhat-linux/4.8.5/../../../../lib64" "-L/usr/lib/gcc/x86_64-redhat-linux/4.8.5/../../../../lib64/" "-L/lib/../lib64" "-L/lib/../lib64/" "-L/usr/lib/../lib64" "-L/usr/lib/../lib64/" "-L/apps/pnetcdf/1.6.1-intel15-impi5/lib/" "-L/apps/intel/parallel_studio_xe_2018.4.057/compilers_and_libraries_2018/linux/compiler/lib/intel64_lin/" "-L/apps/intel/parallel_studio_xe_2018.4.057/compilers_and_libraries_2018/linux/mkl/lib/intel64_lin/" "-L/apps/intel/parallel_studio_xe_2018.4.057/compilers_and_libraries_2018/linux/tbb/lib/intel64/gcc4.7/" "-L/apps/intel/parallel_studio_xe_2018.4.057/compilers_and_libraries_2018/linux/daal/lib/intel64_lin/" "-L/apps/intel/parallel_studio_xe_2018.4.057/compilers_and_libraries_2018/linux/daal/../tbb/lib/intel64_lin/gcc4.4/" "-L/usr/lib/gcc/x86_64-redhat-linux/4.8.5/../../../" "-L/lib64" "-L/lib/" "-L/usr/lib64" "-L/usr/lib" "CMakeFiles/cmTryCompileExec1482549936.dir/CMakeCXXCompilerABI.cpp.o" "-Bdynamic" "-Bstatic" "-limf" "-lsvml" "-lirng" "-Bdynamic" "-lstdc++" "-lm" "-Bstatic" "-lipgo" "-ldecimal" "--as-needed" "-Bdynamic" "-lcilkrts" "--no-as-needed" "-lstdc++" "-lgcc" "-lgcc_s" "-Bstatic" "-lirc" "-lsvml" "-Bdynamic" "-lc" "-lgcc" "-lgcc_s" "-Bstatic" "-lirc_s" "-Bdynamic" "-ldl" "-lc" "/usr/lib/gcc/x86_64-redhat-linux/4.8.5/crtend.o" "/usr/lib/gcc/x86_64-redhat-linux/4.8.5/../../../../lib64/crtn.o"" -mIPOPT_il_in_obj -mIPOPT_ipo_activate_warn=FALSE -mIPOPT_obj_output_file_name=/tmp/ipo_icpcb1iWQS.o -mIPOPT_whole_archive_fixup_file_name=/tmp/icpcwarchNFKwm8 -mGLOB_linker_version=2.27 -mGLOB_driver_tempfile_name=/tmp/icpctempfile3b4J1j -mP3OPT_asm_target=P3OPT_ASM_TARGET_GAS -mGLOB_async_unwind_tables=TRUE -mGLOB_obj_output_file=/tmp/ipo_icpcb1iWQS.o -mGLOB_source_dialect=GLOB_SOURCE_DIALECT_NONE -mP1OPT_source_file_name=ipo_out.c CMakeFiles/cmTryCompileExec1482549936.dir/CMakeCXXCompilerABI.cpp.o -mIPOPT_object_files=T -mIPOPT_assembly_files=/tmp/icpcalisRoAl5f -mIPOPT_generated_tempfiles=/tmp/icpcelisNLNxHr -mIPOPT_embedded_object_base_name=/tmp/icpceobjRA0LjD -mIPOPT_cmdline_link_new_name=/tmp/icpcllisZCJZVO]
  link line: [ld    /usr/lib/gcc/x86_64-redhat-linux/4.8.5/../../../../lib64/crt1.o /usr/lib/gcc/x86_64-redhat-linux/4.8.5/../../../../lib64/crti.o /usr/lib/gcc/x86_64-redhat-linux/4.8.5/crtbegin.o -export-dynamic --eh-frame-hdr --build-id -dynamic-linker /lib64/ld-linux-x86-64.so.2 -m elf_x86_64 -o cmTryCompileExec1482549936 -L/apps/pnetcdf/1.6.1-intel15-impi5/lib -L/apps/intel/parallel_studio_xe_2018.4.057/compilers_and_libraries_2018/linux/compiler/lib/intel64_lin -L/apps/intel/parallel_studio_xe_2018.4.057/compilers_and_libraries_2018/linux/mkl/lib/intel64_lin -L/apps/intel/parallel_studio_xe_2018.4.057/compilers_and_libraries_2018/linux/tbb/lib/intel64/gcc4.7 -L/apps/intel/parallel_studio_xe_2018.4.057/compilers_and_libraries_2018/linux/daal/lib/intel64_lin -L/apps/intel/parallel_studio_xe_2018.4.057/compilers_and_libraries_2018/linux/daal/../tbb/lib/intel64_lin/gcc4.4 -L/apps/intel/compilers_and_libraries_2018.5.274/linux/compiler/lib/intel64_lin -L/usr/lib/gcc/x86_64-redhat-linux/4.8.5/ -L/usr/lib/gcc/x86_64-redhat-linux/4.8.5/../../../../lib64 -L/usr/lib/gcc/x86_64-redhat-linux/4.8.5/../../../../lib64/ -L/lib/../lib64 -L/lib/../lib64/ -L/usr/lib/../lib64 -L/usr/lib/../lib64/ -L/apps/pnetcdf/1.6.1-intel15-impi5/lib/ -L/apps/intel/parallel_studio_xe_2018.4.057/compilers_and_libraries_2018/linux/compiler/lib/intel64_lin/ -L/apps/intel/parallel_studio_xe_2018.4.057/compilers_and_libraries_2018/linux/mkl/lib/intel64_lin/ -L/apps/intel/parallel_studio_xe_2018.4.057/compilers_and_libraries_2018/linux/tbb/lib/intel64/gcc4.7/ -L/apps/intel/parallel_studio_xe_2018.4.057/compilers_and_libraries_2018/linux/daal/lib/intel64_lin/ -L/apps/intel/parallel_studio_xe_2018.4.057/compilers_and_libraries_2018/linux/daal/../tbb/lib/intel64_lin/gcc4.4/ -L/usr/lib/gcc/x86_64-redhat-linux/4.8.5/../../../ -L/lib64 -L/lib/ -L/usr/lib64 -L/usr/lib CMakeFiles/cmTryCompileExec1482549936.dir/CMakeCXXCompilerABI.cpp.o -Bdynamic -Bstatic -limf -lsvml -lirng -Bdynamic -lstdc++ -lm -Bstatic -lipgo -ldecimal --as-needed -Bdynamic -lcilkrts --no-as-needed -lstdc++ -lgcc -lgcc_s -Bstatic -lirc -lsvml -Bdynamic -lc -lgcc -lgcc_s -Bstatic -lirc_s -Bdynamic -ldl -lc /usr/lib/gcc/x86_64-redhat-linux/4.8.5/crtend.o /usr/lib/gcc/x86_64-redhat-linux/4.8.5/../../../../lib64/crtn.o]
    arg [ld] ==> ignore
    arg [/usr/lib/gcc/x86_64-redhat-linux/4.8.5/../../../../lib64/crt1.o] ==> ignore
    arg [/usr/lib/gcc/x86_64-redhat-linux/4.8.5/../../../../lib64/crti.o] ==> ignore
    arg [/usr/lib/gcc/x86_64-redhat-linux/4.8.5/crtbegin.o] ==> ignore
    arg [-export-dynamic] ==> ignore
    arg [--eh-frame-hdr] ==> ignore
    arg [--build-id] ==> ignore
    arg [-dynamic-linker] ==> ignore
    arg [/lib64/ld-linux-x86-64.so.2] ==> ignore
    arg [-m] ==> ignore
    arg [elf_x86_64] ==> ignore
    arg [-o] ==> ignore
    arg [cmTryCompileExec1482549936] ==> ignore
    arg [-L/apps/pnetcdf/1.6.1-intel15-impi5/lib] ==> dir [/apps/pnetcdf/1.6.1-intel15-impi5/lib]
    arg [-L/apps/intel/parallel_studio_xe_2018.4.057/compilers_and_libraries_2018/linux/compiler/lib/intel64_lin] ==> dir [/apps/intel/parallel_studio_xe_2018.4.057/compilers_and_libraries_2018/linux/compiler/lib/intel64_lin]
    arg [-L/apps/intel/parallel_studio_xe_2018.4.057/compilers_and_libraries_2018/linux/mkl/lib/intel64_lin] ==> dir [/apps/intel/parallel_studio_xe_2018.4.057/compilers_and_libraries_2018/linux/mkl/lib/intel64_lin]
    arg [-L/apps/intel/parallel_studio_xe_2018.4.057/compilers_and_libraries_2018/linux/tbb/lib/intel64/gcc4.7] ==> dir [/apps/intel/parallel_studio_xe_2018.4.057/compilers_and_libraries_2018/linux/tbb/lib/intel64/gcc4.7]
    arg [-L/apps/intel/parallel_studio_xe_2018.4.057/compilers_and_libraries_2018/linux/daal/lib/intel64_lin] ==> dir [/apps/intel/parallel_studio_xe_2018.4.057/compilers_and_libraries_2018/linux/daal/lib/intel64_lin]
    arg [-L/apps/intel/parallel_studio_xe_2018.4.057/compilers_and_libraries_2018/linux/daal/../tbb/lib/intel64_lin/gcc4.4] ==> dir [/apps/intel/parallel_studio_xe_2018.4.057/compilers_and_libraries_2018/linux/daal/../tbb/lib/intel64_lin/gcc4.4]
    arg [-L/apps/intel/compilers_and_libraries_2018.5.274/linux/compiler/lib/intel64_lin] ==> dir [/apps/intel/compilers_and_libraries_2018.5.274/linux/compiler/lib/intel64_lin]
    arg [-L/usr/lib/gcc/x86_64-redhat-linux/4.8.5/] ==> dir [/usr/lib/gcc/x86_64-redhat-linux/4.8.5/]
    arg [-L/usr/lib/gcc/x86_64-redhat-linux/4.8.5/../../../../lib64] ==> dir [/usr/lib/gcc/x86_64-redhat-linux/4.8.5/../../../../lib64]
    arg [-L/usr/lib/gcc/x86_64-redhat-linux/4.8.5/../../../../lib64/] ==> dir [/usr/lib/gcc/x86_64-redhat-linux/4.8.5/../../../../lib64/]
    arg [-L/lib/../lib64] ==> dir [/lib/../lib64]
    arg [-L/lib/../lib64/] ==> dir [/lib/../lib64/]
    arg [-L/usr/lib/../lib64] ==> dir [/usr/lib/../lib64]
    arg [-L/usr/lib/../lib64/] ==> dir [/usr/lib/../lib64/]
    arg [-L/apps/pnetcdf/1.6.1-intel15-impi5/lib/] ==> dir [/apps/pnetcdf/1.6.1-intel15-impi5/lib/]
    arg [-L/apps/intel/parallel_studio_xe_2018.4.057/compilers_and_libraries_2018/linux/compiler/lib/intel64_lin/] ==> dir [/apps/intel/parallel_studio_xe_2018.4.057/compilers_and_libraries_2018/linux/compiler/lib/intel64_lin/]
    arg [-L/apps/intel/parallel_studio_xe_2018.4.057/compilers_and_libraries_2018/linux/mkl/lib/intel64_lin/] ==> dir [/apps/intel/parallel_studio_xe_2018.4.057/compilers_and_libraries_2018/linux/mkl/lib/intel64_lin/]
    arg [-L/apps/intel/parallel_studio_xe_2018.4.057/compilers_and_libraries_2018/linux/tbb/lib/intel64/gcc4.7/] ==> dir [/apps/intel/parallel_studio_xe_2018.4.057/compilers_and_libraries_2018/linux/tbb/lib/intel64/gcc4.7/]
    arg [-L/apps/intel/parallel_studio_xe_2018.4.057/compilers_and_libraries_2018/linux/daal/lib/intel64_lin/] ==> dir [/apps/intel/parallel_studio_xe_2018.4.057/compilers_and_libraries_2018/linux/daal/lib/intel64_lin/]
    arg [-L/apps/intel/parallel_studio_xe_2018.4.057/compilers_and_libraries_2018/linux/daal/../tbb/lib/intel64_lin/gcc4.4/] ==> dir [/apps/intel/parallel_studio_xe_2018.4.057/compilers_and_libraries_2018/linux/daal/../tbb/lib/intel64_lin/gcc4.4/]
    arg [-L/usr/lib/gcc/x86_64-redhat-linux/4.8.5/../../../] ==> dir [/usr/lib/gcc/x86_64-redhat-linux/4.8.5/../../../]
    arg [-L/lib64] ==> dir [/lib64]
    arg [-L/lib/] ==> dir [/lib/]
    arg [-L/usr/lib64] ==> dir [/usr/lib64]
    arg [-L/usr/lib] ==> dir [/usr/lib]
    arg [CMakeFiles/cmTryCompileExec1482549936.dir/CMakeCXXCompilerABI.cpp.o] ==> ignore
    arg [-Bdynamic] ==> ignore
    arg [-Bstatic] ==> ignore
    arg [-limf] ==> lib [imf]
    arg [-lsvml] ==> lib [svml]
    arg [-lirng] ==> lib [irng]
    arg [-Bdynamic] ==> ignore
    arg [-lstdc++] ==> lib [stdc++]
    arg [-lm] ==> lib [m]
    arg [-Bstatic] ==> ignore
    arg [-lipgo] ==> lib [ipgo]
    arg [-ldecimal] ==> lib [decimal]
    arg [--as-needed] ==> ignore
    arg [-Bdynamic] ==> ignore
    arg [-lcilkrts] ==> lib [cilkrts]
    arg [--no-as-needed] ==> ignore
    arg [-lstdc++] ==> lib [stdc++]
    arg [-lgcc] ==> lib [gcc]
    arg [-lgcc_s] ==> lib [gcc_s]
    arg [-Bstatic] ==> ignore
    arg [-lirc] ==> lib [irc]
    arg [-lsvml] ==> lib [svml]
    arg [-Bdynamic] ==> ignore
    arg [-lc] ==> lib [c]
    arg [-lgcc] ==> lib [gcc]
    arg [-lgcc_s] ==> lib [gcc_s]
    arg [-Bstatic] ==> ignore
    arg [-lirc_s] ==> lib [irc_s]
    arg [-Bdynamic] ==> ignore
    arg [-ldl] ==> lib [dl]
    arg [-lc] ==> lib [c]
    arg [/usr/lib/gcc/x86_64-redhat-linux/4.8.5/crtend.o] ==> ignore
    arg [/usr/lib/gcc/x86_64-redhat-linux/4.8.5/../../../../lib64/crtn.o] ==> ignore
  remove lib [gcc]
  remove lib [gcc_s]
  remove lib [gcc]
  remove lib [gcc_s]
  collapse library dir [/apps/pnetcdf/1.6.1-intel15-impi5/lib] ==> [/apps/pnetcdf/1.6.1-intel15-impi5/lib]
  collapse library dir [/apps/intel/parallel_studio_xe_2018.4.057/compilers_and_libraries_2018/linux/compiler/lib/intel64_lin] ==> [/apps/intel/parallel_studio_xe_2018.4.057/compilers_and_libraries_2018/linux/compiler/lib/intel64_lin]
  collapse library dir [/apps/intel/parallel_studio_xe_2018.4.057/compilers_and_libraries_2018/linux/mkl/lib/intel64_lin] ==> [/apps/intel/parallel_studio_xe_2018.4.057/compilers_and_libraries_2018/linux/mkl/lib/intel64_lin]
  collapse library dir [/apps/intel/parallel_studio_xe_2018.4.057/compilers_and_libraries_2018/linux/tbb/lib/intel64/gcc4.7] ==> [/apps/intel/parallel_studio_xe_2018.4.057/compilers_and_libraries_2018/linux/tbb/lib/intel64/gcc4.7]
  collapse library dir [/apps/intel/parallel_studio_xe_2018.4.057/compilers_and_libraries_2018/linux/daal/lib/intel64_lin] ==> [/apps/intel/parallel_studio_xe_2018.4.057/compilers_and_libraries_2018/linux/daal/lib/intel64_lin]
  collapse library dir [/apps/intel/parallel_studio_xe_2018.4.057/compilers_and_libraries_2018/linux/daal/../tbb/lib/intel64_lin/gcc4.4] ==> [/apps/intel/parallel_studio_xe_2018.4.057/compilers_and_libraries_2018/linux/tbb/lib/intel64_lin/gcc4.4]
  collapse library dir [/apps/intel/compilers_and_libraries_2018.5.274/linux/compiler/lib/intel64_lin] ==> [/apps/intel/compilers_and_libraries_2018.5.274/linux/compiler/lib/intel64_lin]
  collapse library dir [/usr/lib/gcc/x86_64-redhat-linux/4.8.5/] ==> [/usr/lib/gcc/x86_64-redhat-linux/4.8.5]
  collapse library dir [/usr/lib/gcc/x86_64-redhat-linux/4.8.5/../../../../lib64] ==> [/usr/lib64]
  collapse library dir [/usr/lib/gcc/x86_64-redhat-linux/4.8.5/../../../../lib64/] ==> [/usr/lib64]
  collapse library dir [/lib/../lib64] ==> [/lib64]
  collapse library dir [/lib/../lib64/] ==> [/lib64]
  collapse library dir [/usr/lib/../lib64] ==> [/usr/lib64]
  collapse library dir [/usr/lib/../lib64/] ==> [/usr/lib64]
  collapse library dir [/apps/pnetcdf/1.6.1-intel15-impi5/lib/] ==> [/apps/pnetcdf/1.6.1-intel15-impi5/lib]
  collapse library dir [/apps/intel/parallel_studio_xe_2018.4.057/compilers_and_libraries_2018/linux/compiler/lib/intel64_lin/] ==> [/apps/intel/parallel_studio_xe_2018.4.057/compilers_and_libraries_2018/linux/compiler/lib/intel64_lin]
  collapse library dir [/apps/intel/parallel_studio_xe_2018.4.057/compilers_and_libraries_2018/linux/mkl/lib/intel64_lin/] ==> [/apps/intel/parallel_studio_xe_2018.4.057/compilers_and_libraries_2018/linux/mkl/lib/intel64_lin]
  collapse library dir [/apps/intel/parallel_studio_xe_2018.4.057/compilers_and_libraries_2018/linux/tbb/lib/intel64/gcc4.7/] ==> [/apps/intel/parallel_studio_xe_2018.4.057/compilers_and_libraries_2018/linux/tbb/lib/intel64/gcc4.7]
  collapse library dir [/apps/intel/parallel_studio_xe_2018.4.057/compilers_and_libraries_2018/linux/daal/lib/intel64_lin/] ==> [/apps/intel/parallel_studio_xe_2018.4.057/compilers_and_libraries_2018/linux/daal/lib/intel64_lin]
  collapse library dir [/apps/intel/parallel_studio_xe_2018.4.057/compilers_and_libraries_2018/linux/daal/../tbb/lib/intel64_lin/gcc4.4/] ==> [/apps/intel/parallel_studio_xe_2018.4.057/compilers_and_libraries_2018/linux/tbb/lib/intel64_lin/gcc4.4]
  collapse library dir [/usr/lib/gcc/x86_64-redhat-linux/4.8.5/../../../] ==> [/usr/lib]
  collapse library dir [/lib64] ==> [/lib64]
  collapse library dir [/lib/] ==> [/lib]
  collapse library dir [/usr/lib64] ==> [/usr/lib64]
  collapse library dir [/usr/lib] ==> [/usr/lib]
  implicit libs: [imf;svml;irng;stdc++;m;ipgo;decimal;cilkrts;stdc++;irc;svml;c;irc_s;dl;c]
  implicit dirs: [/apps/pnetcdf/1.6.1-intel15-impi5/lib;/apps/intel/parallel_studio_xe_2018.4.057/compilers_and_libraries_2018/linux/compiler/lib/intel64_lin;/apps/intel/parallel_studio_xe_2018.4.057/compilers_and_libraries_2018/linux/mkl/lib/intel64_lin;/apps/intel/parallel_studio_xe_2018.4.057/compilers_and_libraries_2018/linux/tbb/lib/intel64/gcc4.7;/apps/intel/parallel_studio_xe_2018.4.057/compilers_and_libraries_2018/linux/daal/lib/intel64_lin;/apps/intel/parallel_studio_xe_2018.4.057/compilers_and_libraries_2018/linux/tbb/lib/intel64_lin/gcc4.4;/apps/intel/compilers_and_libraries_2018.5.274/linux/compiler/lib/intel64_lin;/usr/lib/gcc/x86_64-redhat-linux/4.8.5;/usr/lib64;/lib64;/usr/lib;/lib]
  implicit fwks: []


Compiling the Fortran compiler identification source file "CMakeFortranCompilerId.F" succeeded.
Compiler: /apps/intel/parallel_studio_xe_2018.4.057/compilers_and_libraries_2018/linux/bin/intel64/ifort 
Build flags: 
Id flags: 

The output was:
0


Compilation of the Fortran compiler identification source "CMakeFortranCompilerId.F" produced "a.out"

The Fortran compiler identification is Intel, found in "/lfs4/NAGAPE/hpc-wof1/ywang/EPIC2/oumap/GSI_WoF/build/CMakeFiles/2.8.12.2/CompilerIdFortran/a.out"

Determining if the Fortran compiler works passed with the following output:
Change Dir: /lfs4/NAGAPE/hpc-wof1/ywang/EPIC2/oumap/GSI_WoF/build/CMakeFiles/CMakeTmp

Run Build Command:/bin/gmake "cmTryCompileExec4280528875/fast"
/bin/gmake -f CMakeFiles/cmTryCompileExec4280528875.dir/build.make CMakeFiles/cmTryCompileExec4280528875.dir/build
gmake[1]: Entering directory `/mnt/lfs4/NAGAPE/hpc-wof1/ywang/EPIC2/oumap/GSI_WoF/build/CMakeFiles/CMakeTmp'
/usr/bin/cmake -E cmake_progress_report /lfs4/NAGAPE/hpc-wof1/ywang/EPIC2/oumap/GSI_WoF/build/CMakeFiles/CMakeTmp/CMakeFiles 1
Building Fortran object CMakeFiles/cmTryCompileExec4280528875.dir/testFortranCompiler.f.o
/apps/intel/parallel_studio_xe_2018.4.057/compilers_and_libraries_2018/linux/bin/intel64/ifort    -c /lfs4/NAGAPE/hpc-wof1/ywang/EPIC2/oumap/GSI_WoF/build/CMakeFiles/CMakeTmp/testFortranCompiler.f -o CMakeFiles/cmTryCompileExec4280528875.dir/testFortranCompiler.f.o
Linking Fortran executable cmTryCompileExec4280528875
/usr/bin/cmake -E cmake_link_script CMakeFiles/cmTryCompileExec4280528875.dir/link.txt --verbose=1
/apps/intel/parallel_studio_xe_2018.4.057/compilers_and_libraries_2018/linux/bin/intel64/ifort       CMakeFiles/cmTryCompileExec4280528875.dir/testFortranCompiler.f.o  -o cmTryCompileExec4280528875 -i_dynamic 
ifort: command line remark #10148: option '-i_dynamic' not supported
gmake[1]: Leaving directory `/mnt/lfs4/NAGAPE/hpc-wof1/ywang/EPIC2/oumap/GSI_WoF/build/CMakeFiles/CMakeTmp'


Detecting Fortran compiler ABI info compiled with the following output:
Change Dir: /lfs4/NAGAPE/hpc-wof1/ywang/EPIC2/oumap/GSI_WoF/build/CMakeFiles/CMakeTmp

Run Build Command:/bin/gmake "cmTryCompileExec1164966808/fast"
/bin/gmake -f CMakeFiles/cmTryCompileExec1164966808.dir/build.make CMakeFiles/cmTryCompileExec1164966808.dir/build
gmake[1]: Entering directory `/mnt/lfs4/NAGAPE/hpc-wof1/ywang/EPIC2/oumap/GSI_WoF/build/CMakeFiles/CMakeTmp'
/usr/bin/cmake -E cmake_progress_report /lfs4/NAGAPE/hpc-wof1/ywang/EPIC2/oumap/GSI_WoF/build/CMakeFiles/CMakeTmp/CMakeFiles 1
Building Fortran object CMakeFiles/cmTryCompileExec1164966808.dir/CMakeFortranCompilerABI.F.o
/apps/intel/parallel_studio_xe_2018.4.057/compilers_and_libraries_2018/linux/bin/intel64/ifort    -c /usr/share/cmake/Modules/CMakeFortranCompilerABI.F -o CMakeFiles/cmTryCompileExec1164966808.dir/CMakeFortranCompilerABI.F.o
Linking Fortran executable cmTryCompileExec1164966808
/usr/bin/cmake -E cmake_link_script CMakeFiles/cmTryCompileExec1164966808.dir/link.txt --verbose=1
/apps/intel/parallel_studio_xe_2018.4.057/compilers_and_libraries_2018/linux/bin/intel64/ifort   -v   CMakeFiles/cmTryCompileExec1164966808.dir/CMakeFortranCompilerABI.F.o  -o cmTryCompileExec1164966808 -i_dynamic  
ifort: command line remark #10148: option '-i_dynamic' not supported
ifort version 18.0.5
/apps/intel/compilers_and_libraries_2018.5.274/linux/bin/intel64/fortcom    -mGLOB_em64t=TRUE -mP1OPT_version=18.0-intel64 -mGLOB_diag_file=CMakeFiles/cmTryCompileExec1164966808.dir/CMakeFortranCompilerABI.F.diag -mGLOB_long_size_64 -mGLOB_routine_pointer_size_64 -mGLOB_source_language=GLOB_SOURCE_LANGUAGE_F90 -mP2OPT_static_promotion -mP1OPT_print_version=FALSE -mCG_use_gas_got_workaround=F -mP2OPT_align_option_used=TRUE -mGLOB_gcc_version=485 "-mGLOB_options_string=-v -o cmTryCompileExec1164966808 -i_dynamic" -mGLOB_cxx_limited_range=FALSE -mCG_extend_parms=FALSE -mGLOB_compiler_bin_directory=/apps/intel/compilers_and_libraries_2018.5.274/linux/bin/intel64 -mGLOB_as_output_backup_file_name=/tmp/ifort2RHy5das_.s -mGLOB_dashboard_use_source_name -mIPOPT_activate -mGLOB_product_id_code=0x22006d90 -mP3OPT_use_mspp_call_convention -mP2OPT_subs_out_of_bound=FALSE -mP2OPT_disam_type_based_disam=2 -mGLOB_ansi_alias -mPGOPTI_value_profile_use=T -mGLOB_opt_report_use_source_name -mP2OPT_il0_array_sections=TRUE -mGLOB_offload_mode=1 -mP2OPT_offload_unique_var_string=ifort0940395122UOJQT0 -mP2OPT_hlo -mP2OPT_hpo_rtt_control=0 -mIPOPT_args_in_regs=0 -mP2OPT_disam_assume_nonstd_intent_in=FALSE -mGLOB_imf_mapping_library=/apps/intel/compilers_and_libraries_2018.5.274/linux/bin/intel64/libiml_attr.so -mPGOPTI_gen_threadsafe_level=0 -mIPOPT_link -mIPOPT_ipo_activate -mIPOPT_mo_activate -mIPOPT_source_files_list=/tmp/ifortslisVsjHzv -mIPOPT_mo_global_data -mIPOPT_link_script_file=/tmp/ifortscript6g3ipK "-mIPOPT_cmdline_link="/usr/lib/gcc/x86_64-redhat-linux/4.8.5/../../../../lib64/crt1.o" "/usr/lib/gcc/x86_64-redhat-linux/4.8.5/../../../../lib64/crti.o" "/usr/lib/gcc/x86_64-redhat-linux/4.8.5/crtbegin.o" "--eh-frame-hdr" "--build-id" "-dynamic-linker" "/lib64/ld-linux-x86-64.so.2" "-m" "elf_x86_64" "-o" "cmTryCompileExec1164966808" "/apps/intel/compilers_and_libraries_2018.5.274/linux/compiler/lib/intel64_lin/for_main.o" "-L/apps/pnetcdf/1.6.1-intel15-impi5/lib" "-L/apps/intel/parallel_studio_xe_2018.4.057/compilers_and_libraries_2018/linux/compiler/lib/intel64_lin" "-L/apps/intel/parallel_studio_xe_2018.4.057/compilers_and_libraries_2018/linux/mkl/lib/intel64_lin" "-L/apps/intel/parallel_studio_xe_2018.4.057/compilers_and_libraries_2018/linux/tbb/lib/intel64/gcc4.7" "-L/apps/intel/parallel_studio_xe_2018.4.057/compilers_and_libraries_2018/linux/daal/lib/intel64_lin" "-L/apps/intel/parallel_studio_xe_2018.4.057/compilers_and_libraries_2018/linux/daal/../tbb/lib/intel64_lin/gcc4.4" "-L/apps/intel/compilers_and_libraries_2018.5.274/linux/compiler/lib/intel64_lin" "-L/usr/lib/gcc/x86_64-redhat-linux/4.8.5/" "-L/usr/lib/gcc/x86_64-redhat-linux/4.8.5/../../../../lib64" "-L/usr/lib/gcc/x86_64-redhat-linux/4.8.5/../../../../lib64/" "-L/lib/../lib64" "-L/lib/../lib64/" "-L/usr/lib/../lib64" "-L/usr/lib/../lib64/" "-L/apps/pnetcdf/1.6.1-intel15-impi5/lib/" "-L/apps/intel/parallel_studio_xe_2018.4.057/compilers_and_libraries_2018/linux/compiler/lib/intel64_lin/" "-L/apps/intel/parallel_studio_xe_2018.4.057/compilers_and_libraries_2018/linux/mkl/lib/intel64_lin/" "-L/apps/intel/parallel_studio_xe_2018.4.057/compilers_and_libraries_2018/linux/tbb/lib/intel64/gcc4.7/" "-L/apps/intel/parallel_studio_xe_2018.4.057/compilers_and_libraries_2018/linux/daal/lib/intel64_lin/" "-L/apps/intel/parallel_studio_xe_2018.4.057/compilers_and_libraries_2018/linux/daal/../tbb/lib/intel64_lin/gcc4.4/" "-L/usr/lib/gcc/x86_64-redhat-linux/4.8.5/../../../" "-L/lib64" "-L/lib/" "-L/usr/lib64" "-L/usr/lib" "CMakeFiles/cmTryCompileExec1164966808.dir/CMakeFortranCompilerABI.F.o" "-Bdynamic" "-Bstatic" "-lifport" "-lifcoremt" "-limf" "-lsvml" "-Bdynamic" "-lm" "-Bstatic" "-lipgo" "-lirc" "-Bdynamic" "-lpthread" "-Bstatic" "-lsvml" "-Bdynamic" "-lc" "-lgcc" "-lgcc_s" "-Bstatic" "-lirc_s" "-Bdynamic" "-ldl" "-lc" "/usr/lib/gcc/x86_64-redhat-linux/4.8.5/crtend.o" "/usr/lib/gcc/x86_64-redhat-linux/4.8.5/../../../../lib64/crtn.o"" -mIPOPT_il_in_obj -mIPOPT_ipo_activate_warn=FALSE -mIPOPT_obj_output_file_name=/tmp/ipo_ifortN0b6z4.o -mIPOPT_whole_archive_fixup_file_name=/tmp/ifortwarch10MWFW -mGLOB_linker_version=2.27 -mGLOB_driver_tempfile_name=/tmp/iforttempfileGXftyb -mP3OPT_asm_target=P3OPT_ASM_TARGET_GAS -mGLOB_async_unwind_tables=TRUE -mGLOB_obj_output_file=/tmp/ipo_ifortN0b6z4.o -mGLOB_source_dialect=GLOB_SOURCE_DIALECT_NONE -mP1OPT_source_file_name=ipo_out.f -mP2OPT_symtab_type_copy=true CMakeFiles/cmTryCompileExec1164966808.dir/CMakeFortranCompilerABI.F.o -mIPOPT_object_files=T -mIPOPT_assembly_files=/tmp/ifortalisdoTgfy -mIPOPT_generated_tempfiles=/tmp/iforteliseKdR4M -mIPOPT_embedded_object_base_name=/tmp/iforteobjlZvtU1 -mIPOPT_cmdline_link_new_name=/tmp/ifortllisqQn5Jg
ld    /usr/lib/gcc/x86_64-redhat-linux/4.8.5/../../../../lib64/crt1.o /usr/lib/gcc/x86_64-redhat-linux/4.8.5/../../../../lib64/crti.o /usr/lib/gcc/x86_64-redhat-linux/4.8.5/crtbegin.o --eh-frame-hdr --build-id -dynamic-linker /lib64/ld-linux-x86-64.so.2 -m elf_x86_64 -o cmTryCompileExec1164966808 /apps/intel/compilers_and_libraries_2018.5.274/linux/compiler/lib/intel64_lin/for_main.o -L/apps/pnetcdf/1.6.1-intel15-impi5/lib -L/apps/intel/parallel_studio_xe_2018.4.057/compilers_and_libraries_2018/linux/compiler/lib/intel64_lin -L/apps/intel/parallel_studio_xe_2018.4.057/compilers_and_libraries_2018/linux/mkl/lib/intel64_lin -L/apps/intel/parallel_studio_xe_2018.4.057/compilers_and_libraries_2018/linux/tbb/lib/intel64/gcc4.7 -L/apps/intel/parallel_studio_xe_2018.4.057/compilers_and_libraries_2018/linux/daal/lib/intel64_lin -L/apps/intel/parallel_studio_xe_2018.4.057/compilers_and_libraries_2018/linux/daal/../tbb/lib/intel64_lin/gcc4.4 -L/apps/intel/compilers_and_libraries_2018.5.274/linux/compiler/lib/intel64_lin -L/usr/lib/gcc/x86_64-redhat-linux/4.8.5/ -L/usr/lib/gcc/x86_64-redhat-linux/4.8.5/../../../../lib64 -L/usr/lib/gcc/x86_64-redhat-linux/4.8.5/../../../../lib64/ -L/lib/../lib64 -L/lib/../lib64/ -L/usr/lib/../lib64 -L/usr/lib/../lib64/ -L/apps/pnetcdf/1.6.1-intel15-impi5/lib/ -L/apps/intel/parallel_studio_xe_2018.4.057/compilers_and_libraries_2018/linux/compiler/lib/intel64_lin/ -L/apps/intel/parallel_studio_xe_2018.4.057/compilers_and_libraries_2018/linux/mkl/lib/intel64_lin/ -L/apps/intel/parallel_studio_xe_2018.4.057/compilers_and_libraries_2018/linux/tbb/lib/intel64/gcc4.7/ -L/apps/intel/parallel_studio_xe_2018.4.057/compilers_and_libraries_2018/linux/daal/lib/intel64_lin/ -L/apps/intel/parallel_studio_xe_2018.4.057/compilers_and_libraries_2018/linux/daal/../tbb/lib/intel64_lin/gcc4.4/ -L/usr/lib/gcc/x86_64-redhat-linux/4.8.5/../../../ -L/lib64 -L/lib/ -L/usr/lib64 -L/usr/lib CMakeFiles/cmTryCompileExec1164966808.dir/CMakeFortranCompilerABI.F.o -Bdynamic -Bstatic -lifport -lifcoremt -limf -lsvml -Bdynamic -lm -Bstatic -lipgo -lirc -Bdynamic -lpthread -Bstatic -lsvml -Bdynamic -lc -lgcc -lgcc_s -Bstatic -lirc_s -Bdynamic -ldl -lc /usr/lib/gcc/x86_64-redhat-linux/4.8.5/crtend.o /usr/lib/gcc/x86_64-redhat-linux/4.8.5/../../../../lib64/crtn.o
gmake[1]: Leaving directory `/mnt/lfs4/NAGAPE/hpc-wof1/ywang/EPIC2/oumap/GSI_WoF/build/CMakeFiles/CMakeTmp'


Parsed Fortran implicit link information from above output:
  link line regex: [^( *|.*[/\])(ld|([^/\]+-)?ld|collect2)[^/\]*( |$)]
  ignore line: [Change Dir: /lfs4/NAGAPE/hpc-wof1/ywang/EPIC2/oumap/GSI_WoF/build/CMakeFiles/CMakeTmp]
  ignore line: []
  ignore line: [Run Build Command:/bin/gmake "cmTryCompileExec1164966808/fast"]
  ignore line: [/bin/gmake -f CMakeFiles/cmTryCompileExec1164966808.dir/build.make CMakeFiles/cmTryCompileExec1164966808.dir/build]
  ignore line: [gmake[1]: Entering directory `/mnt/lfs4/NAGAPE/hpc-wof1/ywang/EPIC2/oumap/GSI_WoF/build/CMakeFiles/CMakeTmp']
  ignore line: [/usr/bin/cmake -E cmake_progress_report /lfs4/NAGAPE/hpc-wof1/ywang/EPIC2/oumap/GSI_WoF/build/CMakeFiles/CMakeTmp/CMakeFiles 1]
  ignore line: [Building Fortran object CMakeFiles/cmTryCompileExec1164966808.dir/CMakeFortranCompilerABI.F.o]
  ignore line: [/apps/intel/parallel_studio_xe_2018.4.057/compilers_and_libraries_2018/linux/bin/intel64/ifort    -c /usr/share/cmake/Modules/CMakeFortranCompilerABI.F -o CMakeFiles/cmTryCompileExec1164966808.dir/CMakeFortranCompilerABI.F.o]
  ignore line: [Linking Fortran executable cmTryCompileExec1164966808]
  ignore line: [/usr/bin/cmake -E cmake_link_script CMakeFiles/cmTryCompileExec1164966808.dir/link.txt --verbose=1]
  ignore line: [/apps/intel/parallel_studio_xe_2018.4.057/compilers_and_libraries_2018/linux/bin/intel64/ifort   -v   CMakeFiles/cmTryCompileExec1164966808.dir/CMakeFortranCompilerABI.F.o  -o cmTryCompileExec1164966808 -i_dynamic  ]
  ignore line: [ifort: command line remark #10148: option '-i_dynamic' not supported]
  ignore line: [ifort version 18.0.5]
  ignore line: [/apps/intel/compilers_and_libraries_2018.5.274/linux/bin/intel64/fortcom    -mGLOB_em64t=TRUE -mP1OPT_version=18.0-intel64 -mGLOB_diag_file=CMakeFiles/cmTryCompileExec1164966808.dir/CMakeFortranCompilerABI.F.diag -mGLOB_long_size_64 -mGLOB_routine_pointer_size_64 -mGLOB_source_language=GLOB_SOURCE_LANGUAGE_F90 -mP2OPT_static_promotion -mP1OPT_print_version=FALSE -mCG_use_gas_got_workaround=F -mP2OPT_align_option_used=TRUE -mGLOB_gcc_version=485 "-mGLOB_options_string=-v -o cmTryCompileExec1164966808 -i_dynamic" -mGLOB_cxx_limited_range=FALSE -mCG_extend_parms=FALSE -mGLOB_compiler_bin_directory=/apps/intel/compilers_and_libraries_2018.5.274/linux/bin/intel64 -mGLOB_as_output_backup_file_name=/tmp/ifort2RHy5das_.s -mGLOB_dashboard_use_source_name -mIPOPT_activate -mGLOB_product_id_code=0x22006d90 -mP3OPT_use_mspp_call_convention -mP2OPT_subs_out_of_bound=FALSE -mP2OPT_disam_type_based_disam=2 -mGLOB_ansi_alias -mPGOPTI_value_profile_use=T -mGLOB_opt_report_use_source_name -mP2OPT_il0_array_sections=TRUE -mGLOB_offload_mode=1 -mP2OPT_offload_unique_var_string=ifort0940395122UOJQT0 -mP2OPT_hlo -mP2OPT_hpo_rtt_control=0 -mIPOPT_args_in_regs=0 -mP2OPT_disam_assume_nonstd_intent_in=FALSE -mGLOB_imf_mapping_library=/apps/intel/compilers_and_libraries_2018.5.274/linux/bin/intel64/libiml_attr.so -mPGOPTI_gen_threadsafe_level=0 -mIPOPT_link -mIPOPT_ipo_activate -mIPOPT_mo_activate -mIPOPT_source_files_list=/tmp/ifortslisVsjHzv -mIPOPT_mo_global_data -mIPOPT_link_script_file=/tmp/ifortscript6g3ipK "-mIPOPT_cmdline_link="/usr/lib/gcc/x86_64-redhat-linux/4.8.5/../../../../lib64/crt1.o" "/usr/lib/gcc/x86_64-redhat-linux/4.8.5/../../../../lib64/crti.o" "/usr/lib/gcc/x86_64-redhat-linux/4.8.5/crtbegin.o" "--eh-frame-hdr" "--build-id" "-dynamic-linker" "/lib64/ld-linux-x86-64.so.2" "-m" "elf_x86_64" "-o" "cmTryCompileExec1164966808" "/apps/intel/compilers_and_libraries_2018.5.274/linux/compiler/lib/intel64_lin/for_main.o" "-L/apps/pnetcdf/1.6.1-intel15-impi5/lib" "-L/apps/intel/parallel_studio_xe_2018.4.057/compilers_and_libraries_2018/linux/compiler/lib/intel64_lin" "-L/apps/intel/parallel_studio_xe_2018.4.057/compilers_and_libraries_2018/linux/mkl/lib/intel64_lin" "-L/apps/intel/parallel_studio_xe_2018.4.057/compilers_and_libraries_2018/linux/tbb/lib/intel64/gcc4.7" "-L/apps/intel/parallel_studio_xe_2018.4.057/compilers_and_libraries_2018/linux/daal/lib/intel64_lin" "-L/apps/intel/parallel_studio_xe_2018.4.057/compilers_and_libraries_2018/linux/daal/../tbb/lib/intel64_lin/gcc4.4" "-L/apps/intel/compilers_and_libraries_2018.5.274/linux/compiler/lib/intel64_lin" "-L/usr/lib/gcc/x86_64-redhat-linux/4.8.5/" "-L/usr/lib/gcc/x86_64-redhat-linux/4.8.5/../../../../lib64" "-L/usr/lib/gcc/x86_64-redhat-linux/4.8.5/../../../../lib64/" "-L/lib/../lib64" "-L/lib/../lib64/" "-L/usr/lib/../lib64" "-L/usr/lib/../lib64/" "-L/apps/pnetcdf/1.6.1-intel15-impi5/lib/" "-L/apps/intel/parallel_studio_xe_2018.4.057/compilers_and_libraries_2018/linux/compiler/lib/intel64_lin/" "-L/apps/intel/parallel_studio_xe_2018.4.057/compilers_and_libraries_2018/linux/mkl/lib/intel64_lin/" "-L/apps/intel/parallel_studio_xe_2018.4.057/compilers_and_libraries_2018/linux/tbb/lib/intel64/gcc4.7/" "-L/apps/intel/parallel_studio_xe_2018.4.057/compilers_and_libraries_2018/linux/daal/lib/intel64_lin/" "-L/apps/intel/parallel_studio_xe_2018.4.057/compilers_and_libraries_2018/linux/daal/../tbb/lib/intel64_lin/gcc4.4/" "-L/usr/lib/gcc/x86_64-redhat-linux/4.8.5/../../../" "-L/lib64" "-L/lib/" "-L/usr/lib64" "-L/usr/lib" "CMakeFiles/cmTryCompileExec1164966808.dir/CMakeFortranCompilerABI.F.o" "-Bdynamic" "-Bstatic" "-lifport" "-lifcoremt" "-limf" "-lsvml" "-Bdynamic" "-lm" "-Bstatic" "-lipgo" "-lirc" "-Bdynamic" "-lpthread" "-Bstatic" "-lsvml" "-Bdynamic" "-lc" "-lgcc" "-lgcc_s" "-Bstatic" "-lirc_s" "-Bdynamic" "-ldl" "-lc" "/usr/lib/gcc/x86_64-redhat-linux/4.8.5/crtend.o" "/usr/lib/gcc/x86_64-redhat-linux/4.8.5/../../../../lib64/crtn.o"" -mIPOPT_il_in_obj -mIPOPT_ipo_activate_warn=FALSE -mIPOPT_obj_output_file_name=/tmp/ipo_ifortN0b6z4.o -mIPOPT_whole_archive_fixup_file_name=/tmp/ifortwarch10MWFW -mGLOB_linker_version=2.27 -mGLOB_driver_tempfile_name=/tmp/iforttempfileGXftyb -mP3OPT_asm_target=P3OPT_ASM_TARGET_GAS -mGLOB_async_unwind_tables=TRUE -mGLOB_obj_output_file=/tmp/ipo_ifortN0b6z4.o -mGLOB_source_dialect=GLOB_SOURCE_DIALECT_NONE -mP1OPT_source_file_name=ipo_out.f -mP2OPT_symtab_type_copy=true CMakeFiles/cmTryCompileExec1164966808.dir/CMakeFortranCompilerABI.F.o -mIPOPT_object_files=T -mIPOPT_assembly_files=/tmp/ifortalisdoTgfy -mIPOPT_generated_tempfiles=/tmp/iforteliseKdR4M -mIPOPT_embedded_object_base_name=/tmp/iforteobjlZvtU1 -mIPOPT_cmdline_link_new_name=/tmp/ifortllisqQn5Jg]
  link line: [ld    /usr/lib/gcc/x86_64-redhat-linux/4.8.5/../../../../lib64/crt1.o /usr/lib/gcc/x86_64-redhat-linux/4.8.5/../../../../lib64/crti.o /usr/lib/gcc/x86_64-redhat-linux/4.8.5/crtbegin.o --eh-frame-hdr --build-id -dynamic-linker /lib64/ld-linux-x86-64.so.2 -m elf_x86_64 -o cmTryCompileExec1164966808 /apps/intel/compilers_and_libraries_2018.5.274/linux/compiler/lib/intel64_lin/for_main.o -L/apps/pnetcdf/1.6.1-intel15-impi5/lib -L/apps/intel/parallel_studio_xe_2018.4.057/compilers_and_libraries_2018/linux/compiler/lib/intel64_lin -L/apps/intel/parallel_studio_xe_2018.4.057/compilers_and_libraries_2018/linux/mkl/lib/intel64_lin -L/apps/intel/parallel_studio_xe_2018.4.057/compilers_and_libraries_2018/linux/tbb/lib/intel64/gcc4.7 -L/apps/intel/parallel_studio_xe_2018.4.057/compilers_and_libraries_2018/linux/daal/lib/intel64_lin -L/apps/intel/parallel_studio_xe_2018.4.057/compilers_and_libraries_2018/linux/daal/../tbb/lib/intel64_lin/gcc4.4 -L/apps/intel/compilers_and_libraries_2018.5.274/linux/compiler/lib/intel64_lin -L/usr/lib/gcc/x86_64-redhat-linux/4.8.5/ -L/usr/lib/gcc/x86_64-redhat-linux/4.8.5/../../../../lib64 -L/usr/lib/gcc/x86_64-redhat-linux/4.8.5/../../../../lib64/ -L/lib/../lib64 -L/lib/../lib64/ -L/usr/lib/../lib64 -L/usr/lib/../lib64/ -L/apps/pnetcdf/1.6.1-intel15-impi5/lib/ -L/apps/intel/parallel_studio_xe_2018.4.057/compilers_and_libraries_2018/linux/compiler/lib/intel64_lin/ -L/apps/intel/parallel_studio_xe_2018.4.057/compilers_and_libraries_2018/linux/mkl/lib/intel64_lin/ -L/apps/intel/parallel_studio_xe_2018.4.057/compilers_and_libraries_2018/linux/tbb/lib/intel64/gcc4.7/ -L/apps/intel/parallel_studio_xe_2018.4.057/compilers_and_libraries_2018/linux/daal/lib/intel64_lin/ -L/apps/intel/parallel_studio_xe_2018.4.057/compilers_and_libraries_2018/linux/daal/../tbb/lib/intel64_lin/gcc4.4/ -L/usr/lib/gcc/x86_64-redhat-linux/4.8.5/../../../ -L/lib64 -L/lib/ -L/usr/lib64 -L/usr/lib CMakeFiles/cmTryCompileExec1164966808.dir/CMakeFortranCompilerABI.F.o -Bdynamic -Bstatic -lifport -lifcoremt -limf -lsvml -Bdynamic -lm -Bstatic -lipgo -lirc -Bdynamic -lpthread -Bstatic -lsvml -Bdynamic -lc -lgcc -lgcc_s -Bstatic -lirc_s -Bdynamic -ldl -lc /usr/lib/gcc/x86_64-redhat-linux/4.8.5/crtend.o /usr/lib/gcc/x86_64-redhat-linux/4.8.5/../../../../lib64/crtn.o]
    arg [ld] ==> ignore
    arg [/usr/lib/gcc/x86_64-redhat-linux/4.8.5/../../../../lib64/crt1.o] ==> ignore
    arg [/usr/lib/gcc/x86_64-redhat-linux/4.8.5/../../../../lib64/crti.o] ==> ignore
    arg [/usr/lib/gcc/x86_64-redhat-linux/4.8.5/crtbegin.o] ==> ignore
    arg [--eh-frame-hdr] ==> ignore
    arg [--build-id] ==> ignore
    arg [-dynamic-linker] ==> ignore
    arg [/lib64/ld-linux-x86-64.so.2] ==> ignore
    arg [-m] ==> ignore
    arg [elf_x86_64] ==> ignore
    arg [-o] ==> ignore
    arg [cmTryCompileExec1164966808] ==> ignore
    arg [/apps/intel/compilers_and_libraries_2018.5.274/linux/compiler/lib/intel64_lin/for_main.o] ==> ignore
    arg [-L/apps/pnetcdf/1.6.1-intel15-impi5/lib] ==> dir [/apps/pnetcdf/1.6.1-intel15-impi5/lib]
    arg [-L/apps/intel/parallel_studio_xe_2018.4.057/compilers_and_libraries_2018/linux/compiler/lib/intel64_lin] ==> dir [/apps/intel/parallel_studio_xe_2018.4.057/compilers_and_libraries_2018/linux/compiler/lib/intel64_lin]
    arg [-L/apps/intel/parallel_studio_xe_2018.4.057/compilers_and_libraries_2018/linux/mkl/lib/intel64_lin] ==> dir [/apps/intel/parallel_studio_xe_2018.4.057/compilers_and_libraries_2018/linux/mkl/lib/intel64_lin]
    arg [-L/apps/intel/parallel_studio_xe_2018.4.057/compilers_and_libraries_2018/linux/tbb/lib/intel64/gcc4.7] ==> dir [/apps/intel/parallel_studio_xe_2018.4.057/compilers_and_libraries_2018/linux/tbb/lib/intel64/gcc4.7]
    arg [-L/apps/intel/parallel_studio_xe_2018.4.057/compilers_and_libraries_2018/linux/daal/lib/intel64_lin] ==> dir [/apps/intel/parallel_studio_xe_2018.4.057/compilers_and_libraries_2018/linux/daal/lib/intel64_lin]
    arg [-L/apps/intel/parallel_studio_xe_2018.4.057/compilers_and_libraries_2018/linux/daal/../tbb/lib/intel64_lin/gcc4.4] ==> dir [/apps/intel/parallel_studio_xe_2018.4.057/compilers_and_libraries_2018/linux/daal/../tbb/lib/intel64_lin/gcc4.4]
    arg [-L/apps/intel/compilers_and_libraries_2018.5.274/linux/compiler/lib/intel64_lin] ==> dir [/apps/intel/compilers_and_libraries_2018.5.274/linux/compiler/lib/intel64_lin]
    arg [-L/usr/lib/gcc/x86_64-redhat-linux/4.8.5/] ==> dir [/usr/lib/gcc/x86_64-redhat-linux/4.8.5/]
    arg [-L/usr/lib/gcc/x86_64-redhat-linux/4.8.5/../../../../lib64] ==> dir [/usr/lib/gcc/x86_64-redhat-linux/4.8.5/../../../../lib64]
    arg [-L/usr/lib/gcc/x86_64-redhat-linux/4.8.5/../../../../lib64/] ==> dir [/usr/lib/gcc/x86_64-redhat-linux/4.8.5/../../../../lib64/]
    arg [-L/lib/../lib64] ==> dir [/lib/../lib64]
    arg [-L/lib/../lib64/] ==> dir [/lib/../lib64/]
    arg [-L/usr/lib/../lib64] ==> dir [/usr/lib/../lib64]
    arg [-L/usr/lib/../lib64/] ==> dir [/usr/lib/../lib64/]
    arg [-L/apps/pnetcdf/1.6.1-intel15-impi5/lib/] ==> dir [/apps/pnetcdf/1.6.1-intel15-impi5/lib/]
    arg [-L/apps/intel/parallel_studio_xe_2018.4.057/compilers_and_libraries_2018/linux/compiler/lib/intel64_lin/] ==> dir [/apps/intel/parallel_studio_xe_2018.4.057/compilers_and_libraries_2018/linux/compiler/lib/intel64_lin/]
    arg [-L/apps/intel/parallel_studio_xe_2018.4.057/compilers_and_libraries_2018/linux/mkl/lib/intel64_lin/] ==> dir [/apps/intel/parallel_studio_xe_2018.4.057/compilers_and_libraries_2018/linux/mkl/lib/intel64_lin/]
    arg [-L/apps/intel/parallel_studio_xe_2018.4.057/compilers_and_libraries_2018/linux/tbb/lib/intel64/gcc4.7/] ==> dir [/apps/intel/parallel_studio_xe_2018.4.057/compilers_and_libraries_2018/linux/tbb/lib/intel64/gcc4.7/]
    arg [-L/apps/intel/parallel_studio_xe_2018.4.057/compilers_and_libraries_2018/linux/daal/lib/intel64_lin/] ==> dir [/apps/intel/parallel_studio_xe_2018.4.057/compilers_and_libraries_2018/linux/daal/lib/intel64_lin/]
    arg [-L/apps/intel/parallel_studio_xe_2018.4.057/compilers_and_libraries_2018/linux/daal/../tbb/lib/intel64_lin/gcc4.4/] ==> dir [/apps/intel/parallel_studio_xe_2018.4.057/compilers_and_libraries_2018/linux/daal/../tbb/lib/intel64_lin/gcc4.4/]
    arg [-L/usr/lib/gcc/x86_64-redhat-linux/4.8.5/../../../] ==> dir [/usr/lib/gcc/x86_64-redhat-linux/4.8.5/../../../]
    arg [-L/lib64] ==> dir [/lib64]
    arg [-L/lib/] ==> dir [/lib/]
    arg [-L/usr/lib64] ==> dir [/usr/lib64]
    arg [-L/usr/lib] ==> dir [/usr/lib]
    arg [CMakeFiles/cmTryCompileExec1164966808.dir/CMakeFortranCompilerABI.F.o] ==> ignore
    arg [-Bdynamic] ==> ignore
    arg [-Bstatic] ==> ignore
    arg [-lifport] ==> lib [ifport]
    arg [-lifcoremt] ==> lib [ifcoremt]
    arg [-limf] ==> lib [imf]
    arg [-lsvml] ==> lib [svml]
    arg [-Bdynamic] ==> ignore
    arg [-lm] ==> lib [m]
    arg [-Bstatic] ==> ignore
    arg [-lipgo] ==> lib [ipgo]
    arg [-lirc] ==> lib [irc]
    arg [-Bdynamic] ==> ignore
    arg [-lpthread] ==> lib [pthread]
    arg [-Bstatic] ==> ignore
    arg [-lsvml] ==> lib [svml]
    arg [-Bdynamic] ==> ignore
    arg [-lc] ==> lib [c]
    arg [-lgcc] ==> lib [gcc]
    arg [-lgcc_s] ==> lib [gcc_s]
    arg [-Bstatic] ==> ignore
    arg [-lirc_s] ==> lib [irc_s]
    arg [-Bdynamic] ==> ignore
    arg [-ldl] ==> lib [dl]
    arg [-lc] ==> lib [c]
    arg [/usr/lib/gcc/x86_64-redhat-linux/4.8.5/crtend.o] ==> ignore
    arg [/usr/lib/gcc/x86_64-redhat-linux/4.8.5/../../../../lib64/crtn.o] ==> ignore
  remove lib [gcc]
  remove lib [gcc_s]
  collapse library dir [/apps/pnetcdf/1.6.1-intel15-impi5/lib] ==> [/apps/pnetcdf/1.6.1-intel15-impi5/lib]
  collapse library dir [/apps/intel/parallel_studio_xe_2018.4.057/compilers_and_libraries_2018/linux/compiler/lib/intel64_lin] ==> [/apps/intel/parallel_studio_xe_2018.4.057/compilers_and_libraries_2018/linux/compiler/lib/intel64_lin]
  collapse library dir [/apps/intel/parallel_studio_xe_2018.4.057/compilers_and_libraries_2018/linux/mkl/lib/intel64_lin] ==> [/apps/intel/parallel_studio_xe_2018.4.057/compilers_and_libraries_2018/linux/mkl/lib/intel64_lin]
  collapse library dir [/apps/intel/parallel_studio_xe_2018.4.057/compilers_and_libraries_2018/linux/tbb/lib/intel64/gcc4.7] ==> [/apps/intel/parallel_studio_xe_2018.4.057/compilers_and_libraries_2018/linux/tbb/lib/intel64/gcc4.7]
  collapse library dir [/apps/intel/parallel_studio_xe_2018.4.057/compilers_and_libraries_2018/linux/daal/lib/intel64_lin] ==> [/apps/intel/parallel_studio_xe_2018.4.057/compilers_and_libraries_2018/linux/daal/lib/intel64_lin]
  collapse library dir [/apps/intel/parallel_studio_xe_2018.4.057/compilers_and_libraries_2018/linux/daal/../tbb/lib/intel64_lin/gcc4.4] ==> [/apps/intel/parallel_studio_xe_2018.4.057/compilers_and_libraries_2018/linux/tbb/lib/intel64_lin/gcc4.4]
  collapse library dir [/apps/intel/compilers_and_libraries_2018.5.274/linux/compiler/lib/intel64_lin] ==> [/apps/intel/compilers_and_libraries_2018.5.274/linux/compiler/lib/intel64_lin]
  collapse library dir [/usr/lib/gcc/x86_64-redhat-linux/4.8.5/] ==> [/usr/lib/gcc/x86_64-redhat-linux/4.8.5]
  collapse library dir [/usr/lib/gcc/x86_64-redhat-linux/4.8.5/../../../../lib64] ==> [/usr/lib64]
  collapse library dir [/usr/lib/gcc/x86_64-redhat-linux/4.8.5/../../../../lib64/] ==> [/usr/lib64]
  collapse library dir [/lib/../lib64] ==> [/lib64]
  collapse library dir [/lib/../lib64/] ==> [/lib64]
  collapse library dir [/usr/lib/../lib64] ==> [/usr/lib64]
  collapse library dir [/usr/lib/../lib64/] ==> [/usr/lib64]
  collapse library dir [/apps/pnetcdf/1.6.1-intel15-impi5/lib/] ==> [/apps/pnetcdf/1.6.1-intel15-impi5/lib]
  collapse library dir [/apps/intel/parallel_studio_xe_2018.4.057/compilers_and_libraries_2018/linux/compiler/lib/intel64_lin/] ==> [/apps/intel/parallel_studio_xe_2018.4.057/compilers_and_libraries_2018/linux/compiler/lib/intel64_lin]
  collapse library dir [/apps/intel/parallel_studio_xe_2018.4.057/compilers_and_libraries_2018/linux/mkl/lib/intel64_lin/] ==> [/apps/intel/parallel_studio_xe_2018.4.057/compilers_and_libraries_2018/linux/mkl/lib/intel64_lin]
  collapse library dir [/apps/intel/parallel_studio_xe_2018.4.057/compilers_and_libraries_2018/linux/tbb/lib/intel64/gcc4.7/] ==> [/apps/intel/parallel_studio_xe_2018.4.057/compilers_and_libraries_2018/linux/tbb/lib/intel64/gcc4.7]
  collapse library dir [/apps/intel/parallel_studio_xe_2018.4.057/compilers_and_libraries_2018/linux/daal/lib/intel64_lin/] ==> [/apps/intel/parallel_studio_xe_2018.4.057/compilers_and_libraries_2018/linux/daal/lib/intel64_lin]
  collapse library dir [/apps/intel/parallel_studio_xe_2018.4.057/compilers_and_libraries_2018/linux/daal/../tbb/lib/intel64_lin/gcc4.4/] ==> [/apps/intel/parallel_studio_xe_2018.4.057/compilers_and_libraries_2018/linux/tbb/lib/intel64_lin/gcc4.4]
  collapse library dir [/usr/lib/gcc/x86_64-redhat-linux/4.8.5/../../../] ==> [/usr/lib]
  collapse library dir [/lib64] ==> [/lib64]
  collapse library dir [/lib/] ==> [/lib]
  collapse library dir [/usr/lib64] ==> [/usr/lib64]
  collapse library dir [/usr/lib] ==> [/usr/lib]
  implicit libs: [ifport;ifcoremt;imf;svml;m;ipgo;irc;pthread;svml;c;irc_s;dl;c]
  implicit dirs: [/apps/pnetcdf/1.6.1-intel15-impi5/lib;/apps/intel/parallel_studio_xe_2018.4.057/compilers_and_libraries_2018/linux/compiler/lib/intel64_lin;/apps/intel/parallel_studio_xe_2018.4.057/compilers_and_libraries_2018/linux/mkl/lib/intel64_lin;/apps/intel/parallel_studio_xe_2018.4.057/compilers_and_libraries_2018/linux/tbb/lib/intel64/gcc4.7;/apps/intel/parallel_studio_xe_2018.4.057/compilers_and_libraries_2018/linux/daal/lib/intel64_lin;/apps/intel/parallel_studio_xe_2018.4.057/compilers_and_libraries_2018/linux/tbb/lib/intel64_lin/gcc4.4;/apps/intel/compilers_and_libraries_2018.5.274/linux/compiler/lib/intel64_lin;/usr/lib/gcc/x86_64-redhat-linux/4.8.5;/usr/lib64;/lib64;/usr/lib;/lib]
  implicit fwks: []


Determining if the Fortran compiler supports Fortran 90 passed with the following output:
Change Dir: /lfs4/NAGAPE/hpc-wof1/ywang/EPIC2/oumap/GSI_WoF/build/CMakeFiles/CMakeTmp

Run Build Command:/bin/gmake "cmTryCompileExec504941239/fast"
/bin/gmake -f CMakeFiles/cmTryCompileExec504941239.dir/build.make CMakeFiles/cmTryCompileExec504941239.dir/build
gmake[1]: Entering directory `/mnt/lfs4/NAGAPE/hpc-wof1/ywang/EPIC2/oumap/GSI_WoF/build/CMakeFiles/CMakeTmp'
/usr/bin/cmake -E cmake_progress_report /lfs4/NAGAPE/hpc-wof1/ywang/EPIC2/oumap/GSI_WoF/build/CMakeFiles/CMakeTmp/CMakeFiles 1
Building Fortran object CMakeFiles/cmTryCompileExec504941239.dir/testFortranCompilerF90.f90.o
/apps/intel/parallel_studio_xe_2018.4.057/compilers_and_libraries_2018/linux/bin/intel64/ifort    -c /lfs4/NAGAPE/hpc-wof1/ywang/EPIC2/oumap/GSI_WoF/build/CMakeFiles/CMakeTmp/testFortranCompilerF90.f90 -o CMakeFiles/cmTryCompileExec504941239.dir/testFortranCompilerF90.f90.o
Linking Fortran executable cmTryCompileExec504941239
/usr/bin/cmake -E cmake_link_script CMakeFiles/cmTryCompileExec504941239.dir/link.txt --verbose=1
/apps/intel/parallel_studio_xe_2018.4.057/compilers_and_libraries_2018/linux/bin/intel64/ifort       CMakeFiles/cmTryCompileExec504941239.dir/testFortranCompilerF90.f90.o  -o cmTryCompileExec504941239 -i_dynamic 
ifort: command line remark #10148: option '-i_dynamic' not supported
gmake[1]: Leaving directory `/mnt/lfs4/NAGAPE/hpc-wof1/ywang/EPIC2/oumap/GSI_WoF/build/CMakeFiles/CMakeTmp'


Performing C SOURCE FILE Test OpenMP_FLAG_DETECTED succeded with the following output:
Change Dir: /lfs4/NAGAPE/hpc-wof1/ywang/EPIC2/oumap/GSI_WoF/build/CMakeFiles/CMakeTmp

Run Build Command:/bin/gmake "cmTryCompileExec3203909157/fast"
/bin/gmake -f CMakeFiles/cmTryCompileExec3203909157.dir/build.make CMakeFiles/cmTryCompileExec3203909157.dir/build
gmake[1]: Entering directory `/mnt/lfs4/NAGAPE/hpc-wof1/ywang/EPIC2/oumap/GSI_WoF/build/CMakeFiles/CMakeTmp'
/usr/bin/cmake -E cmake_progress_report /lfs4/NAGAPE/hpc-wof1/ywang/EPIC2/oumap/GSI_WoF/build/CMakeFiles/CMakeTmp/CMakeFiles 1
Building C object CMakeFiles/cmTryCompileExec3203909157.dir/src.c.o
/apps/intel/parallel_studio_xe_2018.4.057/compilers_and_libraries_2018/linux/bin/intel64/icc   -DOpenMP_FLAG_DETECTED -fopenmp   -o CMakeFiles/cmTryCompileExec3203909157.dir/src.c.o   -c /lfs4/NAGAPE/hpc-wof1/ywang/EPIC2/oumap/GSI_WoF/build/CMakeFiles/CMakeTmp/src.c
Linking C executable cmTryCompileExec3203909157
/usr/bin/cmake -E cmake_link_script CMakeFiles/cmTryCompileExec3203909157.dir/link.txt --verbose=1
/apps/intel/parallel_studio_xe_2018.4.057/compilers_and_libraries_2018/linux/bin/intel64/icc   -DOpenMP_FLAG_DETECTED -fopenmp    CMakeFiles/cmTryCompileExec3203909157.dir/src.c.o  -o cmTryCompileExec3203909157 -rdynamic 
gmake[1]: Leaving directory `/mnt/lfs4/NAGAPE/hpc-wof1/ywang/EPIC2/oumap/GSI_WoF/build/CMakeFiles/CMakeTmp'

Source file was:

#include <omp.h>
int main() {
#ifdef _OPENMP
  return 0;
#else
  breaks_on_purpose
#endif
}

Performing C++ SOURCE FILE Test OpenMP_FLAG_DETECTED succeded with the following output:
Change Dir: /lfs4/NAGAPE/hpc-wof1/ywang/EPIC2/oumap/GSI_WoF/build/CMakeFiles/CMakeTmp

Run Build Command:/bin/gmake "cmTryCompileExec1144539782/fast"
/bin/gmake -f CMakeFiles/cmTryCompileExec1144539782.dir/build.make CMakeFiles/cmTryCompileExec1144539782.dir/build
gmake[1]: Entering directory `/mnt/lfs4/NAGAPE/hpc-wof1/ywang/EPIC2/oumap/GSI_WoF/build/CMakeFiles/CMakeTmp'
/usr/bin/cmake -E cmake_progress_report /lfs4/NAGAPE/hpc-wof1/ywang/EPIC2/oumap/GSI_WoF/build/CMakeFiles/CMakeTmp/CMakeFiles 1
Building CXX object CMakeFiles/cmTryCompileExec1144539782.dir/src.cxx.o
/apps/intel/parallel_studio_xe_2018.4.057/compilers_and_libraries_2018/linux/bin/intel64/icpc    -DOpenMP_FLAG_DETECTED -fopenmp   -o CMakeFiles/cmTryCompileExec1144539782.dir/src.cxx.o -c /lfs4/NAGAPE/hpc-wof1/ywang/EPIC2/oumap/GSI_WoF/build/CMakeFiles/CMakeTmp/src.cxx
Linking CXX executable cmTryCompileExec1144539782
/usr/bin/cmake -E cmake_link_script CMakeFiles/cmTryCompileExec1144539782.dir/link.txt --verbose=1
/apps/intel/parallel_studio_xe_2018.4.057/compilers_and_libraries_2018/linux/bin/intel64/icpc    -DOpenMP_FLAG_DETECTED -fopenmp    CMakeFiles/cmTryCompileExec1144539782.dir/src.cxx.o  -o cmTryCompileExec1144539782 -rdynamic 
gmake[1]: Leaving directory `/mnt/lfs4/NAGAPE/hpc-wof1/ywang/EPIC2/oumap/GSI_WoF/build/CMakeFiles/CMakeTmp'

Source file was:

#include <omp.h>
int main() {
#ifdef _OPENMP
  return 0;
#else
  breaks_on_purpose
#endif
}

Determining if files pthread.h exist passed with the following output:
Change Dir: /lfs4/NAGAPE/hpc-wof1/ywang/EPIC2/oumap/GSI_WoF/build/CMakeFiles/CMakeTmp

Run Build Command:/bin/gmake "cmTryCompileExec4175411215/fast"
/bin/gmake -f CMakeFiles/cmTryCompileExec4175411215.dir/build.make CMakeFiles/cmTryCompileExec4175411215.dir/build
gmake[1]: Entering directory `/mnt/lfs4/NAGAPE/hpc-wof1/ywang/EPIC2/oumap/GSI_WoF/build/CMakeFiles/CMakeTmp'
/usr/bin/cmake -E cmake_progress_report /lfs4/NAGAPE/hpc-wof1/ywang/EPIC2/oumap/GSI_WoF/build/CMakeFiles/CMakeTmp/CMakeFiles 1
Building C object CMakeFiles/cmTryCompileExec4175411215.dir/CheckIncludeFiles.c.o
/apps/intel/parallel_studio_xe_2018.4.057/compilers_and_libraries_2018/linux/bin/intel64/icc    -o CMakeFiles/cmTryCompileExec4175411215.dir/CheckIncludeFiles.c.o   -c /lfs4/NAGAPE/hpc-wof1/ywang/EPIC2/oumap/GSI_WoF/build/CMakeFiles/CMakeTmp/CheckIncludeFiles.c
Linking C executable cmTryCompileExec4175411215
/usr/bin/cmake -E cmake_link_script CMakeFiles/cmTryCompileExec4175411215.dir/link.txt --verbose=1
/apps/intel/parallel_studio_xe_2018.4.057/compilers_and_libraries_2018/linux/bin/intel64/icc       CMakeFiles/cmTryCompileExec4175411215.dir/CheckIncludeFiles.c.o  -o cmTryCompileExec4175411215 -rdynamic 
gmake[1]: Leaving directory `/mnt/lfs4/NAGAPE/hpc-wof1/ywang/EPIC2/oumap/GSI_WoF/build/CMakeFiles/CMakeTmp'


Determining if the function pthread_create exists in the pthread passed with the following output:
Change Dir: /lfs4/NAGAPE/hpc-wof1/ywang/EPIC2/oumap/GSI_WoF/build/CMakeFiles/CMakeTmp

Run Build Command:/bin/gmake "cmTryCompileExec1292173314/fast"
/bin/gmake -f CMakeFiles/cmTryCompileExec1292173314.dir/build.make CMakeFiles/cmTryCompileExec1292173314.dir/build
gmake[1]: Entering directory `/mnt/lfs4/NAGAPE/hpc-wof1/ywang/EPIC2/oumap/GSI_WoF/build/CMakeFiles/CMakeTmp'
/usr/bin/cmake -E cmake_progress_report /lfs4/NAGAPE/hpc-wof1/ywang/EPIC2/oumap/GSI_WoF/build/CMakeFiles/CMakeTmp/CMakeFiles 1
Building C object CMakeFiles/cmTryCompileExec1292173314.dir/CheckFunctionExists.c.o
/apps/intel/parallel_studio_xe_2018.4.057/compilers_and_libraries_2018/linux/bin/intel64/icc   -DCHECK_FUNCTION_EXISTS=pthread_create   -o CMakeFiles/cmTryCompileExec1292173314.dir/CheckFunctionExists.c.o   -c /usr/share/cmake/Modules/CheckFunctionExists.c
Linking C executable cmTryCompileExec1292173314
/usr/bin/cmake -E cmake_link_script CMakeFiles/cmTryCompileExec1292173314.dir/link.txt --verbose=1
/apps/intel/parallel_studio_xe_2018.4.057/compilers_and_libraries_2018/linux/bin/intel64/icc   -DCHECK_FUNCTION_EXISTS=pthread_create    CMakeFiles/cmTryCompileExec1292173314.dir/CheckFunctionExists.c.o  -o cmTryCompileExec1292173314 -rdynamic -lpthread 
gmake[1]: Leaving directory `/mnt/lfs4/NAGAPE/hpc-wof1/ywang/EPIC2/oumap/GSI_WoF/build/CMakeFiles/CMakeTmp'


Determining if the Fortran sgemm exists passed with the following output:
Change Dir: /lfs4/NAGAPE/hpc-wof1/ywang/EPIC2/oumap/GSI_WoF/build/CMakeFiles/CMakeTmp

Run Build Command:/bin/gmake "cmTryCompileExec3817432818/fast"
/bin/gmake -f CMakeFiles/cmTryCompileExec3817432818.dir/build.make CMakeFiles/cmTryCompileExec3817432818.dir/build
gmake[1]: Entering directory `/mnt/lfs4/NAGAPE/hpc-wof1/ywang/EPIC2/oumap/GSI_WoF/build/CMakeFiles/CMakeTmp'
/usr/bin/cmake -E cmake_progress_report /lfs4/NAGAPE/hpc-wof1/ywang/EPIC2/oumap/GSI_WoF/build/CMakeFiles/CMakeTmp/CMakeFiles 1
Building Fortran object CMakeFiles/cmTryCompileExec3817432818.dir/testFortranCompiler.f.o
/apps/intel/parallel_studio_xe_2018.4.057/compilers_and_libraries_2018/linux/bin/intel64/ifort    -c /lfs4/NAGAPE/hpc-wof1/ywang/EPIC2/oumap/GSI_WoF/build/CMakeFiles/CMakeTmp/testFortranCompiler.f -o CMakeFiles/cmTryCompileExec3817432818.dir/testFortranCompiler.f.o
Linking Fortran executable cmTryCompileExec3817432818
/usr/bin/cmake -E cmake_link_script CMakeFiles/cmTryCompileExec3817432818.dir/link.txt --verbose=1
/apps/intel/parallel_studio_xe_2018.4.057/compilers_and_libraries_2018/linux/bin/intel64/ifort       CMakeFiles/cmTryCompileExec3817432818.dir/testFortranCompiler.f.o  -o cmTryCompileExec3817432818 -i_dynamic -lmkl_intel_lp64 -lmkl_intel_thread -lmkl_core /apps/intel/parallel_studio_xe_2018.4.057/compilers_and_libraries_2018/linux/compiler/lib/intel64/libiomp5.so -lpthread -lm -Wl,-rpath,/apps/intel/parallel_studio_xe_2018.4.057/compilers_and_libraries_2018/linux/compiler/lib/intel64 
ifort: command line remark #10148: option '-i_dynamic' not supported
gmake[1]: Leaving directory `/mnt/lfs4/NAGAPE/hpc-wof1/ywang/EPIC2/oumap/GSI_WoF/build/CMakeFiles/CMakeTmp'


Determining if the Fortran cheev exists passed with the following output:
Change Dir: /lfs4/NAGAPE/hpc-wof1/ywang/EPIC2/oumap/GSI_WoF/build/CMakeFiles/CMakeTmp

Run Build Command:/bin/gmake "cmTryCompileExec3542790999/fast"
/bin/gmake -f CMakeFiles/cmTryCompileExec3542790999.dir/build.make CMakeFiles/cmTryCompileExec3542790999.dir/build
gmake[1]: Entering directory `/mnt/lfs4/NAGAPE/hpc-wof1/ywang/EPIC2/oumap/GSI_WoF/build/CMakeFiles/CMakeTmp'
/usr/bin/cmake -E cmake_progress_report /lfs4/NAGAPE/hpc-wof1/ywang/EPIC2/oumap/GSI_WoF/build/CMakeFiles/CMakeTmp/CMakeFiles 1
Building Fortran object CMakeFiles/cmTryCompileExec3542790999.dir/testFortranCompiler.f.o
/apps/intel/parallel_studio_xe_2018.4.057/compilers_and_libraries_2018/linux/bin/intel64/ifort    -c /lfs4/NAGAPE/hpc-wof1/ywang/EPIC2/oumap/GSI_WoF/build/CMakeFiles/CMakeTmp/testFortranCompiler.f -o CMakeFiles/cmTryCompileExec3542790999.dir/testFortranCompiler.f.o
Linking Fortran executable cmTryCompileExec3542790999
/usr/bin/cmake -E cmake_link_script CMakeFiles/cmTryCompileExec3542790999.dir/link.txt --verbose=1
/apps/intel/parallel_studio_xe_2018.4.057/compilers_and_libraries_2018/linux/bin/intel64/ifort       CMakeFiles/cmTryCompileExec3542790999.dir/testFortranCompiler.f.o  -o cmTryCompileExec3542790999 -i_dynamic -lmkl_gf_lp64 -lmkl_intel_lp64 -lmkl_intel_thread -lmkl_core /apps/intel/parallel_studio_xe_2018.4.057/compilers_and_libraries_2018/linux/compiler/lib/intel64/libiomp5.so -lpthread -lm -Wl,-rpath,/apps/intel/parallel_studio_xe_2018.4.057/compilers_and_libraries_2018/linux/compiler/lib/intel64 
ifort: command line remark #10148: option '-i_dynamic' not supported
gmake[1]: Leaving directory `/mnt/lfs4/NAGAPE/hpc-wof1/ywang/EPIC2/oumap/GSI_WoF/build/CMakeFiles/CMakeTmp'


